#
# There is insufficient memory for the Java Runtime Environment to continue.
# Native memory allocation (mmap) failed to map 105381888 bytes for committing reserved memory.
# Possible reasons:
#   The system is out of physical RAM or swap space
#   The process is running with CompressedOops enabled, and the Java Heap may be blocking the growth of the native heap
# Possible solutions:
#   Reduce memory load on the system
#   Increase physical memory or swap space
#   Check if swap backing store is full
#   Decrease Java heap size (-Xmx/-Xms)
#   Decrease number of Java threads
#   Decrease Java thread stack sizes (-Xss)
#   Set larger code cache with -XX:ReservedCodeCacheSize=
#   JVM is running with Unscaled Compressed Oops mode in which the Java heap is
#     placed in the first 4GB address space. The Java Heap base address is the
#     maximum limit for the native heap growth. Please use -XX:HeapBaseMinAddress
#     to set the Java Heap base and to place the Java Heap above 4GB virtual address.
# This output file may be truncated or incomplete.
#
#  Out of Memory Error (os_linux.cpp:2756), pid=25537, tid=0x00007fe06c901700
#
# JRE version: OpenJDK Runtime Environment (8.0_212-b03) (build 1.8.0_212-8u212-b03-0ubuntu1.18.10.1-b03)
# Java VM: OpenJDK 64-Bit Server VM (25.212-b03 mixed mode linux-amd64 compressed oops)
# Failed to write core dump. Core dumps have been disabled. To enable core dumping, try "ulimit -c unlimited" before starting Java again
#

---------------  T H R E A D  ---------------

Current thread (0x00007fe06401d000):  JavaThread "LocalJobRunner Map Task Executor #0" [_thread_in_vm, id=25850, stack(0x00007fe06c801000,0x00007fe06c902000)]

Stack: [0x00007fe06c801000,0x00007fe06c902000],  sp=0x00007fe06c8ffef0,  free space=1019k
Native frames: (J=compiled Java code, j=interpreted, Vv=VM code, C=native code)
V  [libjvm.so+0xa19db5]
V  [libjvm.so+0x4b12d7]
V  [libjvm.so+0x87ff28]
V  [libjvm.so+0x87764e]
V  [libjvm.so+0x8ef4ae]
V  [libjvm.so+0x8deb45]
V  [libjvm.so+0x8dec80]
V  [libjvm.so+0x8dee91]
V  [libjvm.so+0x8a0b5b]
V  [libjvm.so+0x9dc8b6]
V  [libjvm.so+0x62b2d6]
j  org.apache.hadoop.mapred.MapTask$MapOutputBuffer.init(Lorg/apache/hadoop/mapred/MapOutputCollector$Context;)V+245
j  org.apache.hadoop.mapred.MapTask.createSortingCollector(Lorg/apache/hadoop/mapred/JobConf;Lorg/apache/hadoop/mapred/Task$TaskReporter;)Lorg/apache/hadoop/mapred/MapOutputCollector;+162
j  org.apache.hadoop.mapred.MapTask.access$100(Lorg/apache/hadoop/mapred/MapTask;Lorg/apache/hadoop/mapred/JobConf;Lorg/apache/hadoop/mapred/Task$TaskReporter;)Lorg/apache/hadoop/mapred/MapOutputCollector;+3
j  org.apache.hadoop.mapred.MapTask$NewOutputCollector.<init>(Lorg/apache/hadoop/mapred/MapTask;Lorg/apache/hadoop/mapreduce/JobContext;Lorg/apache/hadoop/mapred/JobConf;Lorg/apache/hadoop/mapred/TaskUmbilicalProtocol;Lorg/apache/hadoop/mapred/Task$TaskReporter;)V+14
j  org.apache.hadoop.mapred.MapTask.runNewMapper(Lorg/apache/hadoop/mapred/JobConf;Lorg/apache/hadoop/mapreduce/split/JobSplit$TaskSplitIndex;Lorg/apache/hadoop/mapred/TaskUmbilicalProtocol;Lorg/apache/hadoop/mapred/Task$TaskReporter;)V+170
j  org.apache.hadoop.mapred.MapTask.run(Lorg/apache/hadoop/mapred/JobConf;Lorg/apache/hadoop/mapred/TaskUmbilicalProtocol;)V+148
j  org.apache.hadoop.mapred.LocalJobRunner$Job$MapTaskRunnable.run()V+223
j  java.util.concurrent.Executors$RunnableAdapter.call()Ljava/lang/Object;+4
j  java.util.concurrent.FutureTask.run()V+42
j  java.util.concurrent.ThreadPoolExecutor.runWorker(Ljava/util/concurrent/ThreadPoolExecutor$Worker;)V+95
j  java.util.concurrent.ThreadPoolExecutor$Worker.run()V+5
j  java.lang.Thread.run()V+11
v  ~StubRoutines::call_stub
V  [libjvm.so+0x63e43f]
V  [libjvm.so+0x63bc3f]
V  [libjvm.so+0x63c1f3]
V  [libjvm.so+0x67fcfb]
V  [libjvm.so+0x9c75fc]
V  [libjvm.so+0x9c79e8]
V  [libjvm.so+0x87d3b2]
C  [libpthread.so.0+0x8164]  start_thread+0xe4

Java frames: (J=compiled Java code, j=interpreted, Vv=VM code)
j  org.apache.hadoop.mapred.MapTask$MapOutputBuffer.init(Lorg/apache/hadoop/mapred/MapOutputCollector$Context;)V+245
j  org.apache.hadoop.mapred.MapTask.createSortingCollector(Lorg/apache/hadoop/mapred/JobConf;Lorg/apache/hadoop/mapred/Task$TaskReporter;)Lorg/apache/hadoop/mapred/MapOutputCollector;+162
j  org.apache.hadoop.mapred.MapTask.access$100(Lorg/apache/hadoop/mapred/MapTask;Lorg/apache/hadoop/mapred/JobConf;Lorg/apache/hadoop/mapred/Task$TaskReporter;)Lorg/apache/hadoop/mapred/MapOutputCollector;+3
j  org.apache.hadoop.mapred.MapTask$NewOutputCollector.<init>(Lorg/apache/hadoop/mapred/MapTask;Lorg/apache/hadoop/mapreduce/JobContext;Lorg/apache/hadoop/mapred/JobConf;Lorg/apache/hadoop/mapred/TaskUmbilicalProtocol;Lorg/apache/hadoop/mapred/Task$TaskReporter;)V+14
j  org.apache.hadoop.mapred.MapTask.runNewMapper(Lorg/apache/hadoop/mapred/JobConf;Lorg/apache/hadoop/mapreduce/split/JobSplit$TaskSplitIndex;Lorg/apache/hadoop/mapred/TaskUmbilicalProtocol;Lorg/apache/hadoop/mapred/Task$TaskReporter;)V+170
j  org.apache.hadoop.mapred.MapTask.run(Lorg/apache/hadoop/mapred/JobConf;Lorg/apache/hadoop/mapred/TaskUmbilicalProtocol;)V+148
j  org.apache.hadoop.mapred.LocalJobRunner$Job$MapTaskRunnable.run()V+223
j  java.util.concurrent.Executors$RunnableAdapter.call()Ljava/lang/Object;+4
j  java.util.concurrent.FutureTask.run()V+42
j  java.util.concurrent.ThreadPoolExecutor.runWorker(Ljava/util/concurrent/ThreadPoolExecutor$Worker;)V+95
j  java.util.concurrent.ThreadPoolExecutor$Worker.run()V+5
j  java.lang.Thread.run()V+11
v  ~StubRoutines::call_stub

---------------  P R O C E S S  ---------------

Java Threads: ( => current thread )
  0x00007fe058065800 JavaThread "communication thread" daemon [_thread_blocked, id=25851, stack(0x00007fe06c3b9000,0x00007fe06c4ba000)]
=>0x00007fe06401d000 JavaThread "LocalJobRunner Map Task Executor #0" [_thread_in_vm, id=25850, stack(0x00007fe06c801000,0x00007fe06c902000)]
  0x00007fe0ac930000 JavaThread "Thread-154" [_thread_blocked, id=25849, stack(0x00007fe06c2b8000,0x00007fe06c3b9000)]
  0x00007fe05800b000 JavaThread "communication thread" daemon [_thread_blocked, id=25763, stack(0x00007fe05fbfc000,0x00007fe05fcfd000)]
  0x00007fe0ac835000 JavaThread "org.apache.hadoop.fs.FileSystem$Statistics$StatisticsDataReferenceCleaner" daemon [_thread_blocked, id=25557, stack(0x00007fe06cd19000,0x00007fe06ce1a000)]
  0x00007fe0ac67d800 JavaThread "process reaper" daemon [_thread_blocked, id=25555, stack(0x00007fe06ce1a000,0x00007fe06ce53000)]
  0x00007fe0ac0be000 JavaThread "Service Thread" daemon [_thread_blocked, id=25551, stack(0x00007fe094317000,0x00007fe094418000)]
  0x00007fe0ac0bb000 JavaThread "C1 CompilerThread1" daemon [_thread_blocked, id=25550, stack(0x00007fe094419000,0x00007fe094519000)]
  0x00007fe0ac0b8000 JavaThread "C2 CompilerThread0" daemon [_thread_blocked, id=25549, stack(0x00007fe09451a000,0x00007fe09461a000)]
  0x00007fe0ac0b6800 JavaThread "Signal Dispatcher" daemon [_thread_blocked, id=25548, stack(0x00007fe09461a000,0x00007fe09471b000)]
  0x00007fe0ac083000 JavaThread "Finalizer" daemon [_thread_blocked, id=25547, stack(0x00007fe0954f6000,0x00007fe0955f7000)]
  0x00007fe0ac080800 JavaThread "Reference Handler" daemon [_thread_blocked, id=25546, stack(0x00007fe0955f7000,0x00007fe0956f8000)]
  0x00007fe0ac00e000 JavaThread "main" [_thread_blocked, id=25542, stack(0x00007fe0b0695000,0x00007fe0b0795000)]

Other Threads:
  0x00007fe0ac077000 VMThread [stack: 0x00007fe0956f9000,0x00007fe0957f9000] [id=25545]
  0x00007fe0ac0c0800 WatcherThread [stack: 0x00007fe094217000,0x00007fe094317000] [id=25552]

VM state:not at safepoint (normal execution)

VM Mutex/Monitor currently owned by a thread:  ([mutex/lock_event])
[0x00007fe0ac00ab20] ExpandHeap_lock - owner thread: 0x00007fe06401d000
[0x00007fe0ac00b6a0] Heap_lock - owner thread: 0x00007fe06401d000

heap address: 0x00000000c2a00000, size: 982 MB, Compressed Oops mode: 32-bit
Narrow klass base: 0x0000000000000000, Narrow klass shift: 3
Compressed class space size: 1073741824 Address: 0x0000000100000000

Heap:
 PSYoungGen      total 132608K, used 92381K [0x00000000eb900000, 0x00000000f4000000, 0x0000000100000000)
  eden space 126976K, 71% used [0x00000000eb900000,0x00000000f11b6958,0x00000000f3500000)
  from space 5632K, 27% used [0x00000000f3a80000,0x00000000f3c00c50,0x00000000f4000000)
  to   space 5632K, 0% used [0x00000000f3500000,0x00000000f3500000,0x00000000f3a80000)
 ParOldGen       total 454144K, used 418652K [0x00000000c2a00000, 0x00000000de580000, 0x00000000eb900000)
  object space 454144K, 92% used [0x00000000c2a00000,0x00000000dc2d73c0,0x00000000de580000)
 Metaspace       used 17324K, capacity 17528K, committed 17664K, reserved 1064960K
  class space    used 1976K, capacity 2044K, committed 2048K, reserved 1048576K

Card table byte_map: [0x00007fe0b0080000,0x00007fe0b026c000] byte_map_base: 0x00007fe0afa6b000

Marking Bits: (ParMarkBitMap*) 0x00007fe0b176f3a0
 Begin Bits: [0x00007fe096150000, 0x00007fe0970a8000)
 End Bits:   [0x00007fe0970a8000, 0x00007fe098000000)

Polling page: 0x00007fe0b1bc2000

CodeCache: size=245760Kb used=6580Kb max_used=6986Kb free=239179Kb
 bounds [0x00007fe09d000000, 0x00007fe09d6e0000, 0x00007fe0ac000000]
 total_blobs=2507 nmethods=2071 adapters=350
 compilation: enabled

Compilation events (10 events):
Event: 10,256 Thread 0x00007fe0ac0bb000 2373       1       java.lang.Character::charValue (5 bytes)
Event: 10,257 Thread 0x00007fe0ac0b8000 2366   !   4       org.apache.commons.logging.impl.Log4JLogger::getLogger (47 bytes)
Event: 10,281 Thread 0x00007fe0ac0bb000 nmethod 2373 0x00007fe09d1f9c10 code [0x00007fe09d1f9d60, 0x00007fe09d1f9e70]
Event: 10,306 Thread 0x00007fe0ac0b8000 nmethod 2366 0x00007fe09d420610 code [0x00007fe09d420760, 0x00007fe09d420a88]
Event: 10,307 Thread 0x00007fe0ac0b8000 2367       4       org.apache.log4j.Category::log (38 bytes)
Event: 10,320 Thread 0x00007fe0ac0b8000 nmethod 2367 0x00007fe09d421910 code [0x00007fe09d421aa0, 0x00007fe09d421fb8]
Event: 10,320 Thread 0x00007fe0ac0b8000 2365       4       org.apache.commons.logging.impl.Log4JLogger::debug (16 bytes)
Event: 10,331 Thread 0x00007fe0ac0b8000 nmethod 2365 0x00007fe09d2dda10 code [0x00007fe09d2ddbc0, 0x00007fe09d2de2c8]
Event: 10,402 Thread 0x00007fe0ac0b8000 2374   !   4       java.lang.StringCoding$StringEncoder::encode (179 bytes)
Event: 10,405 Thread 0x00007fe0ac0bb000 2375       3       java.util.IdentityHashMap::maskNull (12 bytes)

GC Heap History (10 events):
Event: 1,985 GC heap before
{Heap before GC invocations=4 (full 0):
 PSYoungGen      total 18432K, used 18409K [0x00000000eb900000, 0x00000000edd00000, 0x0000000100000000)
  eden space 15872K, 100% used [0x00000000eb900000,0x00000000ec880000,0x00000000ec880000)
  from space 2560K, 99% used [0x00000000ec880000,0x00000000ecafa718,0x00000000ecb00000)
  to   space 2560K, 0% used [0x00000000eda80000,0x00000000eda80000,0x00000000edd00000)
 ParOldGen       total 42496K, used 3479K [0x00000000c2a00000, 0x00000000c5380000, 0x00000000eb900000)
  object space 42496K, 8% used [0x00000000c2a00000,0x00000000c2d65f10,0x00000000c5380000)
 Metaspace       used 13843K, capacity 14052K, committed 14336K, reserved 1062912K
  class space    used 1621K, capacity 1680K, committed 1792K, reserved 1048576K
Event: 1,990 GC heap after
Heap after GC invocations=4 (full 0):
 PSYoungGen      total 34304K, used 2528K [0x00000000eb900000, 0x00000000edd00000, 0x0000000100000000)
  eden space 31744K, 0% used [0x00000000eb900000,0x00000000eb900000,0x00000000ed800000)
  from space 2560K, 98% used [0x00000000eda80000,0x00000000edcf8040,0x00000000edd00000)
  to   space 2560K, 0% used [0x00000000ed800000,0x00000000ed800000,0x00000000eda80000)
 ParOldGen       total 42496K, used 5371K [0x00000000c2a00000, 0x00000000c5380000, 0x00000000eb900000)
  object space 42496K, 12% used [0x00000000c2a00000,0x00000000c2f3ec40,0x00000000c5380000)
 Metaspace       used 13843K, capacity 14052K, committed 14336K, reserved 1062912K
  class space    used 1621K, capacity 1680K, committed 1792K, reserved 1048576K
}
Event: 2,199 GC heap before
{Heap before GC invocations=5 (full 0):
 PSYoungGen      total 34304K, used 34272K [0x00000000eb900000, 0x00000000edd00000, 0x0000000100000000)
  eden space 31744K, 100% used [0x00000000eb900000,0x00000000ed800000,0x00000000ed800000)
  from space 2560K, 98% used [0x00000000eda80000,0x00000000edcf8040,0x00000000edd00000)
  to   space 2560K, 0% used [0x00000000ed800000,0x00000000ed800000,0x00000000eda80000)
 ParOldGen       total 42496K, used 5371K [0x00000000c2a00000, 0x00000000c5380000, 0x00000000eb900000)
  object space 42496K, 12% used [0x00000000c2a00000,0x00000000c2f3ec40,0x00000000c5380000)
 Metaspace       used 15222K, capacity 15492K, committed 15744K, reserved 1062912K
  class space    used 1768K, capacity 1840K, committed 1920K, reserved 1048576K
Event: 2,207 GC heap after
Heap after GC invocations=5 (full 0):
 PSYoungGen      total 34304K, used 2528K [0x00000000eb900000, 0x00000000f0100000, 0x0000000100000000)
  eden space 31744K, 0% used [0x00000000eb900000,0x00000000eb900000,0x00000000ed800000)
  from space 2560K, 98% used [0x00000000ed800000,0x00000000eda78020,0x00000000eda80000)
  to   space 5120K, 0% used [0x00000000efc00000,0x00000000efc00000,0x00000000f0100000)
 ParOldGen       total 42496K, used 7008K [0x00000000c2a00000, 0x00000000c5380000, 0x00000000eb900000)
  object space 42496K, 16% used [0x00000000c2a00000,0x00000000c30d8290,0x00000000c5380000)
 Metaspace       used 15222K, capacity 15492K, committed 15744K, reserved 1062912K
  class space    used 1768K, capacity 1840K, committed 1920K, reserved 1048576K
}
Event: 3,231 GC heap before
{Heap before GC invocations=6 (full 0):
 PSYoungGen      total 34304K, used 34272K [0x00000000eb900000, 0x00000000f0100000, 0x0000000100000000)
  eden space 31744K, 100% used [0x00000000eb900000,0x00000000ed800000,0x00000000ed800000)
  from space 2560K, 98% used [0x00000000ed800000,0x00000000eda78020,0x00000000eda80000)
  to   space 5120K, 0% used [0x00000000efc00000,0x00000000efc00000,0x00000000f0100000)
 ParOldGen       total 145408K, used 109408K [0x00000000c2a00000, 0x00000000cb800000, 0x00000000eb900000)
  object space 145408K, 75% used [0x00000000c2a00000,0x00000000c94d82a0,0x00000000cb800000)
 Metaspace       used 16919K, capacity 17176K, committed 17408K, reserved 1064960K
  class space    used 1973K, capacity 2038K, committed 2048K, reserved 1048576K
Event: 3,236 GC heap after
Heap after GC invocations=6 (full 0):
 PSYoungGen      total 68608K, used 4197K [0x00000000eb900000, 0x00000000f0100000, 0x0000000100000000)
  eden space 63488K, 0% used [0x00000000eb900000,0x00000000eb900000,0x00000000ef700000)
  from space 5120K, 81% used [0x00000000efc00000,0x00000000f0019410,0x00000000f0100000)
  to   space 5120K, 0% used [0x00000000ef700000,0x00000000ef700000,0x00000000efc00000)
 ParOldGen       total 145408K, used 109416K [0x00000000c2a00000, 0x00000000cb800000, 0x00000000eb900000)
  object space 145408K, 75% used [0x00000000c2a00000,0x00000000c94da2a0,0x00000000cb800000)
 Metaspace       used 16919K, capacity 17176K, committed 17408K, reserved 1064960K
  class space    used 1973K, capacity 2038K, committed 2048K, reserved 1048576K
}
Event: 4,512 GC heap before
{Heap before GC invocations=7 (full 0):
 PSYoungGen      total 68608K, used 67685K [0x00000000eb900000, 0x00000000f0100000, 0x0000000100000000)
  eden space 63488K, 100% used [0x00000000eb900000,0x00000000ef700000,0x00000000ef700000)
  from space 5120K, 81% used [0x00000000efc00000,0x00000000f0019410,0x00000000f0100000)
  to   space 5120K, 0% used [0x00000000ef700000,0x00000000ef700000,0x00000000efc00000)
 ParOldGen       total 248320K, used 211816K [0x00000000c2a00000, 0x00000000d1c80000, 0x00000000eb900000)
  object space 248320K, 85% used [0x00000000c2a00000,0x00000000cf8da2b0,0x00000000d1c80000)
 Metaspace       used 17078K, capacity 17312K, committed 17408K, reserved 1064960K
  class space    used 1974K, capacity 2040K, committed 2048K, reserved 1048576K
Event: 4,516 GC heap after
Heap after GC invocations=7 (full 0):
 PSYoungGen      total 68608K, used 2468K [0x00000000eb900000, 0x00000000f4000000, 0x0000000100000000)
  eden space 63488K, 0% used [0x00000000eb900000,0x00000000eb900000,0x00000000ef700000)
  from space 5120K, 48% used [0x00000000ef700000,0x00000000ef969308,0x00000000efc00000)
  to   space 5632K, 0% used [0x00000000f3a80000,0x00000000f3a80000,0x00000000f4000000)
 ParOldGen       total 248320K, used 213002K [0x00000000c2a00000, 0x00000000d1c80000, 0x00000000eb900000)
  object space 248320K, 85% used [0x00000000c2a00000,0x00000000cfa02918,0x00000000d1c80000)
 Metaspace       used 17078K, capacity 17312K, committed 17408K, reserved 1064960K
  class space    used 1974K, capacity 2040K, committed 2048K, reserved 1048576K
}
Event: 6,773 GC heap before
{Heap before GC invocations=8 (full 0):
 PSYoungGen      total 68608K, used 65956K [0x00000000eb900000, 0x00000000f4000000, 0x0000000100000000)
  eden space 63488K, 100% used [0x00000000eb900000,0x00000000ef700000,0x00000000ef700000)
  from space 5120K, 48% used [0x00000000ef700000,0x00000000ef969308,0x00000000efc00000)
  to   space 5632K, 0% used [0x00000000f3a80000,0x00000000f3a80000,0x00000000f4000000)
 ParOldGen       total 454144K, used 417802K [0x00000000c2a00000, 0x00000000de580000, 0x00000000eb900000)
  object space 454144K, 91% used [0x00000000c2a00000,0x00000000dc202938,0x00000000de580000)
 Metaspace       used 17227K, capacity 17458K, committed 17664K, reserved 1064960K
  class space    used 1976K, capacity 2043K, committed 2048K, reserved 1048576K
Event: 6,802 GC heap after
Heap after GC invocations=8 (full 0):
 PSYoungGen      total 132608K, used 1539K [0x00000000eb900000, 0x00000000f4000000, 0x0000000100000000)
  eden space 126976K, 0% used [0x00000000eb900000,0x00000000eb900000,0x00000000f3500000)
  from space 5632K, 27% used [0x00000000f3a80000,0x00000000f3c00c50,0x00000000f4000000)
  to   space 5632K, 0% used [0x00000000f3500000,0x00000000f3500000,0x00000000f3a80000)
 ParOldGen       total 454144K, used 418652K [0x00000000c2a00000, 0x00000000de580000, 0x00000000eb900000)
  object space 454144K, 92% used [0x00000000c2a00000,0x00000000dc2d73c0,0x00000000de580000)
 Metaspace       used 17227K, capacity 17458K, committed 17664K, reserved 1064960K
  class space    used 1976K, capacity 2043K, committed 2048K, reserved 1048576K
}

Deoptimization events (10 events):
Event: 1,968 Thread 0x00007fe0ac00e000 Uncommon trap: reason=unstable_if action=reinterpret pc=0x00007fe09d3cc74c method=java.util.regex.Pattern$BmpCharProperty.match(Ljava/util/regex/Matcher;ILjava/lang/CharSequence;)Z @ 5
Event: 2,011 Thread 0x00007fe0ac00e000 Uncommon trap: reason=unstable_if action=reinterpret pc=0x00007fe09d245f30 method=sun.net.www.ParseUtil.encodePath(Ljava/lang/String;Z)Ljava/lang/String; @ 109
Event: 2,108 Thread 0x00007fe0ac00e000 Uncommon trap: reason=unstable_if action=reinterpret pc=0x00007fe09d4859f0 method=org.apache.xerces.dom.DeferredDocumentImpl.clearChunkIndex([[III)I @ 47
Event: 2,109 Thread 0x00007fe0ac00e000 Uncommon trap: reason=unstable_if action=reinterpret pc=0x00007fe09d2c0e0c method=org.apache.xerces.dom.DeferredDocumentImpl.clearChunkIndex([[III)I @ 47
Event: 4,318 Thread 0x00007fe0ac00e000 Uncommon trap: reason=predicate action=maybe_recompile pc=0x00007fe09d626890 method=java.util.LinkedList.toArray([Ljava/lang/Object;)[Ljava/lang/Object; @ 45
Event: 4,320 Thread 0x00007fe0ac00e000 Uncommon trap: reason=array_check action=maybe_recompile pc=0x00007fe09d636acc method=java.util.LinkedList.toArray([Ljava/lang/Object;)[Ljava/lang/Object; @ 55
Event: 4,320 Thread 0x00007fe0ac00e000 Uncommon trap: reason=array_check action=maybe_recompile pc=0x00007fe09d636acc method=java.util.LinkedList.toArray([Ljava/lang/Object;)[Ljava/lang/Object; @ 55
Event: 4,320 Thread 0x00007fe0ac00e000 Uncommon trap: reason=array_check action=maybe_recompile pc=0x00007fe09d636acc method=java.util.LinkedList.toArray([Ljava/lang/Object;)[Ljava/lang/Object; @ 55
Event: 4,320 Thread 0x00007fe0ac00e000 Uncommon trap: reason=array_check action=maybe_recompile pc=0x00007fe09d636acc method=java.util.LinkedList.toArray([Ljava/lang/Object;)[Ljava/lang/Object; @ 55
Event: 5,692 Thread 0x00007fe0ac00e000 Uncommon trap: reason=unstable_if action=reinterpret pc=0x00007fe09d66d800 method=org.apache.hadoop.conf.Configuration.loadProperty(Ljava/util/Properties;Ljava/lang/String;Ljava/lang/String;Ljava/lang/String;Z[Ljava/lang/String;)V @ 22

Classes redefined (0 events):
No events

Internal exceptions (10 events):
Event: 3,377 Thread 0x00007fe058061000 Exception <a 'java/lang/InterruptedException': sleep interrupted> (0x00000000ed6c2d90) thrown at [/build/openjdk-8-gyaYyR/openjdk-8-8u212-b03/src/hotspot/src/share/vm/prims/jvm.cpp, line 3336]
Event: 3,379 Thread 0x00007fe05805f800 Exception <a 'java/lang/InterruptedException'> (0x00000000ed7ffba0) thrown at [/build/openjdk-8-gyaYyR/openjdk-8-8u212-b03/src/hotspot/src/share/vm/runtime/objectMonitor.cpp, line 1684]
Event: 3,390 Thread 0x00007fe058060800 Exception <a 'java/lang/InterruptedException'> (0x00000000ed9a70d8) thrown at [/build/openjdk-8-gyaYyR/openjdk-8-8u212-b03/src/hotspot/src/share/vm/runtime/objectMonitor.cpp, line 1684]
Event: 4,635 Thread 0x00007fe078434000 Exception <a 'java/lang/InterruptedException': sleep interrupted> (0x00000000ec6cf370) thrown at [/build/openjdk-8-gyaYyR/openjdk-8-8u212-b03/src/hotspot/src/share/vm/prims/jvm.cpp, line 3336]
Event: 4,636 Thread 0x00007fe078432800 Exception <a 'java/lang/InterruptedException'> (0x00000000ec80c180) thrown at [/build/openjdk-8-gyaYyR/openjdk-8-8u212-b03/src/hotspot/src/share/vm/runtime/objectMonitor.cpp, line 1684]
Event: 4,637 Thread 0x00007fe078433800 Exception <a 'java/lang/InterruptedException'> (0x00000000ec875ea0) thrown at [/build/openjdk-8-gyaYyR/openjdk-8-8u212-b03/src/hotspot/src/share/vm/runtime/objectMonitor.cpp, line 1684]
Event: 5,850 Thread 0x00007fe06401d000 Exception <a 'java/lang/ArrayIndexOutOfBoundsException'> (0x00000000ef201a10) thrown at [/build/openjdk-8-gyaYyR/openjdk-8-8u212-b03/src/hotspot/src/share/vm/runtime/sharedRuntime.cpp, line 605]
Event: 7,529 Thread 0x00007fe058062800 Exception <a 'java/lang/InterruptedException': sleep interrupted> (0x00000000ee078618) thrown at [/build/openjdk-8-gyaYyR/openjdk-8-8u212-b03/src/hotspot/src/share/vm/prims/jvm.cpp, line 3336]
Event: 7,582 Thread 0x00007fe058061800 Exception <a 'java/lang/InterruptedException'> (0x00000000ee253fb8) thrown at [/build/openjdk-8-gyaYyR/openjdk-8-8u212-b03/src/hotspot/src/share/vm/runtime/objectMonitor.cpp, line 1684]
Event: 7,582 Thread 0x00007fe058060800 Exception <a 'java/lang/InterruptedException'> (0x00000000ee2f2b58) thrown at [/build/openjdk-8-gyaYyR/openjdk-8-8u212-b03/src/hotspot/src/share/vm/runtime/objectMonitor.cpp, line 1684]

Events (10 events):
Event: 10,071 Executing VM operation: RevokeBias
Event: 10,074 Executing VM operation: RevokeBias done
Event: 10,079 Executing VM operation: RevokeBias
Event: 10,079 Executing VM operation: RevokeBias done
Event: 10,122 Thread 0x00007fe06401d000 Thread added: 0x00007fe06401d000
Event: 10,251 Executing VM operation: RevokeBias
Event: 10,253 Executing VM operation: RevokeBias done
Event: 10,254 Executing VM operation: RevokeBias
Event: 10,255 Executing VM operation: RevokeBias done
Event: 10,381 Thread 0x00007fe058065800 Thread added: 0x00007fe058065800


Dynamic libraries:
c2a00000-de580000 rw-p 00000000 00:00 0 
e4a00000-eb900000 ---p 00000000 00:00 0 
eb900000-f4000000 rw-p 00000000 00:00 0 
f4000000-100000000 ---p 00000000 00:00 0 
100000000-100200000 rw-p 00000000 00:00 0 
100200000-140000000 ---p 00000000 00:00 0 
5646ad51e000-5646ad51f000 r--p 00000000 08:01 277613                     /usr/lib/jvm/java-8-openjdk-amd64/jre/bin/java
5646ad51f000-5646ad520000 r-xp 00001000 08:01 277613                     /usr/lib/jvm/java-8-openjdk-amd64/jre/bin/java
5646ad520000-5646ad521000 r--p 00002000 08:01 277613                     /usr/lib/jvm/java-8-openjdk-amd64/jre/bin/java
5646ad521000-5646ad522000 r--p 00002000 08:01 277613                     /usr/lib/jvm/java-8-openjdk-amd64/jre/bin/java
5646ad522000-5646ad523000 rw-p 00003000 08:01 277613                     /usr/lib/jvm/java-8-openjdk-amd64/jre/bin/java
5646adf5e000-5646adf7f000 rw-p 00000000 00:00 0                          [heap]
7fe058000000-7fe05807c000 rw-p 00000000 00:00 0 
7fe05807c000-7fe05c000000 ---p 00000000 00:00 0 
7fe05fafb000-7fe05fafe000 ---p 00000000 00:00 0 
7fe05fafe000-7fe05fbfc000 rw-p 00000000 00:00 0 
7fe05fbfc000-7fe05fbff000 ---p 00000000 00:00 0 
7fe05fbff000-7fe05fcfd000 rw-p 00000000 00:00 0 
7fe05fcfd000-7fe05fd00000 ---p 00000000 00:00 0 
7fe05fd00000-7fe05fdfe000 rw-p 00000000 00:00 0 
7fe05fdfe000-7fe05fe01000 ---p 00000000 00:00 0 
7fe05fe01000-7fe05feff000 rw-p 00000000 00:00 0 
7fe05feff000-7fe05ff02000 ---p 00000000 00:00 0 
7fe05ff02000-7fe060000000 rw-p 00000000 00:00 0 
7fe060000000-7fe060021000 rw-p 00000000 00:00 0 
7fe060021000-7fe064000000 ---p 00000000 00:00 0 
7fe064000000-7fe06403c000 rw-p 00000000 00:00 0 
7fe06403c000-7fe068000000 ---p 00000000 00:00 0 
7fe068000000-7fe06802a000 rw-p 00000000 00:00 0 
7fe06802a000-7fe06c000000 ---p 00000000 00:00 0 
7fe06c0b8000-7fe06c1f8000 rw-p 00000000 00:00 0 
7fe06c1f8000-7fe06c2b8000 ---p 00000000 00:00 0 
7fe06c2b8000-7fe06c2bb000 ---p 00000000 00:00 0 
7fe06c2bb000-7fe06c3b9000 rw-p 00000000 00:00 0 
7fe06c3b9000-7fe06c3bc000 ---p 00000000 00:00 0 
7fe06c3bc000-7fe06c4ba000 rw-p 00000000 00:00 0 
7fe06c4ba000-7fe06c4bd000 ---p 00000000 00:00 0 
7fe06c4bd000-7fe06c5bb000 rw-p 00000000 00:00 0 
7fe06c5bb000-7fe06c5c0000 r--s 002f9000 08:01 280327                     /usr/lib/jvm/java-8-openjdk-amd64/jre/lib/charsets.jar
7fe06c5c0000-7fe06c5d3000 r--s 00346000 08:01 280338                     /usr/lib/jvm/java-8-openjdk-amd64/jre/lib/resources.jar
7fe06c5d3000-7fe06c7d3000 rw-p 00000000 00:00 0 
7fe06c7d3000-7fe06c7da000 r--p 00000000 08:01 280321                     /usr/lib/jvm/java-8-openjdk-amd64/jre/lib/amd64/libsunec.so
7fe06c7da000-7fe06c7f2000 r-xp 00007000 08:01 280321                     /usr/lib/jvm/java-8-openjdk-amd64/jre/lib/amd64/libsunec.so
7fe06c7f2000-7fe06c7fc000 r--p 0001f000 08:01 280321                     /usr/lib/jvm/java-8-openjdk-amd64/jre/lib/amd64/libsunec.so
7fe06c7fc000-7fe06c800000 r--p 00028000 08:01 280321                     /usr/lib/jvm/java-8-openjdk-amd64/jre/lib/amd64/libsunec.so
7fe06c800000-7fe06c801000 rw-p 0002c000 08:01 280321                     /usr/lib/jvm/java-8-openjdk-amd64/jre/lib/amd64/libsunec.so
7fe06c801000-7fe06c804000 ---p 00000000 00:00 0 
7fe06c804000-7fe06cb02000 rw-p 00000000 00:00 0 
7fe06cb02000-7fe06cb04000 r--s 00016000 08:01 280332                     /usr/lib/jvm/java-8-openjdk-amd64/jre/lib/jce.jar
7fe06cb04000-7fe06cb08000 r--s 000a1000 08:01 280334                     /usr/lib/jvm/java-8-openjdk-amd64/jre/lib/jsse.jar
7fe06cb08000-7fe06cb09000 r--p 00000000 08:01 278819                     /usr/lib/jvm/java-8-openjdk-amd64/jre/lib/amd64/libjaas_unix.so
7fe06cb09000-7fe06cb0a000 r-xp 00001000 08:01 278819                     /usr/lib/jvm/java-8-openjdk-amd64/jre/lib/amd64/libjaas_unix.so
7fe06cb0a000-7fe06cb0b000 r--p 00002000 08:01 278819                     /usr/lib/jvm/java-8-openjdk-amd64/jre/lib/amd64/libjaas_unix.so
7fe06cb0b000-7fe06cb0c000 r--p 00002000 08:01 278819                     /usr/lib/jvm/java-8-openjdk-amd64/jre/lib/amd64/libjaas_unix.so
7fe06cb0c000-7fe06cb0d000 rw-p 00003000 08:01 278819                     /usr/lib/jvm/java-8-openjdk-amd64/jre/lib/amd64/libjaas_unix.so
7fe06cb0d000-7fe06cd0d000 rw-p 00000000 00:00 0 
7fe06cd0d000-7fe06cd11000 r--p 00000000 08:01 280314                     /usr/lib/jvm/java-8-openjdk-amd64/jre/lib/amd64/libmanagement.so
7fe06cd11000-7fe06cd15000 r-xp 00004000 08:01 280314                     /usr/lib/jvm/java-8-openjdk-amd64/jre/lib/amd64/libmanagement.so
7fe06cd15000-7fe06cd17000 r--p 00008000 08:01 280314                     /usr/lib/jvm/java-8-openjdk-amd64/jre/lib/amd64/libmanagement.so
7fe06cd17000-7fe06cd18000 r--p 00009000 08:01 280314                     /usr/lib/jvm/java-8-openjdk-amd64/jre/lib/amd64/libmanagement.so
7fe06cd18000-7fe06cd19000 rw-p 0000a000 08:01 280314                     /usr/lib/jvm/java-8-openjdk-amd64/jre/lib/amd64/libmanagement.so
7fe06cd19000-7fe06cd1c000 ---p 00000000 00:00 0 
7fe06cd1c000-7fe06ce1a000 rw-p 00000000 00:00 0 
7fe06ce1a000-7fe06ce1d000 ---p 00000000 00:00 0 
7fe06ce1d000-7fe06fe54000 rw-p 00000000 00:00 0 
7fe06fe54000-7fe06fe58000 r--p 00000000 08:01 280316                     /usr/lib/jvm/java-8-openjdk-amd64/jre/lib/amd64/libnet.so
7fe06fe58000-7fe06fe67000 r-xp 00004000 08:01 280316                     /usr/lib/jvm/java-8-openjdk-amd64/jre/lib/amd64/libnet.so
7fe06fe67000-7fe06fe6b000 r--p 00013000 08:01 280316                     /usr/lib/jvm/java-8-openjdk-amd64/jre/lib/amd64/libnet.so
7fe06fe6b000-7fe06fe6c000 r--p 00016000 08:01 280316                     /usr/lib/jvm/java-8-openjdk-amd64/jre/lib/amd64/libnet.so
7fe06fe6c000-7fe06fe6d000 rw-p 00017000 08:01 280316                     /usr/lib/jvm/java-8-openjdk-amd64/jre/lib/amd64/libnet.so
7fe06fe6d000-7fe06fe74000 r--p 00000000 08:01 280317                     /usr/lib/jvm/java-8-openjdk-amd64/jre/lib/amd64/libnio.so
7fe06fe74000-7fe06fe7c000 r-xp 00007000 08:01 280317                     /usr/lib/jvm/java-8-openjdk-amd64/jre/lib/amd64/libnio.so
7fe06fe7c000-7fe06fe7f000 r--p 0000f000 08:01 280317                     /usr/lib/jvm/java-8-openjdk-amd64/jre/lib/amd64/libnio.so
7fe06fe7f000-7fe06fe80000 r--p 00011000 08:01 280317                     /usr/lib/jvm/java-8-openjdk-amd64/jre/lib/amd64/libnio.so
7fe06fe80000-7fe06fe81000 rw-p 00012000 08:01 280317                     /usr/lib/jvm/java-8-openjdk-amd64/jre/lib/amd64/libnio.so
7fe06fe81000-7fe06fe85000 r--s 00031000 08:01 788233                     /home/senko/.m2/repository/commons-io/commons-io/2.6/commons-io-2.6.jar
7fe06fe85000-7fe06fe87000 r--s 0000e000 08:01 171658                     /home/senko/.m2/repository/org/apache/hadoop/hadoop-mapreduce-client-jobclient/2.7.3/hadoop-mapreduce-client-jobclient-2.7.3.jar
7fe06fe87000-7fe06fe8a000 r--s 0001d000 08:01 936726                     /home/senko/.m2/repository/com/sun/jersey/jersey-client/1.9/jersey-client-1.9.jar
7fe06fe8a000-7fe06fea1000 r--s 00183000 08:01 397443                     /home/senko/.m2/repository/org/apache/hadoop/hadoop-yarn-common/2.7.3/hadoop-yarn-common-2.7.3.jar
7fe06fea1000-7fe06feba000 r--s 00164000 08:01 936724                     /home/senko/.m2/repository/org/apache/hadoop/hadoop-mapreduce-client-core/2.7.3/hadoop-mapreduce-client-core-2.7.3.jar
7fe06feba000-7fe06fed7000 r--s 001d5000 08:01 936722                     /home/senko/.m2/repository/org/apache/hadoop/hadoop-yarn-api/2.7.3/hadoop-yarn-api-2.7.3.jar
7fe06fed7000-7fe06fed9000 r--s 00010000 08:01 171656                     /home/senko/.m2/repository/org/apache/hadoop/hadoop-mapreduce-client-shuffle/2.7.3/hadoop-mapreduce-client-shuffle-2.7.3.jar
7fe06fed9000-7fe06fee0000 r--s 00058000 08:01 936720                     /home/senko/.m2/repository/org/apache/hadoop/hadoop-yarn-server-common/2.7.3/hadoop-yarn-server-common-2.7.3.jar
7fe06fee0000-7fe06fee3000 r--s 00026000 08:01 936718                     /home/senko/.m2/repository/org/apache/hadoop/hadoop-yarn-client/2.7.3/hadoop-yarn-client-2.7.3.jar
7fe06fee3000-7fe06fef0000 r--s 000b1000 08:01 806233                     /home/senko/.m2/repository/org/apache/hadoop/hadoop-mapreduce-client-common/2.7.3/hadoop-mapreduce-client-common-2.7.3.jar
7fe06fef0000-7fe06fefa000 r--s 0007b000 08:01 678136                     /home/senko/.m2/repository/org/apache/hadoop/hadoop-mapreduce-client-app/2.7.3/hadoop-mapreduce-client-app-2.7.3.jar
7fe06fefa000-7fe06fefd000 r--s 000fd000 08:01 936716                     /home/senko/.m2/repository/org/fusesource/leveldbjni/leveldbjni-all/1.8/leveldbjni-all-1.8.jar
7fe06fefd000-7fe06ff05000 r--s 00028000 08:01 936714                     /home/senko/.m2/repository/xml-apis/xml-apis/1.3.04/xml-apis-1.3.04.jar
7fe06ff05000-7fe06ff1d000 r--s 00115000 08:01 936712                     /home/senko/.m2/repository/xerces/xercesImpl/2.9.1/xercesImpl-2.9.1.jar
7fe06ff1d000-7fe06ff3a000 r--s 00196000 08:01 397441                     /home/senko/.m2/repository/io/netty/netty-all/4.0.23.Final/netty-all-4.0.23.Final.jar
7fe06ff3a000-7fe06ffa5000 r--s 00784000 08:01 806231                     /home/senko/.m2/repository/org/apache/hadoop/hadoop-hdfs/2.7.3/hadoop-hdfs-2.7.3.jar
7fe06ffa5000-7fe06ffa6000 r--s 00006000 08:01 548072                     /home/senko/.m2/repository/org/apache/hadoop/hadoop-client/2.7.3/hadoop-client-2.7.3.jar
7fe06ffa6000-7fe06ffaa000 r--s 00014000 08:01 678134                     /home/senko/.m2/repository/org/tukaani/xz/1.0/xz-1.0.jar
7fe06ffaa000-7fe06ffaf000 r--s 00036000 08:01 678132                     /home/senko/.m2/repository/org/apache/commons/commons-compress/1.4.1/commons-compress-1.4.1.jar
7fe06ffaf000-7fe06ffc7000 r--s 00110000 08:01 678130                     /home/senko/.m2/repository/io/netty/netty/3.7.0.Final/netty-3.7.0.Final.jar
7fe06ffc7000-7fe06ffd3000 r--s 000b6000 08:01 936710                     /home/senko/.m2/repository/org/apache/zookeeper/zookeeper/3.4.6/zookeeper-3.4.6.jar
7fe06ffd3000-7fe06ffec000 r--s 00150000 08:01 171654                     /home/senko/.m2/repository/org/apache/htrace/htrace-core/3.1.0-incubating/htrace-core-3.1.0-incubating.jar
7fe06ffec000-7fe06ffef000 r--s 00006000 08:01 806228                     /home/senko/.m2/repository/com/google/code/findbugs/jsr305/3.0.0/jsr305-3.0.0.jar
7fe06ffef000-7fe06fff7000 r--s 0003b000 08:01 678128                     /home/senko/.m2/repository/org/apache/curator/curator-recipes/2.7.1/curator-recipes-2.7.1.jar
7fe06fff7000-7fe06fffa000 r--s 0002b000 08:01 936708                     /home/senko/.m2/repository/com/jcraft/jsch/0.1.42/jsch-0.1.42.jar
7fe06fffa000-7fe070000000 r--s 00028000 08:01 802471                     /home/senko/.m2/repository/org/apache/curator/curator-framework/2.7.1/curator-framework-2.7.1.jar
7fe070000000-7fe070021000 rw-p 00000000 00:00 0 
7fe070021000-7fe074000000 ---p 00000000 00:00 0 
7fe074000000-7fe074021000 rw-p 00000000 00:00 0 
7fe074021000-7fe078000000 ---p 00000000 00:00 0 
7fe078000000-7fe079b72000 rw-p 00000000 00:00 0 
7fe079b72000-7fe07c000000 ---p 00000000 00:00 0 
7fe07c000000-7fe07c5e3000 rw-p 00000000 00:00 0 
7fe07c5e3000-7fe080000000 ---p 00000000 00:00 0 
7fe080000000-7fe080021000 rw-p 00000000 00:00 0 
7fe080021000-7fe084000000 ---p 00000000 00:00 0 
7fe084000000-7fe084021000 rw-p 00000000 00:00 0 
7fe084021000-7fe088000000 ---p 00000000 00:00 0 
7fe088000000-7fe0880c9000 rw-p 00000000 00:00 0 
7fe0880c9000-7fe08c000000 ---p 00000000 00:00 0 
7fe08c000000-7fe08c021000 rw-p 00000000 00:00 0 
7fe08c021000-7fe090000000 ---p 00000000 00:00 0 
7fe090000000-7fe090021000 rw-p 00000000 00:00 0 
7fe090021000-7fe094000000 ---p 00000000 00:00 0 
7fe094000000-7fe094002000 r--s 0000f000 08:01 678126                     /home/senko/.m2/repository/org/apache/curator/curator-client/2.7.1/curator-client-2.7.1.jar
7fe094002000-7fe094004000 r--s 00012000 08:01 936706                     /home/senko/.m2/repository/org/apache/directory/api/api-util/1.0.0-M20/api-util-1.0.0-M20.jar
7fe094004000-7fe094006000 r--s 00003000 08:01 936704                     /home/senko/.m2/repository/org/apache/directory/api/api-asn1-api/1.0.0-M20/api-asn1-api-1.0.0-M20.jar
7fe094006000-7fe094007000 r--s 0000a000 08:01 1243766                    /home/senko/.m2/repository/org/apache/directory/server/apacheds-i18n/2.0.0-M15/apacheds-i18n-2.0.0-M15.jar
7fe094007000-7fe094019000 r--s 00097000 08:01 1243764                    /home/senko/.m2/repository/org/apache/directory/server/apacheds-kerberos-codec/2.0.0-M15/apacheds-kerberos-codec-2.0.0-M15.jar
7fe094019000-7fe09401b000 r--s 00015000 08:01 548070                     /home/senko/.m2/repository/org/apache/hadoop/hadoop-auth/2.7.3/hadoop-auth-2.7.3.jar
7fe09401b000-7fe094020000 r--s 0002a000 08:01 678124                     /home/senko/.m2/repository/com/google/code/gson/gson/2.2.4/gson-2.2.4.jar
7fe094020000-7fe094028000 r--s 0007b000 08:01 548068                     /home/senko/.m2/repository/com/google/protobuf/protobuf-java/2.5.0/protobuf-java-2.5.0.jar
7fe094028000-7fe09402a000 r--s 000f2000 08:01 548066                     /home/senko/.m2/repository/org/xerial/snappy/snappy-java/1.0.4.1/snappy-java-1.0.4.1.jar
7fe09402a000-7fe09402c000 r--s 00006000 08:01 936702                     /home/senko/.m2/repository/com/thoughtworks/paranamer/paranamer/2.3/paranamer-2.3.jar
7fe09402c000-7fe094033000 r--s 00044000 08:01 936700                     /home/senko/.m2/repository/org/apache/avro/avro/1.7.4/avro-1.7.4.jar
7fe094033000-7fe094041000 r--s 000b1000 08:01 397438                     /home/senko/.m2/repository/org/codehaus/jackson/jackson-mapper-asl/1.9.13/jackson-mapper-asl-1.9.13.jar
7fe094041000-7fe094045000 r--s 00035000 08:01 1243762                    /home/senko/.m2/repository/org/codehaus/jackson/jackson-core-asl/1.9.13/jackson-core-asl-1.9.13.jar
7fe094045000-7fe094047000 r--s 00001000 08:01 936698                     /home/senko/.m2/repository/org/slf4j/slf4j-log4j12/1.7.10/slf4j-log4j12-1.7.10.jar
7fe094047000-7fe094048000 r--s 00007000 08:01 936696                     /home/senko/.m2/repository/org/slf4j/slf4j-api/1.7.10/slf4j-api-1.7.10.jar
7fe094048000-7fe09404c000 r--s 0002f000 08:01 802469                     /home/senko/.m2/repository/commons-beanutils/commons-beanutils-core/1.8.0/commons-beanutils-core-1.8.0.jar
7fe09404c000-7fe094051000 r--s 0002a000 08:01 802467                     /home/senko/.m2/repository/commons-beanutils/commons-beanutils/1.7.0/commons-beanutils-1.7.0.jar
7fe094051000-7fe094055000 r--s 00020000 08:01 678122                     /home/senko/.m2/repository/commons-digester/commons-digester/1.8/commons-digester-1.8.jar
7fe094055000-7fe09405b000 r--s 00043000 08:01 171652                     /home/senko/.m2/repository/commons-configuration/commons-configuration/1.6/commons-configuration-1.6.jar
7fe09405b000-7fe094060000 r--s 00041000 08:01 1243760                    /home/senko/.m2/repository/commons-lang/commons-lang/2.6/commons-lang-2.6.jar
7fe094060000-7fe094061000 r--s 00004000 08:01 936694                     /home/senko/.m2/repository/com/jamesmurty/utils/java-xmlbuilder/0.4/java-xmlbuilder-0.4.jar
7fe094061000-7fe094066000 r--s 00028000 08:01 936692                     /home/senko/.m2/repository/org/apache/httpcomponents/httpcore/4.1.2/httpcore-4.1.2.jar
7fe094066000-7fe09406e000 r--s 0004e000 08:01 936690                     /home/senko/.m2/repository/org/apache/httpcomponents/httpclient/4.1.2/httpclient-4.1.2.jar
7fe09406e000-7fe094077000 r--s 0007b000 08:01 397436                     /home/senko/.m2/repository/net/java/dev/jets3t/jets3t/0.9.0/jets3t-0.9.0.jar
7fe094077000-7fe094080000 r--s 0006f000 08:01 936688                     /home/senko/.m2/repository/log4j/log4j/1.2.17/log4j-1.2.17.jar
7fe094080000-7fe094082000 r--s 0000e000 08:01 936686                     /home/senko/.m2/repository/commons-logging/commons-logging/1.1.3/commons-logging-1.1.3.jar
7fe094082000-7fe094083000 r--s 0000a000 08:01 1243758                    /home/senko/.m2/repository/asm/asm/3.1/asm-3.1.jar
7fe094083000-7fe094095000 r--s 0009d000 08:01 802465                     /home/senko/.m2/repository/com/sun/jersey/jersey-server/1.9/jersey-server-1.9.jar
7fe094095000-7fe094096000 r--s 00007000 08:01 678120                     /home/senko/.m2/repository/org/codehaus/jackson/jackson-xc/1.8.3/jackson-xc-1.8.3.jar
7fe094096000-7fe094097000 r--s 00004000 08:01 678118                     /home/senko/.m2/repository/org/codehaus/jackson/jackson-jaxrs/1.8.3/jackson-jaxrs-1.8.3.jar
7fe094097000-7fe094099000 r--s 0000e000 08:01 936684                     /home/senko/.m2/repository/javax/activation/activation/1.1/activation-1.1.jar
7fe094099000-7fe09409b000 r--s 00004000 08:01 936682                     /home/senko/.m2/repository/javax/xml/stream/stax-api/1.0-2/stax-api-1.0-2.jar
7fe09409b000-7fe09409e000 r--s 00017000 08:01 936680                     /home/senko/.m2/repository/javax/xml/bind/jaxb-api/2.2.2/jaxb-api-2.2.2.jar
7fe09409e000-7fe0940b1000 r--s 000c7000 08:01 936678                     /home/senko/.m2/repository/com/sun/xml/bind/jaxb-impl/2.2.3-1/jaxb-impl-2.2.3-1.jar
7fe0940b1000-7fe0940b3000 r--s 0000f000 08:01 936676                     /home/senko/.m2/repository/org/codehaus/jettison/jettison/1.1/jettison-1.1.jar
7fe0940b3000-7fe0940b7000 r--s 00021000 08:01 802463                     /home/senko/.m2/repository/com/sun/jersey/jersey-json/1.9/jersey-json-1.9.jar
7fe0940b7000-7fe0940c1000 r--s 00066000 08:01 936674                     /home/senko/.m2/repository/com/sun/jersey/jersey-core/1.9/jersey-core-1.9.jar
7fe0940c1000-7fe0940c4000 r--s 00016000 08:01 936672                     /home/senko/.m2/repository/javax/servlet/jsp/jsp-api/2.1/jsp-api-2.1.jar
7fe0940c4000-7fe0940c8000 r--s 00028000 08:01 1243756                    /home/senko/.m2/repository/org/mortbay/jetty/jetty-util/6.1.26/jetty-util-6.1.26.jar
7fe0940c8000-7fe0940cf000 r--s 0007d000 08:01 802460                     /home/senko/.m2/repository/org/mortbay/jetty/jetty/6.1.26/jetty-6.1.26.jar
7fe0940cf000-7fe0940d1000 r--s 00018000 08:01 397434                     /home/senko/.m2/repository/javax/servlet/servlet-api/2.5/servlet-api-2.5.jar
7fe0940d1000-7fe0940de000 r--s 00083000 08:01 936670                     /home/senko/.m2/repository/commons-collections/commons-collections/3.2.2/commons-collections-3.2.2.jar
7fe0940de000-7fe0940e3000 r--s 0003e000 08:01 936668                     /home/senko/.m2/repository/commons-net/commons-net/3.1/commons-net-3.1.jar
7fe0940e3000-7fe0940e5000 r--s 0000d000 08:01 936666                     /home/senko/.m2/repository/commons-codec/commons-codec/1.4/commons-codec-1.4.jar
7fe0940e5000-7fe0940eb000 r--s 00045000 08:01 678116                     /home/senko/.m2/repository/commons-httpclient/commons-httpclient/3.1/commons-httpclient-3.1.jar
7fe0940eb000-7fe094108000 r--s 0016a000 08:01 397432                     /home/senko/.m2/repository/org/apache/commons/commons-math3/3.1.1/commons-math3-3.1.1.jar
7fe094108000-7fe09410a000 r--s 00009000 08:01 397430                     /home/senko/.m2/repository/commons-cli/commons-cli/1.2/commons-cli-1.2.jar
7fe09410a000-7fe09412b000 r--s 00172000 08:01 1243754                    /home/senko/.m2/repository/com/google/guava/guava/11.0.2/guava-11.0.2.jar
7fe09412b000-7fe0941a5000 r--s 01103000 08:01 269397                     /usr/lib/jvm/java-8-openjdk-amd64/lib/tools.jar
7fe0941a5000-7fe0941db000 r--s 0031c000 08:01 936662                     /home/senko/.m2/repository/org/apache/hadoop/hadoop-common/2.7.3/hadoop-common-2.7.3.jar
7fe0941db000-7fe0941e0000 r--s 0003c000 08:01 657601                     /usr/lib/jvm/java-8-openjdk-amd64/jre/lib/ext/sunjce_provider.jar
7fe0941e0000-7fe0941fb000 r--s 001d6000 08:01 657599                     /usr/lib/jvm/java-8-openjdk-amd64/jre/lib/ext/nashorn.jar
7fe0941fb000-7fe094216000 r--s 00394000 08:01 657342                     /usr/lib/jvm/java-8-openjdk-amd64/jre/lib/ext/cldrdata.jar
7fe094216000-7fe094217000 ---p 00000000 00:00 0 
7fe094217000-7fe094317000 rw-p 00000000 00:00 0 
7fe094317000-7fe09431a000 ---p 00000000 00:00 0 
7fe09431a000-7fe094418000 rw-p 00000000 00:00 0 
7fe094418000-7fe094419000 ---p 00000000 00:00 0 
7fe094419000-7fe09441c000 ---p 00000000 00:00 0 
7fe09441c000-7fe094519000 rw-p 00000000 00:00 0 
7fe094519000-7fe09451a000 ---p 00000000 00:00 0 
7fe09451a000-7fe09451d000 ---p 00000000 00:00 0 
7fe09451d000-7fe09461a000 rw-p 00000000 00:00 0 
7fe09461a000-7fe09461d000 ---p 00000000 00:00 0 
7fe09461d000-7fe09471b000 rw-p 00000000 00:00 0 
7fe09471b000-7fe0954f6000 r--p 00000000 08:01 273720                     /usr/lib/locale/locale-archive
7fe0954f6000-7fe0954f9000 ---p 00000000 00:00 0 
7fe0954f9000-7fe0955f7000 rw-p 00000000 00:00 0 
7fe0955f7000-7fe0955fa000 ---p 00000000 00:00 0 
7fe0955fa000-7fe0956f8000 rw-p 00000000 00:00 0 
7fe0956f8000-7fe0956f9000 ---p 00000000 00:00 0 
7fe0956f9000-7fe098000000 rw-p 00000000 00:00 0 
7fe098000000-7fe098025000 rw-p 00000000 00:00 0 
7fe098025000-7fe09c000000 ---p 00000000 00:00 0 
7fe09c000000-7fe09c00a000 r--s 00116000 08:01 657598                     /usr/lib/jvm/java-8-openjdk-amd64/jre/lib/ext/localedata.jar
7fe09c00a000-7fe09c02b000 rw-p 00000000 00:00 0 
7fe09c02b000-7fe09c1fa000 r--s 03c3b000 08:01 280339                     /usr/lib/jvm/java-8-openjdk-amd64/jre/lib/rt.jar
7fe09c1fa000-7fe09ccb6000 rw-p 00000000 00:00 0 
7fe09ccb6000-7fe09ccb7000 ---p 00000000 00:00 0 
7fe09ccb7000-7fe09cdb7000 rw-p 00000000 00:00 0 
7fe09cdb7000-7fe09cdb8000 ---p 00000000 00:00 0 
7fe09cdb8000-7fe09cf96000 rw-p 00000000 00:00 0 
7fe09cf96000-7fe09d000000 ---p 00000000 00:00 0 
7fe09d000000-7fe09d6e0000 rwxp 00000000 00:00 0 
7fe09d6e0000-7fe0ac000000 ---p 00000000 00:00 0 
7fe0ac000000-7fe0ac961000 rw-p 00000000 00:00 0 
7fe0ac961000-7fe0b0000000 ---p 00000000 00:00 0 
7fe0b0000000-7fe0b0001000 r--s 00003000 08:01 678114                     /home/senko/.m2/repository/xmlenc/xmlenc/0.52/xmlenc-0.52.jar
7fe0b0001000-7fe0b0002000 r--s 00009000 08:01 936664                     /home/senko/.m2/repository/org/apache/hadoop/hadoop-annotations/2.7.3/hadoop-annotations-2.7.3.jar
7fe0b0002000-7fe0b015e000 rw-p 00000000 00:00 0 
7fe0b015e000-7fe0b01c7000 ---p 00000000 00:00 0 
7fe0b01c7000-7fe0b020b000 rw-p 00000000 00:00 0 
7fe0b020b000-7fe0b026b000 ---p 00000000 00:00 0 
7fe0b026b000-7fe0b0288000 rw-p 00000000 00:00 0 
7fe0b0288000-7fe0b062c000 ---p 00000000 00:00 0 
7fe0b062c000-7fe0b062f000 r--p 00000000 08:01 792202                     /lib/x86_64-linux-gnu/libnss_files-2.28.so
7fe0b062f000-7fe0b0636000 r-xp 00003000 08:01 792202                     /lib/x86_64-linux-gnu/libnss_files-2.28.so
7fe0b0636000-7fe0b0639000 r--p 0000a000 08:01 792202                     /lib/x86_64-linux-gnu/libnss_files-2.28.so
7fe0b0639000-7fe0b063a000 r--p 0000c000 08:01 792202                     /lib/x86_64-linux-gnu/libnss_files-2.28.so
7fe0b063a000-7fe0b063b000 rw-p 0000d000 08:01 792202                     /lib/x86_64-linux-gnu/libnss_files-2.28.so
7fe0b063b000-7fe0b0641000 rw-p 00000000 00:00 0 
7fe0b0641000-7fe0b0644000 r--s 0000f000 08:01 657358                     /usr/lib/jvm/java-8-openjdk-amd64/jre/lib/ext/icedtea-sound.jar
7fe0b0644000-7fe0b0646000 r--s 00008000 08:01 657600                     /usr/lib/jvm/java-8-openjdk-amd64/jre/lib/ext/sunec.jar
7fe0b0646000-7fe0b0648000 r--s 00001000 08:01 657357                     /usr/lib/jvm/java-8-openjdk-amd64/jre/lib/ext/dnsns.jar
7fe0b0648000-7fe0b064b000 r--p 00000000 08:01 280324                     /usr/lib/jvm/java-8-openjdk-amd64/jre/lib/amd64/libzip.so
7fe0b064b000-7fe0b064f000 r-xp 00003000 08:01 280324                     /usr/lib/jvm/java-8-openjdk-amd64/jre/lib/amd64/libzip.so
7fe0b064f000-7fe0b0651000 r--p 00007000 08:01 280324                     /usr/lib/jvm/java-8-openjdk-amd64/jre/lib/amd64/libzip.so
7fe0b0651000-7fe0b0652000 r--p 00008000 08:01 280324                     /usr/lib/jvm/java-8-openjdk-amd64/jre/lib/amd64/libzip.so
7fe0b0652000-7fe0b0653000 rw-p 00009000 08:01 280324                     /usr/lib/jvm/java-8-openjdk-amd64/jre/lib/amd64/libzip.so
7fe0b0653000-7fe0b065b000 rw-s 00000000 08:01 810585                     /tmp/hsperfdata_senko/25537
7fe0b065b000-7fe0b0668000 r--p 00000000 08:01 278891                     /usr/lib/jvm/java-8-openjdk-amd64/jre/lib/amd64/libjava.so
7fe0b0668000-7fe0b0680000 r-xp 0000d000 08:01 278891                     /usr/lib/jvm/java-8-openjdk-amd64/jre/lib/amd64/libjava.so
7fe0b0680000-7fe0b0687000 r--p 00025000 08:01 278891                     /usr/lib/jvm/java-8-openjdk-amd64/jre/lib/amd64/libjava.so
7fe0b0687000-7fe0b0688000 r--p 0002b000 08:01 278891                     /usr/lib/jvm/java-8-openjdk-amd64/jre/lib/amd64/libjava.so
7fe0b0688000-7fe0b068a000 rw-p 0002c000 08:01 278891                     /usr/lib/jvm/java-8-openjdk-amd64/jre/lib/amd64/libjava.so
7fe0b068a000-7fe0b068c000 r--p 00000000 08:01 792231                     /lib/x86_64-linux-gnu/librt-2.28.so
7fe0b068c000-7fe0b0690000 r-xp 00002000 08:01 792231                     /lib/x86_64-linux-gnu/librt-2.28.so
7fe0b0690000-7fe0b0692000 r--p 00006000 08:01 792231                     /lib/x86_64-linux-gnu/librt-2.28.so
7fe0b0692000-7fe0b0693000 r--p 00007000 08:01 792231                     /lib/x86_64-linux-gnu/librt-2.28.so
7fe0b0693000-7fe0b0694000 rw-p 00008000 08:01 792231                     /lib/x86_64-linux-gnu/librt-2.28.so
7fe0b0694000-7fe0b0695000 ---p 00000000 00:00 0 
7fe0b0695000-7fe0b0698000 ---p 00000000 00:00 0 
7fe0b0698000-7fe0b0795000 rw-p 00000000 00:00 0 
7fe0b0795000-7fe0b0798000 r--p 00000000 08:01 792173                     /lib/x86_64-linux-gnu/libgcc_s.so.1
7fe0b0798000-7fe0b07a9000 r-xp 00003000 08:01 792173                     /lib/x86_64-linux-gnu/libgcc_s.so.1
7fe0b07a9000-7fe0b07ac000 r--p 00014000 08:01 792173                     /lib/x86_64-linux-gnu/libgcc_s.so.1
7fe0b07ac000-7fe0b07ad000 ---p 00017000 08:01 792173                     /lib/x86_64-linux-gnu/libgcc_s.so.1
7fe0b07ad000-7fe0b07ae000 r--p 00017000 08:01 792173                     /lib/x86_64-linux-gnu/libgcc_s.so.1
7fe0b07ae000-7fe0b07af000 rw-p 00018000 08:01 792173                     /lib/x86_64-linux-gnu/libgcc_s.so.1
7fe0b07af000-7fe0b07bc000 r--p 00000000 08:01 792188                     /lib/x86_64-linux-gnu/libm-2.28.so
7fe0b07bc000-7fe0b0867000 r-xp 0000d000 08:01 792188                     /lib/x86_64-linux-gnu/libm-2.28.so
7fe0b0867000-7fe0b093a000 r--p 000b8000 08:01 792188                     /lib/x86_64-linux-gnu/libm-2.28.so
7fe0b093a000-7fe0b093b000 r--p 0018a000 08:01 792188                     /lib/x86_64-linux-gnu/libm-2.28.so
7fe0b093b000-7fe0b093c000 rw-p 0018b000 08:01 792188                     /lib/x86_64-linux-gnu/libm-2.28.so
7fe0b093c000-7fe0b09c5000 r--p 00000000 08:01 278756                     /usr/lib/x86_64-linux-gnu/libstdc++.so.6.0.25
7fe0b09c5000-7fe0b0a78000 r-xp 00089000 08:01 278756                     /usr/lib/x86_64-linux-gnu/libstdc++.so.6.0.25
7fe0b0a78000-7fe0b0ab6000 r--p 0013c000 08:01 278756                     /usr/lib/x86_64-linux-gnu/libstdc++.so.6.0.25
7fe0b0ab6000-7fe0b0ac0000 r--p 00179000 08:01 278756                     /usr/lib/x86_64-linux-gnu/libstdc++.so.6.0.25
7fe0b0ac0000-7fe0b0ac2000 rw-p 00183000 08:01 278756                     /usr/lib/x86_64-linux-gnu/libstdc++.so.6.0.25
7fe0b0ac2000-7fe0b0ac6000 rw-p 00000000 00:00 0 
7fe0b0ac6000-7fe0b0cb5000 r--p 00000000 08:01 280326                     /usr/lib/jvm/java-8-openjdk-amd64/jre/lib/amd64/server/libjvm.so
7fe0b0cb5000-7fe0b1501000 r-xp 001ef000 08:01 280326                     /usr/lib/jvm/java-8-openjdk-amd64/jre/lib/amd64/server/libjvm.so
7fe0b1501000-7fe0b169f000 r--p 00a3b000 08:01 280326                     /usr/lib/jvm/java-8-openjdk-amd64/jre/lib/amd64/server/libjvm.so
7fe0b169f000-7fe0b1733000 r--p 00bd8000 08:01 280326                     /usr/lib/jvm/java-8-openjdk-amd64/jre/lib/amd64/server/libjvm.so
7fe0b1733000-7fe0b175c000 rw-p 00c6c000 08:01 280326                     /usr/lib/jvm/java-8-openjdk-amd64/jre/lib/amd64/server/libjvm.so
7fe0b175c000-7fe0b178e000 rw-p 00000000 00:00 0 
7fe0b178e000-7fe0b1794000 r--p 00000000 08:01 792227                     /lib/x86_64-linux-gnu/libpthread-2.28.so
7fe0b1794000-7fe0b17a3000 r-xp 00006000 08:01 792227                     /lib/x86_64-linux-gnu/libpthread-2.28.so
7fe0b17a3000-7fe0b17a9000 r--p 00015000 08:01 792227                     /lib/x86_64-linux-gnu/libpthread-2.28.so
7fe0b17a9000-7fe0b17aa000 r--p 0001a000 08:01 792227                     /lib/x86_64-linux-gnu/libpthread-2.28.so
7fe0b17aa000-7fe0b17ab000 rw-p 0001b000 08:01 792227                     /lib/x86_64-linux-gnu/libpthread-2.28.so
7fe0b17ab000-7fe0b17af000 rw-p 00000000 00:00 0 
7fe0b17af000-7fe0b17b0000 r--p 00000000 08:01 792166                     /lib/x86_64-linux-gnu/libdl-2.28.so
7fe0b17b0000-7fe0b17b2000 r-xp 00001000 08:01 792166                     /lib/x86_64-linux-gnu/libdl-2.28.so
7fe0b17b2000-7fe0b17b3000 r--p 00003000 08:01 792166                     /lib/x86_64-linux-gnu/libdl-2.28.so
7fe0b17b3000-7fe0b17b4000 r--p 00003000 08:01 792166                     /lib/x86_64-linux-gnu/libdl-2.28.so
7fe0b17b4000-7fe0b17b5000 rw-p 00004000 08:01 792166                     /lib/x86_64-linux-gnu/libdl-2.28.so
7fe0b17b5000-7fe0b17d1000 r-xp 00000000 08:01 792247                     /lib/x86_64-linux-gnu/libz.so.1.2.11
7fe0b17d1000-7fe0b19d0000 ---p 0001c000 08:01 792247                     /lib/x86_64-linux-gnu/libz.so.1.2.11
7fe0b19d0000-7fe0b19d1000 r--p 0001b000 08:01 792247                     /lib/x86_64-linux-gnu/libz.so.1.2.11
7fe0b19d1000-7fe0b19d2000 rw-p 0001c000 08:01 792247                     /lib/x86_64-linux-gnu/libz.so.1.2.11
7fe0b19d2000-7fe0b19f4000 r--p 00000000 08:01 792156                     /lib/x86_64-linux-gnu/libc-2.28.so
7fe0b19f4000-7fe0b1b65000 r-xp 00022000 08:01 792156                     /lib/x86_64-linux-gnu/libc-2.28.so
7fe0b1b65000-7fe0b1bb1000 r--p 00193000 08:01 792156                     /lib/x86_64-linux-gnu/libc-2.28.so
7fe0b1bb1000-7fe0b1bb2000 ---p 001df000 08:01 792156                     /lib/x86_64-linux-gnu/libc-2.28.so
7fe0b1bb2000-7fe0b1bb6000 r--p 001df000 08:01 792156                     /lib/x86_64-linux-gnu/libc-2.28.so
7fe0b1bb6000-7fe0b1bb8000 rw-p 001e3000 08:01 792156                     /lib/x86_64-linux-gnu/libc-2.28.so
7fe0b1bb8000-7fe0b1bbc000 rw-p 00000000 00:00 0 
7fe0b1bbc000-7fe0b1bbd000 r--s 00010000 08:01 657603                     /usr/lib/jvm/java-8-openjdk-amd64/jre/lib/ext/zipfs.jar
7fe0b1bbd000-7fe0b1bbe000 r--s 0000a000 08:01 657359                     /usr/lib/jvm/java-8-openjdk-amd64/jre/lib/ext/jaccess.jar
7fe0b1bbe000-7fe0b1bc1000 r--s 00039000 08:01 657602                     /usr/lib/jvm/java-8-openjdk-amd64/jre/lib/ext/sunpkcs11.jar
7fe0b1bc1000-7fe0b1bc2000 rw-p 00000000 00:00 0 
7fe0b1bc2000-7fe0b1bc3000 r--p 00000000 00:00 0 
7fe0b1bc3000-7fe0b1bc8000 r--p 00000000 08:01 280323                     /usr/lib/jvm/java-8-openjdk-amd64/jre/lib/amd64/libverify.so
7fe0b1bc8000-7fe0b1bd1000 r-xp 00005000 08:01 280323                     /usr/lib/jvm/java-8-openjdk-amd64/jre/lib/amd64/libverify.so
7fe0b1bd1000-7fe0b1bd3000 r--p 0000e000 08:01 280323                     /usr/lib/jvm/java-8-openjdk-amd64/jre/lib/amd64/libverify.so
7fe0b1bd3000-7fe0b1bd5000 r--p 0000f000 08:01 280323                     /usr/lib/jvm/java-8-openjdk-amd64/jre/lib/amd64/libverify.so
7fe0b1bd5000-7fe0b1bd6000 rw-p 00011000 08:01 280323                     /usr/lib/jvm/java-8-openjdk-amd64/jre/lib/amd64/libverify.so
7fe0b1bd6000-7fe0b1bd8000 r--p 00000000 08:01 278542                     /usr/lib/jvm/java-8-openjdk-amd64/jre/lib/amd64/jli/libjli.so
7fe0b1bd8000-7fe0b1be1000 r-xp 00002000 08:01 278542                     /usr/lib/jvm/java-8-openjdk-amd64/jre/lib/amd64/jli/libjli.so
7fe0b1be1000-7fe0b1be4000 r--p 0000b000 08:01 278542                     /usr/lib/jvm/java-8-openjdk-amd64/jre/lib/amd64/jli/libjli.so
7fe0b1be4000-7fe0b1be5000 r--p 0000d000 08:01 278542                     /usr/lib/jvm/java-8-openjdk-amd64/jre/lib/amd64/jli/libjli.so
7fe0b1be5000-7fe0b1be6000 rw-p 0000e000 08:01 278542                     /usr/lib/jvm/java-8-openjdk-amd64/jre/lib/amd64/jli/libjli.so
7fe0b1be6000-7fe0b1be8000 rw-p 00000000 00:00 0 
7fe0b1be8000-7fe0b1be9000 r--p 00000000 08:01 792144                     /lib/x86_64-linux-gnu/ld-2.28.so
7fe0b1be9000-7fe0b1c09000 r-xp 00001000 08:01 792144                     /lib/x86_64-linux-gnu/ld-2.28.so
7fe0b1c09000-7fe0b1c11000 r--p 00021000 08:01 792144                     /lib/x86_64-linux-gnu/ld-2.28.so
7fe0b1c11000-7fe0b1c12000 r--p 00028000 08:01 792144                     /lib/x86_64-linux-gnu/ld-2.28.so
7fe0b1c12000-7fe0b1c13000 rw-p 00029000 08:01 792144                     /lib/x86_64-linux-gnu/ld-2.28.so
7fe0b1c13000-7fe0b1c14000 rw-p 00000000 00:00 0 
7ffc2dfaf000-7ffc2dfd2000 rw-p 00000000 00:00 0                          [stack]
7ffc2dff9000-7ffc2dffc000 r--p 00000000 00:00 0                          [vvar]
7ffc2dffc000-7ffc2dffe000 r-xp 00000000 00:00 0                          [vdso]
ffffffffff600000-ffffffffff601000 r-xp 00000000 00:00 0                  [vsyscall]

VM Arguments:
jvm_args: -Dfile.encoding=UTF-8 
java_command: pagerankMR.controller.PageRankController
java_class_path (initial): /home/senko/eclipse-workspace/pagerankMR/target/classes:/home/senko/.m2/repository/org/apache/hadoop/hadoop-common/2.7.3/hadoop-common-2.7.3.jar:/home/senko/.m2/repository/org/apache/hadoop/hadoop-annotations/2.7.3/hadoop-annotations-2.7.3.jar:/usr/lib/jvm/java-8-openjdk-amd64/lib/tools.jar:/home/senko/.m2/repository/com/google/guava/guava/11.0.2/guava-11.0.2.jar:/home/senko/.m2/repository/commons-cli/commons-cli/1.2/commons-cli-1.2.jar:/home/senko/.m2/repository/org/apache/commons/commons-math3/3.1.1/commons-math3-3.1.1.jar:/home/senko/.m2/repository/xmlenc/xmlenc/0.52/xmlenc-0.52.jar:/home/senko/.m2/repository/commons-httpclient/commons-httpclient/3.1/commons-httpclient-3.1.jar:/home/senko/.m2/repository/commons-codec/commons-codec/1.4/commons-codec-1.4.jar:/home/senko/.m2/repository/commons-net/commons-net/3.1/commons-net-3.1.jar:/home/senko/.m2/repository/commons-collections/commons-collections/3.2.2/commons-collections-3.2.2.jar:/home/senko/.m2/repository/javax/servlet/servlet-api/2.5/servlet-api-2.5.jar:/home/senko/.m2/repository/org/mortbay/jetty/jetty/6.1.26/jetty-6.1.26.jar:/home/senko/.m2/repository/org/mortbay/jetty/jetty-util/6.1.26/jetty-util-6.1.26.jar:/home/senko/.m2/repository/javax/servlet/jsp/jsp-api/2.1/jsp-api-2.1.jar:/home/senko/.m2/repository/com/sun/jersey/jersey-core/1.9/jersey-core-1.9.jar:/home/senko/.m2/repository/com/sun/jersey/jersey-json/1.9/jersey-json-1.9.jar:/home/senko/.m2/repository/org/codehaus/jettison/jettison/1.1/jettison-1.1.jar:/home/senko/.m2/repository/com/sun/xml/bind/jaxb-impl/2.2.3-1/jaxb-impl-2.2.3-1.jar:/home/senko/.m2/repository/javax/xml/bind/jaxb-api/2.2.2/jaxb-api-2.2.2.jar:/home/senko/.m2/repository/javax/xml/stream/stax-api/1.0-2/stax-api-1.0-2.jar:/home/senko/.m2/repository/javax/activation/activation/1.1/activation-1.1.jar:/home/senko/.m2/repository/org/codehaus/jackson/jackson-jaxrs/1.8.3/jackson-jaxrs-1.8.3.jar:/home/senko/.m2/repository/org/codehaus/jackson/jackson-xc/1.8.3/jacks
Launcher Type: SUN_STANDARD

Environment Variables:
JAVA_HOME=/usr/lib/jvm/java-8-openjdk-amd64/
PATH=/usr/local/sbin:/usr/local/bin:/usr/sbin:/usr/bin:/sbin:/bin:/usr/games:/usr/local/games:/snap/bin
SHELL=/bin/bash
DISPLAY=:0

Signal Handlers:
SIGSEGV: [libjvm.so+0xa1a820], sa_mask[0]=11111111011111111101111111111110, sa_flags=SA_RESTART|SA_SIGINFO
SIGBUS: [libjvm.so+0xa1a820], sa_mask[0]=11111111011111111101111111111110, sa_flags=SA_RESTART|SA_SIGINFO
SIGFPE: [libjvm.so+0x87b4b0], sa_mask[0]=11111111011111111101111111111110, sa_flags=SA_RESTART|SA_SIGINFO
SIGPIPE: [libjvm.so+0x87b4b0], sa_mask[0]=11111111011111111101111111111110, sa_flags=SA_RESTART|SA_SIGINFO
SIGXFSZ: [libjvm.so+0x87b4b0], sa_mask[0]=11111111011111111101111111111110, sa_flags=SA_RESTART|SA_SIGINFO
SIGILL: [libjvm.so+0x87b4b0], sa_mask[0]=11111111011111111101111111111110, sa_flags=SA_RESTART|SA_SIGINFO
SIGUSR1: SIG_DFL, sa_mask[0]=00000000000000000000000000000000, sa_flags=none
SIGUSR2: [libjvm.so+0x87b350], sa_mask[0]=00100000000000000000000000000000, sa_flags=SA_RESTART|SA_SIGINFO
SIGHUP: [libjvm.so+0x87b730], sa_mask[0]=11111111011111111101111111111110, sa_flags=SA_RESTART|SA_SIGINFO
SIGINT: [libjvm.so+0x87b730], sa_mask[0]=11111111011111111101111111111110, sa_flags=SA_RESTART|SA_SIGINFO
SIGTERM: [libjvm.so+0x87b730], sa_mask[0]=11111111011111111101111111111110, sa_flags=SA_RESTART|SA_SIGINFO
SIGQUIT: [libjvm.so+0x87b730], sa_mask[0]=11111111011111111101111111111110, sa_flags=SA_RESTART|SA_SIGINFO


---------------  S Y S T E M  ---------------

OS:DISTRIB_ID=Ubuntu
DISTRIB_RELEASE=18.10
DISTRIB_CODENAME=cosmic
DISTRIB_DESCRIPTION="Ubuntu 18.10"

uname:Linux 4.18.0-20-generic #21-Ubuntu SMP Mon May 6 18:45:52 UTC 2019 x86_64
libc:glibc 2.28 NPTL 2.28 
rlimit: STACK 8192k, CORE 0k, NPROC 15424, NOFILE 1048576, AS infinity
load average:3,08 1,53 0,90

/proc/meminfo:
MemTotal:        4015472 kB
MemFree:           87724 kB
MemAvailable:       4856 kB
Buffers:             460 kB
Cached:           116188 kB
SwapCached:            0 kB
Active:          3163700 kB
Inactive:          91468 kB
Active(anon):    3149580 kB
Inactive(anon):    77696 kB
Active(file):      14120 kB
Inactive(file):    13772 kB
Unevictable:          32 kB
Mlocked:              32 kB
SwapTotal:             0 kB
SwapFree:              0 kB
Dirty:                40 kB
Writeback:             8 kB
AnonPages:       3138796 kB
Mapped:           110488 kB
Shmem:             88512 kB
Slab:             158008 kB
SReclaimable:      47244 kB
SUnreclaim:       110764 kB
KernelStack:       14704 kB
PageTables:        49832 kB
NFS_Unstable:          0 kB
Bounce:                0 kB
WritebackTmp:          0 kB
CommitLimit:     2007736 kB
Committed_AS:    9574436 kB
VmallocTotal:   34359738367 kB
VmallocUsed:           0 kB
VmallocChunk:          0 kB
HardwareCorrupted:     0 kB
AnonHugePages:         0 kB
ShmemHugePages:        0 kB
ShmemPmdMapped:        0 kB
CmaTotal:              0 kB
CmaFree:               0 kB
HugePages_Total:       0
HugePages_Free:        0
HugePages_Rsvd:        0
HugePages_Surp:        0
Hugepagesize:       2048 kB
Hugetlb:               0 kB
DirectMap4k:      270144 kB
DirectMap2M:     3923968 kB
DirectMap1G:     2097152 kB

container (cgroup) information:
container_type: cgroupv1
cpu_cpuset_cpus: 0-1
cpu_memory_nodes: 0
active_processor_count: 2
cpu_quota: -1
cpu_period: 100000
cpu_shares: -1
memory_limit_in_bytes: -1
memory_and_swap_limit_in_bytes: -2
memory_soft_limit_in_bytes: -1
memory_usage_in_bytes: 3324305408
memory_max_usage_in_bytes: 3384934400


CPU:total 2 (initial active 2) (2 cores per cpu, 1 threads per core) family 6 model 158 stepping 10, cmov, cx8, fxsr, mmx, sse, sse2, sse3, ssse3, sse4.1, sse4.2, popcnt, avx, avx2, aes, clmul, erms, 3dnowpref, lzcnt, tsc, tscinvbit, bmi1, bmi2, adx

/proc/cpuinfo:
processor	: 0
vendor_id	: GenuineIntel
cpu family	: 6
model		: 158
model name	: Intel(R) Core(TM) i7-8750H CPU @ 2.20GHz
stepping	: 10
microcode	: 0x96
cpu MHz		: 2207.999
cache size	: 9216 KB
physical id	: 0
siblings	: 2
core id		: 0
cpu cores	: 2
apicid		: 0
initial apicid	: 0
fpu		: yes
fpu_exception	: yes
cpuid level	: 22
wp		: yes
flags		: fpu vme de pse tsc msr pae mce cx8 apic sep mtrr pge mca cmov pat pse36 clflush mmx fxsr sse sse2 ss ht syscall nx pdpe1gb rdtscp lm constant_tsc arch_perfmon nopl xtopology tsc_reliable nonstop_tsc cpuid pni pclmulqdq ssse3 fma cx16 pcid sse4_1 sse4_2 x2apic movbe popcnt tsc_deadline_timer aes xsave avx f16c rdrand hypervisor lahf_lm abm 3dnowprefetch cpuid_fault invpcid_single pti ssbd ibrs ibpb stibp fsgsbase tsc_adjust bmi1 avx2 smep bmi2 invpcid mpx rdseed adx smap clflushopt xsaveopt xsavec xsaves arat flush_l1d arch_capabilities
bugs		: cpu_meltdown spectre_v1 spectre_v2 spec_store_bypass l1tf mds
bogomips	: 4415.99
clflush size	: 64
cache_alignment	: 64
address sizes	: 43 bits physical, 48 bits virtual
power management:

processor	: 1
vendor_id	: GenuineIntel
cpu family	: 6
model		: 158
model name	: Intel(R) Core(TM) i7-8750H CPU @ 2.20GHz
stepping	: 10
microcode	: 0x96
cpu MHz		: 2207.999
cache size	: 9216 KB
physical id	: 0
siblings	: 2
core id		: 1
cpu cores	: 2
apicid		: 1
initial apicid	: 1
fpu		: yes
fpu_exception	: yes
cpuid level	: 22
wp		: yes
flags		: fpu vme de pse tsc msr pae mce cx8 apic sep mtrr pge mca cmov pat pse36 clflush mmx fxsr sse sse2 ss ht syscall nx pdpe1gb rdtscp lm constant_tsc arch_perfmon nopl xtopology tsc_reliable nonstop_tsc cpuid pni pclmulqdq ssse3 fma cx16 pcid sse4_1 sse4_2 x2apic movbe popcnt tsc_deadline_timer aes xsave avx f16c rdrand hypervisor lahf_lm abm 3dnowprefetch cpuid_fault invpcid_single pti ssbd ibrs ibpb stibp fsgsbase tsc_adjust bmi1 avx2 smep bmi2 invpcid mpx rdseed adx smap clflushopt xsaveopt xsavec xsaves arat flush_l1d arch_capabilities
bugs		: cpu_meltdown spectre_v1 spectre_v2 spec_store_bypass l1tf mds
bogomips	: 4415.99
clflush size	: 64
cache_alignment	: 64
address sizes	: 43 bits physical, 48 bits virtual
power management:



Memory: 4k page, physical 4015472k(87724k free), swap 0k(0k free)

vm_info: OpenJDK 64-Bit Server VM (25.212-b03) for linux-amd64 JRE (1.8.0_212-8u212-b03-0ubuntu1.18.10.1-b03), built on Apr 26 2019 01:04:36 by "buildd" with gcc 8.2.0

time: Tue May 21 20:46:42 2019
timezone: CEST
elapsed time: 10 seconds (0d 0h 0m 10s)

