#
# There is insufficient memory for the Java Runtime Environment to continue.
# Native memory allocation (mmap) failed to map 105381888 bytes for committing reserved memory.
# Possible reasons:
#   The system is out of physical RAM or swap space
#   The process is running with CompressedOops enabled, and the Java Heap may be blocking the growth of the native heap
# Possible solutions:
#   Reduce memory load on the system
#   Increase physical memory or swap space
#   Check if swap backing store is full
#   Decrease Java heap size (-Xmx/-Xms)
#   Decrease number of Java threads
#   Decrease Java thread stack sizes (-Xss)
#   Set larger code cache with -XX:ReservedCodeCacheSize=
#   JVM is running with Unscaled Compressed Oops mode in which the Java heap is
#     placed in the first 4GB address space. The Java Heap base address is the
#     maximum limit for the native heap growth. Please use -XX:HeapBaseMinAddress
#     to set the Java Heap base and to place the Java Heap above 4GB virtual address.
# This output file may be truncated or incomplete.
#
#  Out of Memory Error (os_linux.cpp:2756), pid=24468, tid=0x00007f34db5ea700
#
# JRE version: OpenJDK Runtime Environment (8.0_212-b03) (build 1.8.0_212-8u212-b03-0ubuntu1.18.10.1-b03)
# Java VM: OpenJDK 64-Bit Server VM (25.212-b03 mixed mode linux-amd64 compressed oops)
# Failed to write core dump. Core dumps have been disabled. To enable core dumping, try "ulimit -c unlimited" before starting Java again
#

---------------  T H R E A D  ---------------

Current thread (0x00007f34ec00d800):  JavaThread "LocalJobRunner Map Task Executor #0" [_thread_in_vm, id=24655, stack(0x00007f34db4ea000,0x00007f34db5eb000)]

Stack: [0x00007f34db4ea000,0x00007f34db5eb000],  sp=0x00007f34db5e8ef0,  free space=1019k
Native frames: (J=compiled Java code, j=interpreted, Vv=VM code, C=native code)
V  [libjvm.so+0xa19db5]
V  [libjvm.so+0x4b12d7]
V  [libjvm.so+0x87ff28]
V  [libjvm.so+0x87764e]
V  [libjvm.so+0x8ef4ae]
V  [libjvm.so+0x8deb45]
V  [libjvm.so+0x8dec80]
V  [libjvm.so+0x8dee91]
V  [libjvm.so+0x8a0b5b]
V  [libjvm.so+0x9dc8b6]
V  [libjvm.so+0x62b2d6]
j  org.apache.hadoop.mapred.MapTask$MapOutputBuffer.init(Lorg/apache/hadoop/mapred/MapOutputCollector$Context;)V+254
j  org.apache.hadoop.mapred.MapTask.createSortingCollector(Lorg/apache/hadoop/mapred/JobConf;Lorg/apache/hadoop/mapred/Task$TaskReporter;)Lorg/apache/hadoop/mapred/MapOutputCollector;+166
j  org.apache.hadoop.mapred.MapTask.access$100(Lorg/apache/hadoop/mapred/MapTask;Lorg/apache/hadoop/mapred/JobConf;Lorg/apache/hadoop/mapred/Task$TaskReporter;)Lorg/apache/hadoop/mapred/MapOutputCollector;+3
j  org.apache.hadoop.mapred.MapTask$NewOutputCollector.<init>(Lorg/apache/hadoop/mapred/MapTask;Lorg/apache/hadoop/mapreduce/JobContext;Lorg/apache/hadoop/mapred/JobConf;Lorg/apache/hadoop/mapred/TaskUmbilicalProtocol;Lorg/apache/hadoop/mapred/Task$TaskReporter;)V+14
j  org.apache.hadoop.mapred.MapTask.runNewMapper(Lorg/apache/hadoop/mapred/JobConf;Lorg/apache/hadoop/mapreduce/split/JobSplit$TaskSplitIndex;Lorg/apache/hadoop/mapred/TaskUmbilicalProtocol;Lorg/apache/hadoop/mapred/Task$TaskReporter;)V+172
j  org.apache.hadoop.mapred.MapTask.run(Lorg/apache/hadoop/mapred/JobConf;Lorg/apache/hadoop/mapred/TaskUmbilicalProtocol;)V+148
j  org.apache.hadoop.mapred.LocalJobRunner$Job$MapTaskRunnable.run()V+223
j  java.util.concurrent.Executors$RunnableAdapter.call()Ljava/lang/Object;+4
j  java.util.concurrent.FutureTask.run()V+42
j  java.util.concurrent.ThreadPoolExecutor.runWorker(Ljava/util/concurrent/ThreadPoolExecutor$Worker;)V+95
j  java.util.concurrent.ThreadPoolExecutor$Worker.run()V+5
j  java.lang.Thread.run()V+11
v  ~StubRoutines::call_stub
V  [libjvm.so+0x63e43f]
V  [libjvm.so+0x63bc3f]
V  [libjvm.so+0x63c1f3]
V  [libjvm.so+0x67fcfb]
V  [libjvm.so+0x9c75fc]
V  [libjvm.so+0x9c79e8]
V  [libjvm.so+0x87d3b2]
C  [libpthread.so.0+0x8164]  start_thread+0xe4

Java frames: (J=compiled Java code, j=interpreted, Vv=VM code)
j  org.apache.hadoop.mapred.MapTask$MapOutputBuffer.init(Lorg/apache/hadoop/mapred/MapOutputCollector$Context;)V+254
j  org.apache.hadoop.mapred.MapTask.createSortingCollector(Lorg/apache/hadoop/mapred/JobConf;Lorg/apache/hadoop/mapred/Task$TaskReporter;)Lorg/apache/hadoop/mapred/MapOutputCollector;+166
j  org.apache.hadoop.mapred.MapTask.access$100(Lorg/apache/hadoop/mapred/MapTask;Lorg/apache/hadoop/mapred/JobConf;Lorg/apache/hadoop/mapred/Task$TaskReporter;)Lorg/apache/hadoop/mapred/MapOutputCollector;+3
j  org.apache.hadoop.mapred.MapTask$NewOutputCollector.<init>(Lorg/apache/hadoop/mapred/MapTask;Lorg/apache/hadoop/mapreduce/JobContext;Lorg/apache/hadoop/mapred/JobConf;Lorg/apache/hadoop/mapred/TaskUmbilicalProtocol;Lorg/apache/hadoop/mapred/Task$TaskReporter;)V+14
j  org.apache.hadoop.mapred.MapTask.runNewMapper(Lorg/apache/hadoop/mapred/JobConf;Lorg/apache/hadoop/mapreduce/split/JobSplit$TaskSplitIndex;Lorg/apache/hadoop/mapred/TaskUmbilicalProtocol;Lorg/apache/hadoop/mapred/Task$TaskReporter;)V+172
j  org.apache.hadoop.mapred.MapTask.run(Lorg/apache/hadoop/mapred/JobConf;Lorg/apache/hadoop/mapred/TaskUmbilicalProtocol;)V+148
j  org.apache.hadoop.mapred.LocalJobRunner$Job$MapTaskRunnable.run()V+223
j  java.util.concurrent.Executors$RunnableAdapter.call()Ljava/lang/Object;+4
j  java.util.concurrent.FutureTask.run()V+42
j  java.util.concurrent.ThreadPoolExecutor.runWorker(Ljava/util/concurrent/ThreadPoolExecutor$Worker;)V+95
j  java.util.concurrent.ThreadPoolExecutor$Worker.run()V+5
j  java.lang.Thread.run()V+11
v  ~StubRoutines::call_stub

---------------  P R O C E S S  ---------------

Java Threads: ( => current thread )
  0x00007f34f800b000 JavaThread "communication thread" daemon [_thread_blocked, id=24656, stack(0x00007f34db0e8000,0x00007f34db1e9000)]
=>0x00007f34ec00d800 JavaThread "LocalJobRunner Map Task Executor #0" [_thread_in_vm, id=24655, stack(0x00007f34db4ea000,0x00007f34db5eb000)]
  0x00007f3524fb3800 JavaThread "Thread-79" [_thread_blocked, id=24654, stack(0x00007f34db1e9000,0x00007f34db2ea000)]
  0x00007f35241c5000 JavaThread "org.apache.hadoop.fs.FileSystem$Statistics$StatisticsDataReferenceCleaner" daemon [_thread_blocked, id=24503, stack(0x00007f34f0259000,0x00007f34f035a000)]
  0x00007f3524b73000 JavaThread "process reaper" daemon [_thread_blocked, id=24501, stack(0x00007f34f035a000,0x00007f34f0393000)]
  0x00007f35245dd800 JavaThread "Service Thread" daemon [_thread_blocked, id=24494, stack(0x00007f34f38b6000,0x00007f34f39b7000)]
  0x00007f35245d2800 JavaThread "C1 CompilerThread1" daemon [_thread_blocked, id=24493, stack(0x00007f34f39b8000,0x00007f34f3ab8000)]
  0x00007f35245c7800 JavaThread "C2 CompilerThread0" daemon [_thread_in_vm, id=24492, stack(0x00007f34f3ab9000,0x00007f34f3bb9000)]
  0x00007f34f8001000 JavaThread "JDWP Command Reader" daemon [_thread_in_native, id=24488, stack(0x00007f34f3eff000,0x00007f34f4000000)]
  0x00007f3524151800 JavaThread "JDWP Event Helper Thread" daemon [_thread_blocked, id=24487, stack(0x00007f351006f000,0x00007f3510170000)]
  0x00007f352414d800 JavaThread "JDWP Transport Listener: dt_socket" daemon [_thread_in_vm, id=24484, stack(0x00007f3510170000,0x00007f3510271000)]
  0x00007f3524140000 JavaThread "Signal Dispatcher" daemon [_thread_blocked, id=24482, stack(0x00007f3510271000,0x00007f3510372000)]
  0x00007f352410f000 JavaThread "Finalizer" daemon [_thread_blocked, id=24481, stack(0x00007f3510372000,0x00007f3510473000)]
  0x00007f352410c800 JavaThread "Reference Handler" daemon [_thread_blocked, id=24480, stack(0x00007f3510473000,0x00007f3510574000)]
  0x00007f3524012800 JavaThread "main" [_thread_blocked, id=24475, stack(0x00007f35282b3000,0x00007f35283b3000)]

Other Threads:
  0x00007f3524102800 VMThread [stack: 0x00007f3510575000,0x00007f3510675000] [id=24479]
  0x00007f35245e0800 WatcherThread [stack: 0x00007f34f37b6000,0x00007f34f38b6000] [id=24495]

VM state:not at safepoint (normal execution)

VM Mutex/Monitor currently owned by a thread:  ([mutex/lock_event])
[0x00007f352400f090] ExpandHeap_lock - owner thread: 0x00007f34ec00d800
[0x00007f352400fc10] Heap_lock - owner thread: 0x00007f34ec00d800
[0x00007f3524010110] Compile_lock - owner thread: 0x00007f35245c7800
[0x00007f3524010210] MethodCompileQueue_lock - owner thread: 0x00007f35245c7800

heap address: 0x00000000c2a00000, size: 982 MB, Compressed Oops mode: 32-bit
Narrow klass base: 0x0000000000000000, Narrow klass shift: 3
Compressed class space size: 1073741824 Address: 0x0000000100000000

Heap:
 PSYoungGen      total 131072K, used 44305K [0x00000000eb900000, 0x00000000f3f00000, 0x0000000100000000)
  eden space 124928K, 32% used [0x00000000eb900000,0x00000000ee10c698,0x00000000f3300000)
  from space 6144K, 53% used [0x00000000f3900000,0x00000000f3c37f28,0x00000000f3f00000)
  to   space 6144K, 0% used [0x00000000f3300000,0x00000000f3300000,0x00000000f3900000)
 ParOldGen       total 248320K, used 209311K [0x00000000c2a00000, 0x00000000d1c80000, 0x00000000eb900000)
  object space 248320K, 84% used [0x00000000c2a00000,0x00000000cf667c48,0x00000000d1c80000)
 Metaspace       used 18655K, capacity 18882K, committed 19072K, reserved 1067008K
  class space    used 2081K, capacity 2169K, committed 2176K, reserved 1048576K

Card table byte_map: [0x00007f352800e000,0x00007f35281fa000] byte_map_base: 0x00007f35279f9000

Marking Bits: (ParMarkBitMap*) 0x00007f352938d3a0
 Begin Bits: [0x00007f3511c6b000, 0x00007f3512bc3000)
 End Bits:   [0x00007f3512bc3000, 0x00007f3513b1b000)

Polling page: 0x00007f35297e0000

CodeCache: size=245760Kb used=6637Kb max_used=6637Kb free=239122Kb
 bounds [0x00007f3514225000, 0x00007f35148a5000, 0x00007f3523225000]
 total_blobs=2398 nmethods=1956 adapters=362
 compilation: enabled

Compilation events (10 events):
Event: 6,999 Thread 0x00007f35245d2800 2092       1       org.apache.xerces.impl.dtd.XMLDTDProcessor::setFeature (1 bytes)
Event: 7,002 Thread 0x00007f35245d2800 nmethod 2092 0x00007f35145b8010 code [0x00007f35145b8160, 0x00007f35145b8270]
Event: 7,002 Thread 0x00007f35245d2800 2093       1       org.apache.xerces.impl.dtd.XMLDTDValidator::setFeature (1 bytes)
Event: 7,004 Thread 0x00007f35245d2800 nmethod 2093 0x00007f35145b7d50 code [0x00007f35145b7ea0, 0x00007f35145b7fb0]
Event: 7,227 Thread 0x00007f35245d2800 2094       2       java.net.URI::<init> (40 bytes)
Event: 7,293 Thread 0x00007f35245d2800 nmethod 2094 0x00007f35145b7910 code [0x00007f35145b7a80, 0x00007f35145b7cb0]
Event: 7,332 Thread 0x00007f35245d2800 2095       2       java.net.URI::isAbsolute (13 bytes)
Event: 7,333 Thread 0x00007f35245d2800 nmethod 2095 0x00007f35145b75d0 code [0x00007f35145b7720, 0x00007f35145b7890]
Event: 7,353 Thread 0x00007f35245d2800 2098       2       com.google.common.base.Preconditions::checkArgument (17 bytes)
Event: 7,354 Thread 0x00007f35245d2800 nmethod 2098 0x00007f35145b6d50 code [0x00007f35145b6ee0, 0x00007f35145b7118]

GC Heap History (10 events):
Event: 2,511 GC heap before
{Heap before GC invocations=4 (full 0):
 PSYoungGen      total 18432K, used 18411K [0x00000000eb900000, 0x00000000edd00000, 0x0000000100000000)
  eden space 15872K, 100% used [0x00000000eb900000,0x00000000ec880000,0x00000000ec880000)
  from space 2560K, 99% used [0x00000000ec880000,0x00000000ecafaf58,0x00000000ecb00000)
  to   space 2560K, 0% used [0x00000000eda80000,0x00000000eda80000,0x00000000edd00000)
 ParOldGen       total 42496K, used 135K [0x00000000c2a00000, 0x00000000c5380000, 0x00000000eb900000)
  object space 42496K, 0% used [0x00000000c2a00000,0x00000000c2a21ed0,0x00000000c5380000)
 Metaspace       used 11211K, capacity 11388K, committed 11648K, reserved 1058816K
  class space    used 1238K, capacity 1318K, committed 1408K, reserved 1048576K
Event: 2,516 GC heap after
Heap after GC invocations=4 (full 0):
 PSYoungGen      total 34304K, used 2540K [0x00000000eb900000, 0x00000000edd00000, 0x0000000100000000)
  eden space 31744K, 0% used [0x00000000eb900000,0x00000000eb900000,0x00000000ed800000)
  from space 2560K, 99% used [0x00000000eda80000,0x00000000edcfb308,0x00000000edd00000)
  to   space 2560K, 0% used [0x00000000ed800000,0x00000000ed800000,0x00000000eda80000)
 ParOldGen       total 42496K, used 563K [0x00000000c2a00000, 0x00000000c5380000, 0x00000000eb900000)
  object space 42496K, 1% used [0x00000000c2a00000,0x00000000c2a8cff0,0x00000000c5380000)
 Metaspace       used 11211K, capacity 11388K, committed 11648K, reserved 1058816K
  class space    used 1238K, capacity 1318K, committed 1408K, reserved 1048576K
}
Event: 2,759 GC heap before
{Heap before GC invocations=5 (full 0):
 PSYoungGen      total 34304K, used 34284K [0x00000000eb900000, 0x00000000edd00000, 0x0000000100000000)
  eden space 31744K, 100% used [0x00000000eb900000,0x00000000ed800000,0x00000000ed800000)
  from space 2560K, 99% used [0x00000000eda80000,0x00000000edcfb308,0x00000000edd00000)
  to   space 2560K, 0% used [0x00000000ed800000,0x00000000ed800000,0x00000000eda80000)
 ParOldGen       total 42496K, used 563K [0x00000000c2a00000, 0x00000000c5380000, 0x00000000eb900000)
  object space 42496K, 1% used [0x00000000c2a00000,0x00000000c2a8cff0,0x00000000c5380000)
 Metaspace       used 13404K, capacity 13596K, committed 13952K, reserved 1060864K
  class space    used 1470K, capacity 1542K, committed 1664K, reserved 1048576K
Event: 2,767 GC heap after
Heap after GC invocations=5 (full 0):
 PSYoungGen      total 34304K, used 2544K [0x00000000eb900000, 0x00000000f0000000, 0x0000000100000000)
  eden space 31744K, 0% used [0x00000000eb900000,0x00000000eb900000,0x00000000ed800000)
  from space 2560K, 99% used [0x00000000ed800000,0x00000000eda7c010,0x00000000eda80000)
  to   space 4608K, 0% used [0x00000000efb80000,0x00000000efb80000,0x00000000f0000000)
 ParOldGen       total 42496K, used 2431K [0x00000000c2a00000, 0x00000000c5380000, 0x00000000eb900000)
  object space 42496K, 5% used [0x00000000c2a00000,0x00000000c2c5fd70,0x00000000c5380000)
 Metaspace       used 13404K, capacity 13596K, committed 13952K, reserved 1060864K
  class space    used 1470K, capacity 1542K, committed 1664K, reserved 1048576K
}
Event: 3,178 GC heap before
{Heap before GC invocations=6 (full 0):
 PSYoungGen      total 34304K, used 34288K [0x00000000eb900000, 0x00000000f0000000, 0x0000000100000000)
  eden space 31744K, 100% used [0x00000000eb900000,0x00000000ed800000,0x00000000ed800000)
  from space 2560K, 99% used [0x00000000ed800000,0x00000000eda7c010,0x00000000eda80000)
  to   space 4608K, 0% used [0x00000000efb80000,0x00000000efb80000,0x00000000f0000000)
 ParOldGen       total 42496K, used 2431K [0x00000000c2a00000, 0x00000000c5380000, 0x00000000eb900000)
  object space 42496K, 5% used [0x00000000c2a00000,0x00000000c2c5fd70,0x00000000c5380000)
 Metaspace       used 15291K, capacity 15554K, committed 15744K, reserved 1062912K
  class space    used 1713K, capacity 1809K, committed 1920K, reserved 1048576K
Event: 3,191 GC heap after
Heap after GC invocations=6 (full 0):
 PSYoungGen      total 67072K, used 4599K [0x00000000eb900000, 0x00000000f0200000, 0x0000000100000000)
  eden space 62464K, 0% used [0x00000000eb900000,0x00000000eb900000,0x00000000ef600000)
  from space 4608K, 99% used [0x00000000efb80000,0x00000000efffdf00,0x00000000f0000000)
  to   space 5632K, 0% used [0x00000000ef600000,0x00000000ef600000,0x00000000efb80000)
 ParOldGen       total 42496K, used 2649K [0x00000000c2a00000, 0x00000000c5380000, 0x00000000eb900000)
  object space 42496K, 6% used [0x00000000c2a00000,0x00000000c2c96500,0x00000000c5380000)
 Metaspace       used 15291K, capacity 15554K, committed 15744K, reserved 1062912K
  class space    used 1713K, capacity 1809K, committed 1920K, reserved 1048576K
}
Event: 3,934 GC heap before
{Heap before GC invocations=7 (full 0):
 PSYoungGen      total 67072K, used 67063K [0x00000000eb900000, 0x00000000f0200000, 0x0000000100000000)
  eden space 62464K, 100% used [0x00000000eb900000,0x00000000ef600000,0x00000000ef600000)
  from space 4608K, 99% used [0x00000000efb80000,0x00000000efffdf00,0x00000000f0000000)
  to   space 5632K, 0% used [0x00000000ef600000,0x00000000ef600000,0x00000000efb80000)
 ParOldGen       total 145408K, used 105049K [0x00000000c2a00000, 0x00000000cb800000, 0x00000000eb900000)
  object space 145408K, 72% used [0x00000000c2a00000,0x00000000c9096510,0x00000000cb800000)
 Metaspace       used 17867K, capacity 18146K, committed 18304K, reserved 1064960K
  class space    used 2004K, capacity 2097K, committed 2176K, reserved 1048576K
Event: 3,953 GC heap after
Heap after GC invocations=7 (full 0):
 PSYoungGen      total 68096K, used 5462K [0x00000000eb900000, 0x00000000f3f00000, 0x0000000100000000)
  eden space 62464K, 0% used [0x00000000eb900000,0x00000000eb900000,0x00000000ef600000)
  from space 5632K, 96% used [0x00000000ef600000,0x00000000efb558c0,0x00000000efb80000)
  to   space 6144K, 0% used [0x00000000f3900000,0x00000000f3900000,0x00000000f3f00000)
 ParOldGen       total 145408K, used 106239K [0x00000000c2a00000, 0x00000000cb800000, 0x00000000eb900000)
  object space 145408K, 73% used [0x00000000c2a00000,0x00000000c91bfc38,0x00000000cb800000)
 Metaspace       used 17867K, capacity 18146K, committed 18304K, reserved 1064960K
  class space    used 2004K, capacity 2097K, committed 2176K, reserved 1048576K
}
Event: 6,063 GC heap before
{Heap before GC invocations=8 (full 0):
 PSYoungGen      total 68096K, used 67926K [0x00000000eb900000, 0x00000000f3f00000, 0x0000000100000000)
  eden space 62464K, 100% used [0x00000000eb900000,0x00000000ef600000,0x00000000ef600000)
  from space 5632K, 96% used [0x00000000ef600000,0x00000000efb558c0,0x00000000efb80000)
  to   space 6144K, 0% used [0x00000000f3900000,0x00000000f3900000,0x00000000f3f00000)
 ParOldGen       total 248320K, used 208639K [0x00000000c2a00000, 0x00000000d1c80000, 0x00000000eb900000)
  object space 248320K, 84% used [0x00000000c2a00000,0x00000000cf5bfc48,0x00000000d1c80000)
 Metaspace       used 18631K, capacity 18882K, committed 19072K, reserved 1067008K
  class space    used 2081K, capacity 2169K, committed 2176K, reserved 1048576K
Event: 6,077 GC heap after
Heap after GC invocations=8 (full 0):
 PSYoungGen      total 131072K, used 3295K [0x00000000eb900000, 0x00000000f3f00000, 0x0000000100000000)
  eden space 124928K, 0% used [0x00000000eb900000,0x00000000eb900000,0x00000000f3300000)
  from space 6144K, 53% used [0x00000000f3900000,0x00000000f3c37f28,0x00000000f3f00000)
  to   space 6144K, 0% used [0x00000000f3300000,0x00000000f3300000,0x00000000f3900000)
 ParOldGen       total 248320K, used 209311K [0x00000000c2a00000, 0x00000000d1c80000, 0x00000000eb900000)
  object space 248320K, 84% used [0x00000000c2a00000,0x00000000cf667c48,0x00000000d1c80000)
 Metaspace       used 18631K, capacity 18882K, committed 19072K, reserved 1067008K
  class space    used 2081K, capacity 2169K, committed 2176K, reserved 1048576K
}

Deoptimization events (3 events):
Event: 1,724 Thread 0x00007f3524012800 Uncommon trap: reason=unstable_if action=reinterpret pc=0x00007f35143aa2c8 method=org.eclipse.jdt.launching.internal.org.objectweb.asm.ClassReader.readUtf(II[C)Ljava/lang/String; @ 41
Event: 1,724 Thread 0x00007f3524012800 Uncommon trap: reason=unstable_if action=reinterpret pc=0x00007f3514415a9c method=org.eclipse.jdt.launching.internal.org.objectweb.asm.ByteVector.putUTF8(Ljava/lang/String;)Lorg/eclipse/jdt/launching/internal/org/objectweb/asm/ByteVector; @ 100
Event: 1,898 Thread 0x00007f3524012800 Uncommon trap: reason=unstable_if action=reinterpret pc=0x00007f3514426668 method=org.eclipse.jdt.launching.internal.org.objectweb.asm.MethodWriter.visitVarInsn(II)V @ 20

Classes redefined (0 events):
No events

Internal exceptions (10 events):
Event: 2,193 Thread 0x00007f3524012800 Exception <a 'java/lang/NoSuchFieldError': method resolution failed> (0x00000000ec55c278) thrown at [/build/openjdk-8-gyaYyR/openjdk-8-8u212-b03/src/hotspot/src/share/vm/prims/methodHandles.cpp, line 1167]
Event: 2,475 Thread 0x00007f3524012800 Exception <a 'java/io/FileNotFoundException'> (0x00000000ec3f4d70) thrown at [/build/openjdk-8-gyaYyR/openjdk-8-8u212-b03/src/hotspot/src/share/vm/prims/jni.cpp, line 710]
Event: 2,475 Thread 0x00007f3524012800 Exception <a 'java/security/PrivilegedActionException'> (0x00000000ec3f51d8) thrown at [/build/openjdk-8-gyaYyR/openjdk-8-8u212-b03/src/hotspot/src/share/vm/prims/jvm.cpp, line 1502]
Event: 2,475 Thread 0x00007f3524012800 Exception <a 'java/lang/reflect/InvocationTargetException'> (0x00000000ec3f76d8) thrown at [/build/openjdk-8-gyaYyR/openjdk-8-8u212-b03/src/hotspot/src/share/vm/runtime/reflection.cpp, line 1092]
Event: 4,006 Thread 0x00007f34f4023800 Exception <a 'java/lang/InterruptedException': sleep interrupted> (0x00000000ebd453e0) thrown at [/build/openjdk-8-gyaYyR/openjdk-8-8u212-b03/src/hotspot/src/share/vm/prims/jvm.cpp, line 3336]
Event: 4,007 Thread 0x00007f34f401e000 Exception <a 'java/lang/InterruptedException'> (0x00000000ebe22238) thrown at [/build/openjdk-8-gyaYyR/openjdk-8-8u212-b03/src/hotspot/src/share/vm/runtime/objectMonitor.cpp, line 1684]
Event: 4,011 Thread 0x00007f34f401d800 Exception <a 'java/lang/InterruptedException'> (0x00000000ebf0d6c8) thrown at [/build/openjdk-8-gyaYyR/openjdk-8-8u212-b03/src/hotspot/src/share/vm/runtime/objectMonitor.cpp, line 1684]
Event: 5,676 Thread 0x00007f3500006000 Exception <a 'java/lang/InterruptedException': sleep interrupted> (0x00000000eec26778) thrown at [/build/openjdk-8-gyaYyR/openjdk-8-8u212-b03/src/hotspot/src/share/vm/prims/jvm.cpp, line 3336]
Event: 5,679 Thread 0x00007f3500004000 Exception <a 'java/lang/InterruptedException'> (0x00000000eed10210) thrown at [/build/openjdk-8-gyaYyR/openjdk-8-8u212-b03/src/hotspot/src/share/vm/runtime/objectMonitor.cpp, line 1684]
Event: 5,680 Thread 0x00007f3500005000 Exception <a 'java/lang/InterruptedException'> (0x00000000eed5e370) thrown at [/build/openjdk-8-gyaYyR/openjdk-8-8u212-b03/src/hotspot/src/share/vm/runtime/objectMonitor.cpp, line 1684]

Events (10 events):
Event: 7,112 Executing VM operation: RevokeBias
Event: 7,112 Executing VM operation: RevokeBias done
Event: 7,113 Executing VM operation: RevokeBias
Event: 7,113 Executing VM operation: RevokeBias done
Event: 7,158 Thread 0x00007f34ec00d800 Thread added: 0x00007f34ec00d800
Event: 7,166 Executing VM operation: RevokeBias
Event: 7,166 Executing VM operation: RevokeBias done
Event: 7,166 Executing VM operation: RevokeBias
Event: 7,166 Executing VM operation: RevokeBias done
Event: 7,184 Thread 0x00007f34f800b000 Thread added: 0x00007f34f800b000


Dynamic libraries:
c2a00000-d1c80000 rw-p 00000000 00:00 0 
d8100000-eb900000 ---p 00000000 00:00 0 
eb900000-f3f00000 rw-p 00000000 00:00 0 
f3f00000-100000000 ---p 00000000 00:00 0 
100000000-100220000 rw-p 00000000 00:00 0 
100220000-140000000 ---p 00000000 00:00 0 
555e54f78000-555e54f79000 r--p 00000000 08:01 277613                     /usr/lib/jvm/java-8-openjdk-amd64/jre/bin/java
555e54f79000-555e54f7a000 r-xp 00001000 08:01 277613                     /usr/lib/jvm/java-8-openjdk-amd64/jre/bin/java
555e54f7a000-555e54f7b000 r--p 00002000 08:01 277613                     /usr/lib/jvm/java-8-openjdk-amd64/jre/bin/java
555e54f7b000-555e54f7c000 r--p 00002000 08:01 277613                     /usr/lib/jvm/java-8-openjdk-amd64/jre/bin/java
555e54f7c000-555e54f7d000 rw-p 00003000 08:01 277613                     /usr/lib/jvm/java-8-openjdk-amd64/jre/bin/java
555e55fc4000-555e55fe5000 rw-p 00000000 00:00 0                          [heap]
7f34c8000000-7f34cbffc000 rw-p 00000000 00:00 0 
7f34cbffc000-7f34cc000000 ---p 00000000 00:00 0 
7f34cc000000-7f34cd0ce000 rw-p 00000000 00:00 0 
7f34cd0ce000-7f34d0000000 ---p 00000000 00:00 0 
7f34d0000000-7f34d0021000 rw-p 00000000 00:00 0 
7f34d0021000-7f34d4000000 ---p 00000000 00:00 0 
7f34d4000000-7f34d4021000 rw-p 00000000 00:00 0 
7f34d4021000-7f34d8000000 ---p 00000000 00:00 0 
7f34da9e3000-7f34daa63000 rw-p 00000000 00:00 0 
7f34daa63000-7f34dabe6000 ---p 00000000 00:00 0 
7f34dabe6000-7f34dace4000 rw-p 00000000 00:00 0 
7f34dace4000-7f34dace7000 ---p 00000000 00:00 0 
7f34dace7000-7f34dade5000 rw-p 00000000 00:00 0 
7f34dade5000-7f34dade8000 ---p 00000000 00:00 0 
7f34dade8000-7f34daee6000 rw-p 00000000 00:00 0 
7f34daee6000-7f34daee9000 ---p 00000000 00:00 0 
7f34daee9000-7f34dafe7000 rw-p 00000000 00:00 0 
7f34dafe7000-7f34dafea000 ---p 00000000 00:00 0 
7f34dafea000-7f34db0e8000 rw-p 00000000 00:00 0 
7f34db0e8000-7f34db0eb000 ---p 00000000 00:00 0 
7f34db0eb000-7f34db1e9000 rw-p 00000000 00:00 0 
7f34db1e9000-7f34db1ec000 ---p 00000000 00:00 0 
7f34db1ec000-7f34db4ea000 rw-p 00000000 00:00 0 
7f34db4ea000-7f34db4ed000 ---p 00000000 00:00 0 
7f34db4ed000-7f34db7eb000 rw-p 00000000 00:00 0 
7f34db7eb000-7f34db9eb000 rw-p 00000000 00:00 0 
7f34dc000000-7f34ddb41000 rw-p 00000000 00:00 0 
7f34ddb41000-7f34e0000000 ---p 00000000 00:00 0 
7f34e0000000-7f34e0043000 rw-p 00000000 00:00 0 
7f34e0043000-7f34e4000000 ---p 00000000 00:00 0 
7f34e4000000-7f34e4021000 rw-p 00000000 00:00 0 
7f34e4021000-7f34e8000000 ---p 00000000 00:00 0 
7f34e8000000-7f34ebfcc000 rw-p 00000000 00:00 0 
7f34ebfcc000-7f34ec000000 ---p 00000000 00:00 0 
7f34ec000000-7f34ec021000 rw-p 00000000 00:00 0 
7f34ec021000-7f34f0000000 ---p 00000000 00:00 0 
7f34f0013000-7f34f0018000 r--s 002f9000 08:01 280327                     /usr/lib/jvm/java-8-openjdk-amd64/jre/lib/charsets.jar
7f34f0018000-7f34f001f000 r--p 00000000 08:01 280321                     /usr/lib/jvm/java-8-openjdk-amd64/jre/lib/amd64/libsunec.so
7f34f001f000-7f34f0037000 r-xp 00007000 08:01 280321                     /usr/lib/jvm/java-8-openjdk-amd64/jre/lib/amd64/libsunec.so
7f34f0037000-7f34f0041000 r--p 0001f000 08:01 280321                     /usr/lib/jvm/java-8-openjdk-amd64/jre/lib/amd64/libsunec.so
7f34f0041000-7f34f0045000 r--p 00028000 08:01 280321                     /usr/lib/jvm/java-8-openjdk-amd64/jre/lib/amd64/libsunec.so
7f34f0045000-7f34f0046000 rw-p 0002c000 08:01 280321                     /usr/lib/jvm/java-8-openjdk-amd64/jre/lib/amd64/libsunec.so
7f34f0046000-7f34f004a000 r--p 00000000 08:01 280314                     /usr/lib/jvm/java-8-openjdk-amd64/jre/lib/amd64/libmanagement.so
7f34f004a000-7f34f004e000 r-xp 00004000 08:01 280314                     /usr/lib/jvm/java-8-openjdk-amd64/jre/lib/amd64/libmanagement.so
7f34f004e000-7f34f0050000 r--p 00008000 08:01 280314                     /usr/lib/jvm/java-8-openjdk-amd64/jre/lib/amd64/libmanagement.so
7f34f0050000-7f34f0051000 r--p 00009000 08:01 280314                     /usr/lib/jvm/java-8-openjdk-amd64/jre/lib/amd64/libmanagement.so
7f34f0051000-7f34f0052000 rw-p 0000a000 08:01 280314                     /usr/lib/jvm/java-8-openjdk-amd64/jre/lib/amd64/libmanagement.so
7f34f0052000-7f34f0252000 rw-p 00000000 00:00 0 
7f34f0254000-7f34f0255000 r--p 00000000 08:01 278819                     /usr/lib/jvm/java-8-openjdk-amd64/jre/lib/amd64/libjaas_unix.so
7f34f0255000-7f34f0256000 r-xp 00001000 08:01 278819                     /usr/lib/jvm/java-8-openjdk-amd64/jre/lib/amd64/libjaas_unix.so
7f34f0256000-7f34f0257000 r--p 00002000 08:01 278819                     /usr/lib/jvm/java-8-openjdk-amd64/jre/lib/amd64/libjaas_unix.so
7f34f0257000-7f34f0258000 r--p 00002000 08:01 278819                     /usr/lib/jvm/java-8-openjdk-amd64/jre/lib/amd64/libjaas_unix.so
7f34f0258000-7f34f0259000 rw-p 00003000 08:01 278819                     /usr/lib/jvm/java-8-openjdk-amd64/jre/lib/amd64/libjaas_unix.so
7f34f0259000-7f34f025c000 ---p 00000000 00:00 0 
7f34f025c000-7f34f035a000 rw-p 00000000 00:00 0 
7f34f035a000-7f34f035d000 ---p 00000000 00:00 0 
7f34f035d000-7f34f0393000 rw-p 00000000 00:00 0 
7f34f0787000-7f34f3788000 rw-p 00000000 00:00 0 
7f34f3788000-7f34f378c000 r--p 00000000 08:01 280316                     /usr/lib/jvm/java-8-openjdk-amd64/jre/lib/amd64/libnet.so
7f34f378c000-7f34f379b000 r-xp 00004000 08:01 280316                     /usr/lib/jvm/java-8-openjdk-amd64/jre/lib/amd64/libnet.so
7f34f379b000-7f34f379f000 r--p 00013000 08:01 280316                     /usr/lib/jvm/java-8-openjdk-amd64/jre/lib/amd64/libnet.so
7f34f379f000-7f34f37a0000 r--p 00016000 08:01 280316                     /usr/lib/jvm/java-8-openjdk-amd64/jre/lib/amd64/libnet.so
7f34f37a0000-7f34f37a1000 rw-p 00017000 08:01 280316                     /usr/lib/jvm/java-8-openjdk-amd64/jre/lib/amd64/libnet.so
7f34f37a1000-7f34f37a8000 r--p 00000000 08:01 280317                     /usr/lib/jvm/java-8-openjdk-amd64/jre/lib/amd64/libnio.so
7f34f37a8000-7f34f37b0000 r-xp 00007000 08:01 280317                     /usr/lib/jvm/java-8-openjdk-amd64/jre/lib/amd64/libnio.so
7f34f37b0000-7f34f37b3000 r--p 0000f000 08:01 280317                     /usr/lib/jvm/java-8-openjdk-amd64/jre/lib/amd64/libnio.so
7f34f37b3000-7f34f37b4000 r--p 00011000 08:01 280317                     /usr/lib/jvm/java-8-openjdk-amd64/jre/lib/amd64/libnio.so
7f34f37b4000-7f34f37b5000 rw-p 00012000 08:01 280317                     /usr/lib/jvm/java-8-openjdk-amd64/jre/lib/amd64/libnio.so
7f34f37b5000-7f34f37b6000 ---p 00000000 00:00 0 
7f34f37b6000-7f34f38b6000 rw-p 00000000 00:00 0 
7f34f38b6000-7f34f38b9000 ---p 00000000 00:00 0 
7f34f38b9000-7f34f39b7000 rw-p 00000000 00:00 0 
7f34f39b7000-7f34f39b8000 ---p 00000000 00:00 0 
7f34f39b8000-7f34f39bb000 ---p 00000000 00:00 0 
7f34f39bb000-7f34f3ab8000 rw-p 00000000 00:00 0 
7f34f3ab8000-7f34f3ab9000 ---p 00000000 00:00 0 
7f34f3ab9000-7f34f3abc000 ---p 00000000 00:00 0 
7f34f3abc000-7f34f3bb9000 rw-p 00000000 00:00 0 
7f34f3bb9000-7f34f3bcc000 r--s 00346000 08:01 280338                     /usr/lib/jvm/java-8-openjdk-amd64/jre/lib/resources.jar
7f34f3bcc000-7f34f3bce000 r--s 00016000 08:01 280332                     /usr/lib/jvm/java-8-openjdk-amd64/jre/lib/jce.jar
7f34f3bce000-7f34f3bd2000 r--s 000a1000 08:01 280334                     /usr/lib/jvm/java-8-openjdk-amd64/jre/lib/jsse.jar
7f34f3bd2000-7f34f3bd4000 r--s 0001f000 08:01 667107                     /home/senko/eclipse/jee-2019-03/eclipse/configuration/org.eclipse.osgi/404/0/.cp/lib/javaagent-shaded.jar
7f34f3bd4000-7f34f3bd8000 r--s 00031000 08:01 788233                     /home/senko/.m2/repository/commons-io/commons-io/2.6/commons-io-2.6.jar
7f34f3bd8000-7f34f3bda000 r--s 0000e000 08:01 171658                     /home/senko/.m2/repository/org/apache/hadoop/hadoop-mapreduce-client-jobclient/2.7.3/hadoop-mapreduce-client-jobclient-2.7.3.jar
7f34f3bda000-7f34f3bdd000 r--s 0001d000 08:01 936726                     /home/senko/.m2/repository/com/sun/jersey/jersey-client/1.9/jersey-client-1.9.jar
7f34f3bdd000-7f34f3bf4000 r--s 00183000 08:01 397443                     /home/senko/.m2/repository/org/apache/hadoop/hadoop-yarn-common/2.7.3/hadoop-yarn-common-2.7.3.jar
7f34f3bf4000-7f34f3c0d000 r--s 00164000 08:01 936724                     /home/senko/.m2/repository/org/apache/hadoop/hadoop-mapreduce-client-core/2.7.3/hadoop-mapreduce-client-core-2.7.3.jar
7f34f3c0d000-7f34f3c2a000 r--s 001d5000 08:01 936722                     /home/senko/.m2/repository/org/apache/hadoop/hadoop-yarn-api/2.7.3/hadoop-yarn-api-2.7.3.jar
7f34f3c2a000-7f34f3c2c000 r--s 00010000 08:01 171656                     /home/senko/.m2/repository/org/apache/hadoop/hadoop-mapreduce-client-shuffle/2.7.3/hadoop-mapreduce-client-shuffle-2.7.3.jar
7f34f3c2c000-7f34f3c33000 r--s 00058000 08:01 936720                     /home/senko/.m2/repository/org/apache/hadoop/hadoop-yarn-server-common/2.7.3/hadoop-yarn-server-common-2.7.3.jar
7f34f3c33000-7f34f3c36000 r--s 00026000 08:01 936718                     /home/senko/.m2/repository/org/apache/hadoop/hadoop-yarn-client/2.7.3/hadoop-yarn-client-2.7.3.jar
7f34f3c36000-7f34f3c43000 r--s 000b1000 08:01 806233                     /home/senko/.m2/repository/org/apache/hadoop/hadoop-mapreduce-client-common/2.7.3/hadoop-mapreduce-client-common-2.7.3.jar
7f34f3c43000-7f34f3c4d000 r--s 0007b000 08:01 678136                     /home/senko/.m2/repository/org/apache/hadoop/hadoop-mapreduce-client-app/2.7.3/hadoop-mapreduce-client-app-2.7.3.jar
7f34f3c4d000-7f34f3c50000 r--s 000fd000 08:01 936716                     /home/senko/.m2/repository/org/fusesource/leveldbjni/leveldbjni-all/1.8/leveldbjni-all-1.8.jar
7f34f3c50000-7f34f3c58000 r--s 00028000 08:01 936714                     /home/senko/.m2/repository/xml-apis/xml-apis/1.3.04/xml-apis-1.3.04.jar
7f34f3c58000-7f34f3c70000 r--s 00115000 08:01 936712                     /home/senko/.m2/repository/xerces/xercesImpl/2.9.1/xercesImpl-2.9.1.jar
7f34f3c70000-7f34f3c8d000 r--s 00196000 08:01 397441                     /home/senko/.m2/repository/io/netty/netty-all/4.0.23.Final/netty-all-4.0.23.Final.jar
7f34f3c8d000-7f34f3cf8000 r--s 00784000 08:01 806231                     /home/senko/.m2/repository/org/apache/hadoop/hadoop-hdfs/2.7.3/hadoop-hdfs-2.7.3.jar
7f34f3cf8000-7f34f3cf9000 r--s 00006000 08:01 548072                     /home/senko/.m2/repository/org/apache/hadoop/hadoop-client/2.7.3/hadoop-client-2.7.3.jar
7f34f3cf9000-7f34f3cfd000 r--s 00014000 08:01 678134                     /home/senko/.m2/repository/org/tukaani/xz/1.0/xz-1.0.jar
7f34f3cfd000-7f34f3d02000 r--s 00036000 08:01 678132                     /home/senko/.m2/repository/org/apache/commons/commons-compress/1.4.1/commons-compress-1.4.1.jar
7f34f3d02000-7f34f3d1a000 r--s 00110000 08:01 678130                     /home/senko/.m2/repository/io/netty/netty/3.7.0.Final/netty-3.7.0.Final.jar
7f34f3d1a000-7f34f3d26000 r--s 000b6000 08:01 936710                     /home/senko/.m2/repository/org/apache/zookeeper/zookeeper/3.4.6/zookeeper-3.4.6.jar
7f34f3d26000-7f34f3d3f000 r--s 00150000 08:01 171654                     /home/senko/.m2/repository/org/apache/htrace/htrace-core/3.1.0-incubating/htrace-core-3.1.0-incubating.jar
7f34f3d3f000-7f34f3d42000 r--s 00006000 08:01 806228                     /home/senko/.m2/repository/com/google/code/findbugs/jsr305/3.0.0/jsr305-3.0.0.jar
7f34f3d42000-7f34f3d4a000 r--s 0003b000 08:01 678128                     /home/senko/.m2/repository/org/apache/curator/curator-recipes/2.7.1/curator-recipes-2.7.1.jar
7f34f3d4a000-7f34f3d4c000 r--s 0000f000 08:01 678126                     /home/senko/.m2/repository/org/apache/curator/curator-client/2.7.1/curator-client-2.7.1.jar
7f34f3d4c000-7f34f3d4f000 r--s 0002b000 08:01 936708                     /home/senko/.m2/repository/com/jcraft/jsch/0.1.42/jsch-0.1.42.jar
7f34f3d4f000-7f34f3d55000 r--s 00028000 08:01 802471                     /home/senko/.m2/repository/org/apache/curator/curator-framework/2.7.1/curator-framework-2.7.1.jar
7f34f3d55000-7f34f3d57000 r--s 00012000 08:01 936706                     /home/senko/.m2/repository/org/apache/directory/api/api-util/1.0.0-M20/api-util-1.0.0-M20.jar
7f34f3d57000-7f34f3d59000 r--s 00003000 08:01 936704                     /home/senko/.m2/repository/org/apache/directory/api/api-asn1-api/1.0.0-M20/api-asn1-api-1.0.0-M20.jar
7f34f3d59000-7f34f3d5a000 r--s 0000a000 08:01 1243766                    /home/senko/.m2/repository/org/apache/directory/server/apacheds-i18n/2.0.0-M15/apacheds-i18n-2.0.0-M15.jar
7f34f3d5a000-7f34f3d6c000 r--s 00097000 08:01 1243764                    /home/senko/.m2/repository/org/apache/directory/server/apacheds-kerberos-codec/2.0.0-M15/apacheds-kerberos-codec-2.0.0-M15.jar
7f34f3d6c000-7f34f3d6e000 r--s 00015000 08:01 548070                     /home/senko/.m2/repository/org/apache/hadoop/hadoop-auth/2.7.3/hadoop-auth-2.7.3.jar
7f34f3d6e000-7f34f3d73000 r--s 0002a000 08:01 678124                     /home/senko/.m2/repository/com/google/code/gson/gson/2.2.4/gson-2.2.4.jar
7f34f3d73000-7f34f3d7b000 r--s 0007b000 08:01 548068                     /home/senko/.m2/repository/com/google/protobuf/protobuf-java/2.5.0/protobuf-java-2.5.0.jar
7f34f3d7b000-7f34f3d7d000 r--s 000f2000 08:01 548066                     /home/senko/.m2/repository/org/xerial/snappy/snappy-java/1.0.4.1/snappy-java-1.0.4.1.jar
7f34f3d7d000-7f34f3d7f000 r--s 00006000 08:01 936702                     /home/senko/.m2/repository/com/thoughtworks/paranamer/paranamer/2.3/paranamer-2.3.jar
7f34f3d7f000-7f34f3d86000 r--s 00044000 08:01 936700                     /home/senko/.m2/repository/org/apache/avro/avro/1.7.4/avro-1.7.4.jar
7f34f3d86000-7f34f3d94000 r--s 000b1000 08:01 397438                     /home/senko/.m2/repository/org/codehaus/jackson/jackson-mapper-asl/1.9.13/jackson-mapper-asl-1.9.13.jar
7f34f3d94000-7f34f3d98000 r--s 00035000 08:01 1243762                    /home/senko/.m2/repository/org/codehaus/jackson/jackson-core-asl/1.9.13/jackson-core-asl-1.9.13.jar
7f34f3d98000-7f34f3d9a000 r--s 00001000 08:01 936698                     /home/senko/.m2/repository/org/slf4j/slf4j-log4j12/1.7.10/slf4j-log4j12-1.7.10.jar
7f34f3d9a000-7f34f3d9b000 r--s 00007000 08:01 936696                     /home/senko/.m2/repository/org/slf4j/slf4j-api/1.7.10/slf4j-api-1.7.10.jar
7f34f3d9b000-7f34f3d9f000 r--s 0002f000 08:01 802469                     /home/senko/.m2/repository/commons-beanutils/commons-beanutils-core/1.8.0/commons-beanutils-core-1.8.0.jar
7f34f3d9f000-7f34f3da4000 r--s 0002a000 08:01 802467                     /home/senko/.m2/repository/commons-beanutils/commons-beanutils/1.7.0/commons-beanutils-1.7.0.jar
7f34f3da4000-7f34f3da8000 r--s 00020000 08:01 678122                     /home/senko/.m2/repository/commons-digester/commons-digester/1.8/commons-digester-1.8.jar
7f34f3da8000-7f34f3dae000 r--s 00043000 08:01 171652                     /home/senko/.m2/repository/commons-configuration/commons-configuration/1.6/commons-configuration-1.6.jar
7f34f3dae000-7f34f3db3000 r--s 00041000 08:01 1243760                    /home/senko/.m2/repository/commons-lang/commons-lang/2.6/commons-lang-2.6.jar
7f34f3db3000-7f34f3db4000 r--s 00004000 08:01 936694                     /home/senko/.m2/repository/com/jamesmurty/utils/java-xmlbuilder/0.4/java-xmlbuilder-0.4.jar
7f34f3db4000-7f34f3db9000 r--s 00028000 08:01 936692                     /home/senko/.m2/repository/org/apache/httpcomponents/httpcore/4.1.2/httpcore-4.1.2.jar
7f34f3db9000-7f34f3dc1000 r--s 0004e000 08:01 936690                     /home/senko/.m2/repository/org/apache/httpcomponents/httpclient/4.1.2/httpclient-4.1.2.jar
7f34f3dc1000-7f34f3dca000 r--s 0007b000 08:01 397436                     /home/senko/.m2/repository/net/java/dev/jets3t/jets3t/0.9.0/jets3t-0.9.0.jar
7f34f3dca000-7f34f3dd3000 r--s 0006f000 08:01 936688                     /home/senko/.m2/repository/log4j/log4j/1.2.17/log4j-1.2.17.jar
7f34f3dd3000-7f34f3dd5000 r--s 0000e000 08:01 936686                     /home/senko/.m2/repository/commons-logging/commons-logging/1.1.3/commons-logging-1.1.3.jar
7f34f3dd5000-7f34f3dd6000 r--s 0000a000 08:01 1243758                    /home/senko/.m2/repository/asm/asm/3.1/asm-3.1.jar
7f34f3dd6000-7f34f3de8000 r--s 0009d000 08:01 802465                     /home/senko/.m2/repository/com/sun/jersey/jersey-server/1.9/jersey-server-1.9.jar
7f34f3de8000-7f34f3de9000 r--s 00007000 08:01 678120                     /home/senko/.m2/repository/org/codehaus/jackson/jackson-xc/1.8.3/jackson-xc-1.8.3.jar
7f34f3de9000-7f34f3dea000 r--s 00004000 08:01 678118                     /home/senko/.m2/repository/org/codehaus/jackson/jackson-jaxrs/1.8.3/jackson-jaxrs-1.8.3.jar
7f34f3dea000-7f34f3dec000 r--s 0000e000 08:01 936684                     /home/senko/.m2/repository/javax/activation/activation/1.1/activation-1.1.jar
7f34f3dec000-7f34f3dee000 r--s 00004000 08:01 936682                     /home/senko/.m2/repository/javax/xml/stream/stax-api/1.0-2/stax-api-1.0-2.jar
7f34f3dee000-7f34f3df1000 r--s 00017000 08:01 936680                     /home/senko/.m2/repository/javax/xml/bind/jaxb-api/2.2.2/jaxb-api-2.2.2.jar
7f34f3df1000-7f34f3e04000 r--s 000c7000 08:01 936678                     /home/senko/.m2/repository/com/sun/xml/bind/jaxb-impl/2.2.3-1/jaxb-impl-2.2.3-1.jar
7f34f3e04000-7f34f3e08000 r--s 00021000 08:01 802463                     /home/senko/.m2/repository/com/sun/jersey/jersey-json/1.9/jersey-json-1.9.jar
7f34f3e08000-7f34f3e12000 r--s 00066000 08:01 936674                     /home/senko/.m2/repository/com/sun/jersey/jersey-core/1.9/jersey-core-1.9.jar
7f34f3e12000-7f34f3e15000 r--s 00016000 08:01 936672                     /home/senko/.m2/repository/javax/servlet/jsp/jsp-api/2.1/jsp-api-2.1.jar
7f34f3e15000-7f34f3e19000 r--s 00028000 08:01 1243756                    /home/senko/.m2/repository/org/mortbay/jetty/jetty-util/6.1.26/jetty-util-6.1.26.jar
7f34f3e19000-7f34f3e20000 r--s 0007d000 08:01 802460                     /home/senko/.m2/repository/org/mortbay/jetty/jetty/6.1.26/jetty-6.1.26.jar
7f34f3e20000-7f34f3e2d000 r--s 00083000 08:01 936670                     /home/senko/.m2/repository/commons-collections/commons-collections/3.2.2/commons-collections-3.2.2.jar
7f34f3e2d000-7f34f3e32000 r--s 0003e000 08:01 936668                     /home/senko/.m2/repository/commons-net/commons-net/3.1/commons-net-3.1.jar
7f34f3e32000-7f34f3e4f000 r--s 0016a000 08:01 397432                     /home/senko/.m2/repository/org/apache/commons/commons-math3/3.1.1/commons-math3-3.1.1.jar
7f34f3e4f000-7f34f3ec9000 r--s 01103000 08:01 269397                     /usr/lib/jvm/java-8-openjdk-amd64/lib/tools.jar
7f34f3ec9000-7f34f3eff000 r--s 0031c000 08:01 936662                     /home/senko/.m2/repository/org/apache/hadoop/hadoop-common/2.7.3/hadoop-common-2.7.3.jar
7f34f3eff000-7f34f3f02000 ---p 00000000 00:00 0 
7f34f3f02000-7f34f4000000 rw-p 00000000 00:00 0 
7f34f4000000-7f34f4041000 rw-p 00000000 00:00 0 
7f34f4041000-7f34f8000000 ---p 00000000 00:00 0 
7f34f8000000-7f34f8021000 rw-p 00000000 00:00 0 
7f34f8021000-7f34fc000000 ---p 00000000 00:00 0 
7f34fc000000-7f34fc021000 rw-p 00000000 00:00 0 
7f34fc021000-7f3500000000 ---p 00000000 00:00 0 
7f3500000000-7f3500021000 rw-p 00000000 00:00 0 
7f3500021000-7f3504000000 ---p 00000000 00:00 0 
7f3504000000-7f3504021000 rw-p 00000000 00:00 0 
7f3504021000-7f3508000000 ---p 00000000 00:00 0 
7f3508000000-7f3508028000 rw-p 00000000 00:00 0 
7f3508028000-7f350c000000 ---p 00000000 00:00 0 
7f350c000000-7f350c031000 rw-p 00000000 00:00 0 
7f350c031000-7f3510000000 ---p 00000000 00:00 0 
7f3510000000-7f3510002000 r--s 0000f000 08:01 936676                     /home/senko/.m2/repository/org/codehaus/jettison/jettison/1.1/jettison-1.1.jar
7f3510002000-7f3510004000 r--s 00018000 08:01 397434                     /home/senko/.m2/repository/javax/servlet/servlet-api/2.5/servlet-api-2.5.jar
7f3510004000-7f3510006000 r--s 0000d000 08:01 936666                     /home/senko/.m2/repository/commons-codec/commons-codec/1.4/commons-codec-1.4.jar
7f3510006000-7f351000c000 r--s 00045000 08:01 678116                     /home/senko/.m2/repository/commons-httpclient/commons-httpclient/3.1/commons-httpclient-3.1.jar
7f351000c000-7f351000d000 r--s 00003000 08:01 678114                     /home/senko/.m2/repository/xmlenc/xmlenc/0.52/xmlenc-0.52.jar
7f351000d000-7f351000f000 r--s 00009000 08:01 397430                     /home/senko/.m2/repository/commons-cli/commons-cli/1.2/commons-cli-1.2.jar
7f351000f000-7f3510030000 r--s 00172000 08:01 1243754                    /home/senko/.m2/repository/com/google/guava/guava/11.0.2/guava-11.0.2.jar
7f3510030000-7f3510031000 r--s 00009000 08:01 936664                     /home/senko/.m2/repository/org/apache/hadoop/hadoop-annotations/2.7.3/hadoop-annotations-2.7.3.jar
7f3510031000-7f3510034000 r--s 0000f000 08:01 657358                     /usr/lib/jvm/java-8-openjdk-amd64/jre/lib/ext/icedtea-sound.jar
7f3510034000-7f3510039000 r--s 0003c000 08:01 657601                     /usr/lib/jvm/java-8-openjdk-amd64/jre/lib/ext/sunjce_provider.jar
7f3510039000-7f3510054000 r--s 001d6000 08:01 657599                     /usr/lib/jvm/java-8-openjdk-amd64/jre/lib/ext/nashorn.jar
7f3510054000-7f351006f000 r--s 00394000 08:01 657342                     /usr/lib/jvm/java-8-openjdk-amd64/jre/lib/ext/cldrdata.jar
7f351006f000-7f3510072000 ---p 00000000 00:00 0 
7f3510072000-7f3510170000 rw-p 00000000 00:00 0 
7f3510170000-7f3510173000 ---p 00000000 00:00 0 
7f3510173000-7f3510271000 rw-p 00000000 00:00 0 
7f3510271000-7f3510274000 ---p 00000000 00:00 0 
7f3510274000-7f3510372000 rw-p 00000000 00:00 0 
7f3510372000-7f3510375000 ---p 00000000 00:00 0 
7f3510375000-7f3510473000 rw-p 00000000 00:00 0 
7f3510473000-7f3510476000 ---p 00000000 00:00 0 
7f3510476000-7f3510574000 rw-p 00000000 00:00 0 
7f3510574000-7f3510575000 ---p 00000000 00:00 0 
7f3510575000-7f3510fcc000 rw-p 00000000 00:00 0 
7f3510fcc000-7f351119b000 r--s 03c3b000 08:01 280339                     /usr/lib/jvm/java-8-openjdk-amd64/jre/lib/rt.jar
7f351119b000-7f3513b1b000 rw-p 00000000 00:00 0 
7f3513b1b000-7f3513b1c000 ---p 00000000 00:00 0 
7f3513b1c000-7f3513c1c000 rw-p 00000000 00:00 0 
7f3513c1c000-7f3513c1d000 ---p 00000000 00:00 0 
7f3513c1d000-7f3513d97000 rw-p 00000000 00:00 0 
7f3513d97000-7f3513e65000 ---p 00000000 00:00 0 
7f3513e65000-7f3513e7f000 rw-p 00000000 00:00 0 
7f3513e7f000-7f3514225000 ---p 00000000 00:00 0 
7f3514225000-7f35148a5000 rwxp 00000000 00:00 0 
7f35148a5000-7f3523225000 ---p 00000000 00:00 0 
7f3523225000-7f3524000000 r--p 00000000 08:01 273720                     /usr/lib/locale/locale-archive
7f3524000000-7f3524fbf000 rw-p 00000000 00:00 0 
7f3524fbf000-7f3528000000 ---p 00000000 00:00 0 
7f3528000000-7f352800a000 r--s 00116000 08:01 657598                     /usr/lib/jvm/java-8-openjdk-amd64/jre/lib/ext/localedata.jar
7f352800a000-7f352800c000 r--s 00008000 08:01 657600                     /usr/lib/jvm/java-8-openjdk-amd64/jre/lib/ext/sunec.jar
7f352800c000-7f352800e000 r--s 00001000 08:01 657357                     /usr/lib/jvm/java-8-openjdk-amd64/jre/lib/ext/dnsns.jar
7f352800e000-7f3528088000 rw-p 00000000 00:00 0 
7f3528088000-7f3528155000 ---p 00000000 00:00 0 
7f3528155000-7f3528199000 rw-p 00000000 00:00 0 
7f3528199000-7f35281f9000 ---p 00000000 00:00 0 
7f35281f9000-7f35281fa000 rw-p 00000000 00:00 0 
7f35281fa000-7f35281fd000 r--p 00000000 08:01 792202                     /lib/x86_64-linux-gnu/libnss_files-2.28.so
7f35281fd000-7f3528204000 r-xp 00003000 08:01 792202                     /lib/x86_64-linux-gnu/libnss_files-2.28.so
7f3528204000-7f3528207000 r--p 0000a000 08:01 792202                     /lib/x86_64-linux-gnu/libnss_files-2.28.so
7f3528207000-7f3528208000 r--p 0000c000 08:01 792202                     /lib/x86_64-linux-gnu/libnss_files-2.28.so
7f3528208000-7f3528209000 rw-p 0000d000 08:01 792202                     /lib/x86_64-linux-gnu/libnss_files-2.28.so
7f3528209000-7f352820f000 rw-p 00000000 00:00 0 
7f352820f000-7f3528211000 r--p 00000000 08:01 278592                     /usr/lib/jvm/java-8-openjdk-amd64/jre/lib/amd64/libdt_socket.so
7f3528211000-7f3528213000 r-xp 00002000 08:01 278592                     /usr/lib/jvm/java-8-openjdk-amd64/jre/lib/amd64/libdt_socket.so
7f3528213000-7f3528214000 r--p 00004000 08:01 278592                     /usr/lib/jvm/java-8-openjdk-amd64/jre/lib/amd64/libdt_socket.so
7f3528214000-7f3528215000 r--p 00004000 08:01 278592                     /usr/lib/jvm/java-8-openjdk-amd64/jre/lib/amd64/libdt_socket.so
7f3528215000-7f3528216000 rw-p 00005000 08:01 278592                     /usr/lib/jvm/java-8-openjdk-amd64/jre/lib/amd64/libdt_socket.so
7f3528216000-7f3528219000 r--p 00000000 08:01 280324                     /usr/lib/jvm/java-8-openjdk-amd64/jre/lib/amd64/libzip.so
7f3528219000-7f352821d000 r-xp 00003000 08:01 280324                     /usr/lib/jvm/java-8-openjdk-amd64/jre/lib/amd64/libzip.so
7f352821d000-7f352821f000 r--p 00007000 08:01 280324                     /usr/lib/jvm/java-8-openjdk-amd64/jre/lib/amd64/libzip.so
7f352821f000-7f3528220000 r--p 00008000 08:01 280324                     /usr/lib/jvm/java-8-openjdk-amd64/jre/lib/amd64/libzip.so
7f3528220000-7f3528221000 rw-p 00009000 08:01 280324                     /usr/lib/jvm/java-8-openjdk-amd64/jre/lib/amd64/libzip.so
7f3528221000-7f3528229000 rw-s 00000000 08:01 810585                     /tmp/hsperfdata_senko/24468
7f3528229000-7f352822b000 r--p 00000000 08:01 278751                     /usr/lib/jvm/java-8-openjdk-amd64/jre/lib/amd64/libinstrument.so
7f352822b000-7f3528231000 r-xp 00002000 08:01 278751                     /usr/lib/jvm/java-8-openjdk-amd64/jre/lib/amd64/libinstrument.so
7f3528231000-7f3528234000 r--p 00008000 08:01 278751                     /usr/lib/jvm/java-8-openjdk-amd64/jre/lib/amd64/libinstrument.so
7f3528234000-7f3528235000 r--p 0000a000 08:01 278751                     /usr/lib/jvm/java-8-openjdk-amd64/jre/lib/amd64/libinstrument.so
7f3528235000-7f3528236000 rw-p 0000b000 08:01 278751                     /usr/lib/jvm/java-8-openjdk-amd64/jre/lib/amd64/libinstrument.so
7f3528236000-7f3528237000 r--p 00000000 08:01 280318                     /usr/lib/jvm/java-8-openjdk-amd64/jre/lib/amd64/libnpt.so
7f3528237000-7f3528239000 r-xp 00001000 08:01 280318                     /usr/lib/jvm/java-8-openjdk-amd64/jre/lib/amd64/libnpt.so
7f3528239000-7f352823a000 r--p 00003000 08:01 280318                     /usr/lib/jvm/java-8-openjdk-amd64/jre/lib/amd64/libnpt.so
7f352823a000-7f352823b000 r--p 00003000 08:01 280318                     /usr/lib/jvm/java-8-openjdk-amd64/jre/lib/amd64/libnpt.so
7f352823b000-7f352823c000 rw-p 00004000 08:01 280318                     /usr/lib/jvm/java-8-openjdk-amd64/jre/lib/amd64/libnpt.so
7f352823c000-7f352823e000 r--p 00000000 08:01 280310                     /usr/lib/jvm/java-8-openjdk-amd64/jre/lib/amd64/libjdwp.so
7f352823e000-7f3528269000 r-xp 00002000 08:01 280310                     /usr/lib/jvm/java-8-openjdk-amd64/jre/lib/amd64/libjdwp.so
7f3528269000-7f3528277000 r--p 0002d000 08:01 280310                     /usr/lib/jvm/java-8-openjdk-amd64/jre/lib/amd64/libjdwp.so
7f3528277000-7f3528278000 r--p 0003a000 08:01 280310                     /usr/lib/jvm/java-8-openjdk-amd64/jre/lib/amd64/libjdwp.so
7f3528278000-7f3528279000 rw-p 0003b000 08:01 280310                     /usr/lib/jvm/java-8-openjdk-amd64/jre/lib/amd64/libjdwp.so
7f3528279000-7f3528286000 r--p 00000000 08:01 278891                     /usr/lib/jvm/java-8-openjdk-amd64/jre/lib/amd64/libjava.so
7f3528286000-7f352829e000 r-xp 0000d000 08:01 278891                     /usr/lib/jvm/java-8-openjdk-amd64/jre/lib/amd64/libjava.so
7f352829e000-7f35282a5000 r--p 00025000 08:01 278891                     /usr/lib/jvm/java-8-openjdk-amd64/jre/lib/amd64/libjava.so
7f35282a5000-7f35282a6000 r--p 0002b000 08:01 278891                     /usr/lib/jvm/java-8-openjdk-amd64/jre/lib/amd64/libjava.so
7f35282a6000-7f35282a8000 rw-p 0002c000 08:01 278891                     /usr/lib/jvm/java-8-openjdk-amd64/jre/lib/amd64/libjava.so
7f35282a8000-7f35282aa000 r--p 00000000 08:01 792231                     /lib/x86_64-linux-gnu/librt-2.28.so
7f35282aa000-7f35282ae000 r-xp 00002000 08:01 792231                     /lib/x86_64-linux-gnu/librt-2.28.so
7f35282ae000-7f35282b0000 r--p 00006000 08:01 792231                     /lib/x86_64-linux-gnu/librt-2.28.so
7f35282b0000-7f35282b1000 r--p 00007000 08:01 792231                     /lib/x86_64-linux-gnu/librt-2.28.so
7f35282b1000-7f35282b2000 rw-p 00008000 08:01 792231                     /lib/x86_64-linux-gnu/librt-2.28.so
7f35282b2000-7f35282b3000 ---p 00000000 00:00 0 
7f35282b3000-7f35282b6000 ---p 00000000 00:00 0 
7f35282b6000-7f35283b3000 rw-p 00000000 00:00 0 
7f35283b3000-7f35283b6000 r--p 00000000 08:01 792173                     /lib/x86_64-linux-gnu/libgcc_s.so.1
7f35283b6000-7f35283c7000 r-xp 00003000 08:01 792173                     /lib/x86_64-linux-gnu/libgcc_s.so.1
7f35283c7000-7f35283ca000 r--p 00014000 08:01 792173                     /lib/x86_64-linux-gnu/libgcc_s.so.1
7f35283ca000-7f35283cb000 ---p 00017000 08:01 792173                     /lib/x86_64-linux-gnu/libgcc_s.so.1
7f35283cb000-7f35283cc000 r--p 00017000 08:01 792173                     /lib/x86_64-linux-gnu/libgcc_s.so.1
7f35283cc000-7f35283cd000 rw-p 00018000 08:01 792173                     /lib/x86_64-linux-gnu/libgcc_s.so.1
7f35283cd000-7f35283da000 r--p 00000000 08:01 792188                     /lib/x86_64-linux-gnu/libm-2.28.so
7f35283da000-7f3528485000 r-xp 0000d000 08:01 792188                     /lib/x86_64-linux-gnu/libm-2.28.so
7f3528485000-7f3528558000 r--p 000b8000 08:01 792188                     /lib/x86_64-linux-gnu/libm-2.28.so
7f3528558000-7f3528559000 r--p 0018a000 08:01 792188                     /lib/x86_64-linux-gnu/libm-2.28.so
7f3528559000-7f352855a000 rw-p 0018b000 08:01 792188                     /lib/x86_64-linux-gnu/libm-2.28.so
7f352855a000-7f35285e3000 r--p 00000000 08:01 278756                     /usr/lib/x86_64-linux-gnu/libstdc++.so.6.0.25
7f35285e3000-7f3528696000 r-xp 00089000 08:01 278756                     /usr/lib/x86_64-linux-gnu/libstdc++.so.6.0.25
7f3528696000-7f35286d4000 r--p 0013c000 08:01 278756                     /usr/lib/x86_64-linux-gnu/libstdc++.so.6.0.25
7f35286d4000-7f35286de000 r--p 00179000 08:01 278756                     /usr/lib/x86_64-linux-gnu/libstdc++.so.6.0.25
7f35286de000-7f35286e0000 rw-p 00183000 08:01 278756                     /usr/lib/x86_64-linux-gnu/libstdc++.so.6.0.25
7f35286e0000-7f35286e4000 rw-p 00000000 00:00 0 
7f35286e4000-7f35288d3000 r--p 00000000 08:01 280326                     /usr/lib/jvm/java-8-openjdk-amd64/jre/lib/amd64/server/libjvm.so
7f35288d3000-7f352911f000 r-xp 001ef000 08:01 280326                     /usr/lib/jvm/java-8-openjdk-amd64/jre/lib/amd64/server/libjvm.so
7f352911f000-7f35292bd000 r--p 00a3b000 08:01 280326                     /usr/lib/jvm/java-8-openjdk-amd64/jre/lib/amd64/server/libjvm.so
7f35292bd000-7f3529351000 r--p 00bd8000 08:01 280326                     /usr/lib/jvm/java-8-openjdk-amd64/jre/lib/amd64/server/libjvm.so
7f3529351000-7f352937a000 rw-p 00c6c000 08:01 280326                     /usr/lib/jvm/java-8-openjdk-amd64/jre/lib/amd64/server/libjvm.so
7f352937a000-7f35293ac000 rw-p 00000000 00:00 0 
7f35293ac000-7f35293b2000 r--p 00000000 08:01 792227                     /lib/x86_64-linux-gnu/libpthread-2.28.so
7f35293b2000-7f35293c1000 r-xp 00006000 08:01 792227                     /lib/x86_64-linux-gnu/libpthread-2.28.so
7f35293c1000-7f35293c7000 r--p 00015000 08:01 792227                     /lib/x86_64-linux-gnu/libpthread-2.28.so
7f35293c7000-7f35293c8000 r--p 0001a000 08:01 792227                     /lib/x86_64-linux-gnu/libpthread-2.28.so
7f35293c8000-7f35293c9000 rw-p 0001b000 08:01 792227                     /lib/x86_64-linux-gnu/libpthread-2.28.so
7f35293c9000-7f35293cd000 rw-p 00000000 00:00 0 
7f35293cd000-7f35293ce000 r--p 00000000 08:01 792166                     /lib/x86_64-linux-gnu/libdl-2.28.so
7f35293ce000-7f35293d0000 r-xp 00001000 08:01 792166                     /lib/x86_64-linux-gnu/libdl-2.28.so
7f35293d0000-7f35293d1000 r--p 00003000 08:01 792166                     /lib/x86_64-linux-gnu/libdl-2.28.so
7f35293d1000-7f35293d2000 r--p 00003000 08:01 792166                     /lib/x86_64-linux-gnu/libdl-2.28.so
7f35293d2000-7f35293d3000 rw-p 00004000 08:01 792166                     /lib/x86_64-linux-gnu/libdl-2.28.so
7f35293d3000-7f35293ef000 r-xp 00000000 08:01 792247                     /lib/x86_64-linux-gnu/libz.so.1.2.11
7f35293ef000-7f35295ee000 ---p 0001c000 08:01 792247                     /lib/x86_64-linux-gnu/libz.so.1.2.11
7f35295ee000-7f35295ef000 r--p 0001b000 08:01 792247                     /lib/x86_64-linux-gnu/libz.so.1.2.11
7f35295ef000-7f35295f0000 rw-p 0001c000 08:01 792247                     /lib/x86_64-linux-gnu/libz.so.1.2.11
7f35295f0000-7f3529612000 r--p 00000000 08:01 792156                     /lib/x86_64-linux-gnu/libc-2.28.so
7f3529612000-7f3529783000 r-xp 00022000 08:01 792156                     /lib/x86_64-linux-gnu/libc-2.28.so
7f3529783000-7f35297cf000 r--p 00193000 08:01 792156                     /lib/x86_64-linux-gnu/libc-2.28.so
7f35297cf000-7f35297d0000 ---p 001df000 08:01 792156                     /lib/x86_64-linux-gnu/libc-2.28.so
7f35297d0000-7f35297d4000 r--p 001df000 08:01 792156                     /lib/x86_64-linux-gnu/libc-2.28.so
7f35297d4000-7f35297d6000 rw-p 001e3000 08:01 792156                     /lib/x86_64-linux-gnu/libc-2.28.so
7f35297d6000-7f35297da000 rw-p 00000000 00:00 0 
7f35297da000-7f35297db000 r--s 00010000 08:01 657603                     /usr/lib/jvm/java-8-openjdk-amd64/jre/lib/ext/zipfs.jar
7f35297db000-7f35297dc000 r--s 0000a000 08:01 657359                     /usr/lib/jvm/java-8-openjdk-amd64/jre/lib/ext/jaccess.jar
7f35297dc000-7f35297df000 r--s 00039000 08:01 657602                     /usr/lib/jvm/java-8-openjdk-amd64/jre/lib/ext/sunpkcs11.jar
7f35297df000-7f35297e0000 rw-p 00000000 00:00 0 
7f35297e0000-7f35297e1000 r--p 00000000 00:00 0 
7f35297e1000-7f35297e6000 r--p 00000000 08:01 280323                     /usr/lib/jvm/java-8-openjdk-amd64/jre/lib/amd64/libverify.so
7f35297e6000-7f35297ef000 r-xp 00005000 08:01 280323                     /usr/lib/jvm/java-8-openjdk-amd64/jre/lib/amd64/libverify.so
7f35297ef000-7f35297f1000 r--p 0000e000 08:01 280323                     /usr/lib/jvm/java-8-openjdk-amd64/jre/lib/amd64/libverify.so
7f35297f1000-7f35297f3000 r--p 0000f000 08:01 280323                     /usr/lib/jvm/java-8-openjdk-amd64/jre/lib/amd64/libverify.so
7f35297f3000-7f35297f4000 rw-p 00011000 08:01 280323                     /usr/lib/jvm/java-8-openjdk-amd64/jre/lib/amd64/libverify.so
7f35297f4000-7f35297f6000 r--p 00000000 08:01 278542                     /usr/lib/jvm/java-8-openjdk-amd64/jre/lib/amd64/jli/libjli.so
7f35297f6000-7f35297ff000 r-xp 00002000 08:01 278542                     /usr/lib/jvm/java-8-openjdk-amd64/jre/lib/amd64/jli/libjli.so
7f35297ff000-7f3529802000 r--p 0000b000 08:01 278542                     /usr/lib/jvm/java-8-openjdk-amd64/jre/lib/amd64/jli/libjli.so
7f3529802000-7f3529803000 r--p 0000d000 08:01 278542                     /usr/lib/jvm/java-8-openjdk-amd64/jre/lib/amd64/jli/libjli.so
7f3529803000-7f3529804000 rw-p 0000e000 08:01 278542                     /usr/lib/jvm/java-8-openjdk-amd64/jre/lib/amd64/jli/libjli.so
7f3529804000-7f3529806000 rw-p 00000000 00:00 0 
7f3529806000-7f3529807000 r--p 00000000 08:01 792144                     /lib/x86_64-linux-gnu/ld-2.28.so
7f3529807000-7f3529827000 r-xp 00001000 08:01 792144                     /lib/x86_64-linux-gnu/ld-2.28.so
7f3529827000-7f352982f000 r--p 00021000 08:01 792144                     /lib/x86_64-linux-gnu/ld-2.28.so
7f352982f000-7f3529830000 r--p 00028000 08:01 792144                     /lib/x86_64-linux-gnu/ld-2.28.so
7f3529830000-7f3529831000 rw-p 00029000 08:01 792144                     /lib/x86_64-linux-gnu/ld-2.28.so
7f3529831000-7f3529832000 rw-p 00000000 00:00 0 
7fff69df7000-7fff69e1a000 rw-p 00000000 00:00 0                          [stack]
7fff69f57000-7fff69f5a000 r--p 00000000 00:00 0                          [vvar]
7fff69f5a000-7fff69f5c000 r-xp 00000000 00:00 0                          [vdso]
ffffffffff600000-ffffffffff601000 r-xp 00000000 00:00 0                  [vsyscall]

VM Arguments:
jvm_args: -agentlib:jdwp=transport=dt_socket,suspend=y,address=localhost:45733 -javaagent:/home/senko/eclipse/jee-2019-03/eclipse/configuration/org.eclipse.osgi/404/0/.cp/lib/javaagent-shaded.jar -Dfile.encoding=UTF-8 
java_command: pagerankMR.controller.PageRankController
java_class_path (initial): /home/senko/eclipse-workspace/pagerankMR/target/classes:/home/senko/.m2/repository/org/apache/hadoop/hadoop-common/2.7.3/hadoop-common-2.7.3.jar:/home/senko/.m2/repository/org/apache/hadoop/hadoop-annotations/2.7.3/hadoop-annotations-2.7.3.jar:/usr/lib/jvm/java-8-openjdk-amd64/lib/tools.jar:/home/senko/.m2/repository/com/google/guava/guava/11.0.2/guava-11.0.2.jar:/home/senko/.m2/repository/commons-cli/commons-cli/1.2/commons-cli-1.2.jar:/home/senko/.m2/repository/org/apache/commons/commons-math3/3.1.1/commons-math3-3.1.1.jar:/home/senko/.m2/repository/xmlenc/xmlenc/0.52/xmlenc-0.52.jar:/home/senko/.m2/repository/commons-httpclient/commons-httpclient/3.1/commons-httpclient-3.1.jar:/home/senko/.m2/repository/commons-codec/commons-codec/1.4/commons-codec-1.4.jar:/home/senko/.m2/repository/commons-net/commons-net/3.1/commons-net-3.1.jar:/home/senko/.m2/repository/commons-collections/commons-collections/3.2.2/commons-collections-3.2.2.jar:/home/senko/.m2/repository/javax/servlet/servlet-api/2.5/servlet-api-2.5.jar:/home/senko/.m2/repository/org/mortbay/jetty/jetty/6.1.26/jetty-6.1.26.jar:/home/senko/.m2/repository/org/mortbay/jetty/jetty-util/6.1.26/jetty-util-6.1.26.jar:/home/senko/.m2/repository/javax/servlet/jsp/jsp-api/2.1/jsp-api-2.1.jar:/home/senko/.m2/repository/com/sun/jersey/jersey-core/1.9/jersey-core-1.9.jar:/home/senko/.m2/repository/com/sun/jersey/jersey-json/1.9/jersey-json-1.9.jar:/home/senko/.m2/repository/org/codehaus/jettison/jettison/1.1/jettison-1.1.jar:/home/senko/.m2/repository/com/sun/xml/bind/jaxb-impl/2.2.3-1/jaxb-impl-2.2.3-1.jar:/home/senko/.m2/repository/javax/xml/bind/jaxb-api/2.2.2/jaxb-api-2.2.2.jar:/home/senko/.m2/repository/javax/xml/stream/stax-api/1.0-2/stax-api-1.0-2.jar:/home/senko/.m2/repository/javax/activation/activation/1.1/activation-1.1.jar:/home/senko/.m2/repository/org/codehaus/jackson/jackson-jaxrs/1.8.3/jackson-jaxrs-1.8.3.jar:/home/senko/.m2/repository/org/codehaus/jackson/jackson-xc/1.8.3/jacks
Launcher Type: SUN_STANDARD

Environment Variables:
JAVA_HOME=/usr/lib/jvm/java-8-openjdk-amd64/
PATH=/usr/local/sbin:/usr/local/bin:/usr/sbin:/usr/bin:/sbin:/bin:/usr/games:/usr/local/games:/snap/bin
SHELL=/bin/bash
DISPLAY=:0

Signal Handlers:
SIGSEGV: [libjvm.so+0xa1a820], sa_mask[0]=11111111011111111101111111111110, sa_flags=SA_RESTART|SA_SIGINFO
SIGBUS: [libjvm.so+0xa1a820], sa_mask[0]=11111111011111111101111111111110, sa_flags=SA_RESTART|SA_SIGINFO
SIGFPE: [libjvm.so+0x87b4b0], sa_mask[0]=11111111011111111101111111111110, sa_flags=SA_RESTART|SA_SIGINFO
SIGPIPE: [libjvm.so+0x87b4b0], sa_mask[0]=11111111011111111101111111111110, sa_flags=SA_RESTART|SA_SIGINFO
SIGXFSZ: [libjvm.so+0x87b4b0], sa_mask[0]=11111111011111111101111111111110, sa_flags=SA_RESTART|SA_SIGINFO
SIGILL: [libjvm.so+0x87b4b0], sa_mask[0]=11111111011111111101111111111110, sa_flags=SA_RESTART|SA_SIGINFO
SIGUSR1: SIG_DFL, sa_mask[0]=00000000000000000000000000000000, sa_flags=none
SIGUSR2: [libjvm.so+0x87b350], sa_mask[0]=00100000000000000000000000000000, sa_flags=SA_RESTART|SA_SIGINFO
SIGHUP: [libjvm.so+0x87b730], sa_mask[0]=11111111011111111101111111111110, sa_flags=SA_RESTART|SA_SIGINFO
SIGINT: [libjvm.so+0x87b730], sa_mask[0]=11111111011111111101111111111110, sa_flags=SA_RESTART|SA_SIGINFO
SIGTERM: [libjvm.so+0x87b730], sa_mask[0]=11111111011111111101111111111110, sa_flags=SA_RESTART|SA_SIGINFO
SIGQUIT: [libjvm.so+0x87b730], sa_mask[0]=11111111011111111101111111111110, sa_flags=SA_RESTART|SA_SIGINFO


---------------  S Y S T E M  ---------------

OS:DISTRIB_ID=Ubuntu
DISTRIB_RELEASE=18.10
DISTRIB_CODENAME=cosmic
DISTRIB_DESCRIPTION="Ubuntu 18.10"

uname:Linux 4.18.0-20-generic #21-Ubuntu SMP Mon May 6 18:45:52 UTC 2019 x86_64
libc:glibc 2.28 NPTL 2.28 
rlimit: STACK 8192k, CORE 0k, NPROC 15424, NOFILE 1048576, AS infinity
load average:1,31 0,79 0,56

/proc/meminfo:
MemTotal:        4015472 kB
MemFree:          109324 kB
MemAvailable:      30668 kB
Buffers:            1140 kB
Cached:           120336 kB
SwapCached:            0 kB
Active:          3187584 kB
Inactive:          93552 kB
Active(anon):    3170504 kB
Inactive(anon):    75276 kB
Active(file):      17080 kB
Inactive(file):    18276 kB
Unevictable:          32 kB
Mlocked:              32 kB
SwapTotal:             0 kB
SwapFree:              0 kB
Dirty:               352 kB
Writeback:             0 kB
AnonPages:       3159696 kB
Mapped:           110368 kB
Shmem:             86092 kB
Slab:             155996 kB
SReclaimable:      48204 kB
SUnreclaim:       107792 kB
KernelStack:       14800 kB
PageTables:        50292 kB
NFS_Unstable:          0 kB
Bounce:                0 kB
WritebackTmp:          0 kB
CommitLimit:     2007736 kB
Committed_AS:    9475796 kB
VmallocTotal:   34359738367 kB
VmallocUsed:           0 kB
VmallocChunk:          0 kB
HardwareCorrupted:     0 kB
AnonHugePages:         0 kB
ShmemHugePages:        0 kB
ShmemPmdMapped:        0 kB
CmaTotal:              0 kB
CmaFree:               0 kB
HugePages_Total:       0
HugePages_Free:        0
HugePages_Rsvd:        0
HugePages_Surp:        0
Hugepagesize:       2048 kB
Hugetlb:               0 kB
DirectMap4k:      268096 kB
DirectMap2M:     3926016 kB
DirectMap1G:     2097152 kB

container (cgroup) information:
container_type: cgroupv1
cpu_cpuset_cpus: 0-1
cpu_memory_nodes: 0
active_processor_count: 2
cpu_quota: -1
cpu_period: 100000
cpu_shares: -1
memory_limit_in_bytes: -1
memory_and_swap_limit_in_bytes: -2
memory_soft_limit_in_bytes: -1
memory_usage_in_bytes: 3353243648
memory_max_usage_in_bytes: 3384934400


CPU:total 2 (initial active 2) (2 cores per cpu, 1 threads per core) family 6 model 158 stepping 10, cmov, cx8, fxsr, mmx, sse, sse2, sse3, ssse3, sse4.1, sse4.2, popcnt, avx, avx2, aes, clmul, erms, 3dnowpref, lzcnt, tsc, tscinvbit, bmi1, bmi2, adx

/proc/cpuinfo:
processor	: 0
vendor_id	: GenuineIntel
cpu family	: 6
model		: 158
model name	: Intel(R) Core(TM) i7-8750H CPU @ 2.20GHz
stepping	: 10
microcode	: 0x96
cpu MHz		: 2207.999
cache size	: 9216 KB
physical id	: 0
siblings	: 2
core id		: 0
cpu cores	: 2
apicid		: 0
initial apicid	: 0
fpu		: yes
fpu_exception	: yes
cpuid level	: 22
wp		: yes
flags		: fpu vme de pse tsc msr pae mce cx8 apic sep mtrr pge mca cmov pat pse36 clflush mmx fxsr sse sse2 ss ht syscall nx pdpe1gb rdtscp lm constant_tsc arch_perfmon nopl xtopology tsc_reliable nonstop_tsc cpuid pni pclmulqdq ssse3 fma cx16 pcid sse4_1 sse4_2 x2apic movbe popcnt tsc_deadline_timer aes xsave avx f16c rdrand hypervisor lahf_lm abm 3dnowprefetch cpuid_fault invpcid_single pti ssbd ibrs ibpb stibp fsgsbase tsc_adjust bmi1 avx2 smep bmi2 invpcid mpx rdseed adx smap clflushopt xsaveopt xsavec xsaves arat flush_l1d arch_capabilities
bugs		: cpu_meltdown spectre_v1 spectre_v2 spec_store_bypass l1tf mds
bogomips	: 4415.99
clflush size	: 64
cache_alignment	: 64
address sizes	: 43 bits physical, 48 bits virtual
power management:

processor	: 1
vendor_id	: GenuineIntel
cpu family	: 6
model		: 158
model name	: Intel(R) Core(TM) i7-8750H CPU @ 2.20GHz
stepping	: 10
microcode	: 0x96
cpu MHz		: 2207.999
cache size	: 9216 KB
physical id	: 0
siblings	: 2
core id		: 1
cpu cores	: 2
apicid		: 1
initial apicid	: 1
fpu		: yes
fpu_exception	: yes
cpuid level	: 22
wp		: yes
flags		: fpu vme de pse tsc msr pae mce cx8 apic sep mtrr pge mca cmov pat pse36 clflush mmx fxsr sse sse2 ss ht syscall nx pdpe1gb rdtscp lm constant_tsc arch_perfmon nopl xtopology tsc_reliable nonstop_tsc cpuid pni pclmulqdq ssse3 fma cx16 pcid sse4_1 sse4_2 x2apic movbe popcnt tsc_deadline_timer aes xsave avx f16c rdrand hypervisor lahf_lm abm 3dnowprefetch cpuid_fault invpcid_single pti ssbd ibrs ibpb stibp fsgsbase tsc_adjust bmi1 avx2 smep bmi2 invpcid mpx rdseed adx smap clflushopt xsaveopt xsavec xsaves arat flush_l1d arch_capabilities
bugs		: cpu_meltdown spectre_v1 spectre_v2 spec_store_bypass l1tf mds
bogomips	: 4415.99
clflush size	: 64
cache_alignment	: 64
address sizes	: 43 bits physical, 48 bits virtual
power management:



Memory: 4k page, physical 4015472k(109324k free), swap 0k(0k free)

vm_info: OpenJDK 64-Bit Server VM (25.212-b03) for linux-amd64 JRE (1.8.0_212-8u212-b03-0ubuntu1.18.10.1-b03), built on Apr 26 2019 01:04:36 by "buildd" with gcc 8.2.0

time: Tue May 21 20:40:12 2019
timezone: CEST
elapsed time: 7 seconds (0d 0h 0m 7s)

