#
# There is insufficient memory for the Java Runtime Environment to continue.
# Native memory allocation (mmap) failed to map 105381888 bytes for committing reserved memory.
# Possible reasons:
#   The system is out of physical RAM or swap space
#   The process is running with CompressedOops enabled, and the Java Heap may be blocking the growth of the native heap
# Possible solutions:
#   Reduce memory load on the system
#   Increase physical memory or swap space
#   Check if swap backing store is full
#   Decrease Java heap size (-Xmx/-Xms)
#   Decrease number of Java threads
#   Decrease Java thread stack sizes (-Xss)
#   Set larger code cache with -XX:ReservedCodeCacheSize=
#   JVM is running with Unscaled Compressed Oops mode in which the Java heap is
#     placed in the first 4GB address space. The Java Heap base address is the
#     maximum limit for the native heap growth. Please use -XX:HeapBaseMinAddress
#     to set the Java Heap base and to place the Java Heap above 4GB virtual address.
# This output file may be truncated or incomplete.
#
#  Out of Memory Error (os_linux.cpp:2756), pid=26551, tid=0x00007fc81466f700
#
# JRE version: OpenJDK Runtime Environment (8.0_212-b03) (build 1.8.0_212-8u212-b03-0ubuntu1.18.10.1-b03)
# Java VM: OpenJDK 64-Bit Server VM (25.212-b03 mixed mode linux-amd64 compressed oops)
# Failed to write core dump. Core dumps have been disabled. To enable core dumping, try "ulimit -c unlimited" before starting Java again
#

---------------  T H R E A D  ---------------

Current thread (0x00007fc7ec021000):  JavaThread "LocalJobRunner Map Task Executor #0" [_thread_in_vm, id=26776, stack(0x00007fc81456f000,0x00007fc814670000)]

Stack: [0x00007fc81456f000,0x00007fc814670000],  sp=0x00007fc81466def0,  free space=1019k
Native frames: (J=compiled Java code, j=interpreted, Vv=VM code, C=native code)
V  [libjvm.so+0xa19db5]
V  [libjvm.so+0x4b12d7]
V  [libjvm.so+0x87ff28]
V  [libjvm.so+0x87764e]
V  [libjvm.so+0x8ef4ae]
V  [libjvm.so+0x8deb45]
V  [libjvm.so+0x8dec80]
V  [libjvm.so+0x8dee91]
V  [libjvm.so+0x8a0b5b]
V  [libjvm.so+0x9dc8b6]
V  [libjvm.so+0x62b2d6]
j  org.apache.hadoop.mapred.MapTask$MapOutputBuffer.init(Lorg/apache/hadoop/mapred/MapOutputCollector$Context;)V+245
j  org.apache.hadoop.mapred.MapTask.createSortingCollector(Lorg/apache/hadoop/mapred/JobConf;Lorg/apache/hadoop/mapred/Task$TaskReporter;)Lorg/apache/hadoop/mapred/MapOutputCollector;+162
j  org.apache.hadoop.mapred.MapTask.access$100(Lorg/apache/hadoop/mapred/MapTask;Lorg/apache/hadoop/mapred/JobConf;Lorg/apache/hadoop/mapred/Task$TaskReporter;)Lorg/apache/hadoop/mapred/MapOutputCollector;+3
j  org.apache.hadoop.mapred.MapTask$NewOutputCollector.<init>(Lorg/apache/hadoop/mapred/MapTask;Lorg/apache/hadoop/mapreduce/JobContext;Lorg/apache/hadoop/mapred/JobConf;Lorg/apache/hadoop/mapred/TaskUmbilicalProtocol;Lorg/apache/hadoop/mapred/Task$TaskReporter;)V+14
j  org.apache.hadoop.mapred.MapTask.runNewMapper(Lorg/apache/hadoop/mapred/JobConf;Lorg/apache/hadoop/mapreduce/split/JobSplit$TaskSplitIndex;Lorg/apache/hadoop/mapred/TaskUmbilicalProtocol;Lorg/apache/hadoop/mapred/Task$TaskReporter;)V+170
j  org.apache.hadoop.mapred.MapTask.run(Lorg/apache/hadoop/mapred/JobConf;Lorg/apache/hadoop/mapred/TaskUmbilicalProtocol;)V+148
j  org.apache.hadoop.mapred.LocalJobRunner$Job$MapTaskRunnable.run()V+223
j  java.util.concurrent.Executors$RunnableAdapter.call()Ljava/lang/Object;+4
j  java.util.concurrent.FutureTask.run()V+42
j  java.util.concurrent.ThreadPoolExecutor.runWorker(Ljava/util/concurrent/ThreadPoolExecutor$Worker;)V+95
j  java.util.concurrent.ThreadPoolExecutor$Worker.run()V+5
j  java.lang.Thread.run()V+11
v  ~StubRoutines::call_stub
V  [libjvm.so+0x63e43f]
V  [libjvm.so+0x63bc3f]
V  [libjvm.so+0x63c1f3]
V  [libjvm.so+0x67fcfb]
V  [libjvm.so+0x9c75fc]
V  [libjvm.so+0x9c79e8]
V  [libjvm.so+0x87d3b2]
C  [libpthread.so.0+0x8164]  start_thread+0xe4

Java frames: (J=compiled Java code, j=interpreted, Vv=VM code)
j  org.apache.hadoop.mapred.MapTask$MapOutputBuffer.init(Lorg/apache/hadoop/mapred/MapOutputCollector$Context;)V+245
j  org.apache.hadoop.mapred.MapTask.createSortingCollector(Lorg/apache/hadoop/mapred/JobConf;Lorg/apache/hadoop/mapred/Task$TaskReporter;)Lorg/apache/hadoop/mapred/MapOutputCollector;+162
j  org.apache.hadoop.mapred.MapTask.access$100(Lorg/apache/hadoop/mapred/MapTask;Lorg/apache/hadoop/mapred/JobConf;Lorg/apache/hadoop/mapred/Task$TaskReporter;)Lorg/apache/hadoop/mapred/MapOutputCollector;+3
j  org.apache.hadoop.mapred.MapTask$NewOutputCollector.<init>(Lorg/apache/hadoop/mapred/MapTask;Lorg/apache/hadoop/mapreduce/JobContext;Lorg/apache/hadoop/mapred/JobConf;Lorg/apache/hadoop/mapred/TaskUmbilicalProtocol;Lorg/apache/hadoop/mapred/Task$TaskReporter;)V+14
j  org.apache.hadoop.mapred.MapTask.runNewMapper(Lorg/apache/hadoop/mapred/JobConf;Lorg/apache/hadoop/mapreduce/split/JobSplit$TaskSplitIndex;Lorg/apache/hadoop/mapred/TaskUmbilicalProtocol;Lorg/apache/hadoop/mapred/Task$TaskReporter;)V+170
j  org.apache.hadoop.mapred.MapTask.run(Lorg/apache/hadoop/mapred/JobConf;Lorg/apache/hadoop/mapred/TaskUmbilicalProtocol;)V+148
j  org.apache.hadoop.mapred.LocalJobRunner$Job$MapTaskRunnable.run()V+223
j  java.util.concurrent.Executors$RunnableAdapter.call()Ljava/lang/Object;+4
j  java.util.concurrent.FutureTask.run()V+42
j  java.util.concurrent.ThreadPoolExecutor.runWorker(Ljava/util/concurrent/ThreadPoolExecutor$Worker;)V+95
j  java.util.concurrent.ThreadPoolExecutor$Worker.run()V+5
j  java.lang.Thread.run()V+11
v  ~StubRoutines::call_stub

---------------  P R O C E S S  ---------------

Java Threads: ( => current thread )
  0x00007fc7e000c000 JavaThread "communication thread" daemon [_thread_blocked, id=26777, stack(0x00007fc814c74000,0x00007fc814d75000)]
=>0x00007fc7ec021000 JavaThread "LocalJobRunner Map Task Executor #0" [_thread_in_vm, id=26776, stack(0x00007fc81456f000,0x00007fc814670000)]
  0x00007fc83494b800 JavaThread "Thread-108" [_thread_blocked, id=26775, stack(0x00007fc8240a9000,0x00007fc8241aa000)]
  0x00007fc834376800 JavaThread "org.apache.hadoop.fs.FileSystem$Statistics$StatisticsDataReferenceCleaner" daemon [_thread_blocked, id=26571, stack(0x00007fc8241c1000,0x00007fc8242c2000)]
  0x00007fc83467d800 JavaThread "process reaper" daemon [_thread_blocked, id=26569, stack(0x00007fc8242c2000,0x00007fc8242fb000)]
  0x00007fc8340c6000 JavaThread "Service Thread" daemon [_thread_blocked, id=26566, stack(0x00007fc8246f7000,0x00007fc8247f8000)]
  0x00007fc8340bb000 JavaThread "C1 CompilerThread1" daemon [_thread_blocked, id=26565, stack(0x00007fc8247f9000,0x00007fc8248f9000)]
  0x00007fc8340b8000 JavaThread "C2 CompilerThread0" daemon [_thread_in_native, id=26564, stack(0x00007fc8248fa000,0x00007fc8249fa000)]
  0x00007fc8340b6800 JavaThread "Signal Dispatcher" daemon [_thread_blocked, id=26563, stack(0x00007fc8249fa000,0x00007fc824afb000)]
  0x00007fc834083000 JavaThread "Finalizer" daemon [_thread_blocked, id=26562, stack(0x00007fc824afb000,0x00007fc824bfc000)]
  0x00007fc834080800 JavaThread "Reference Handler" daemon [_thread_blocked, id=26561, stack(0x00007fc824bfc000,0x00007fc824cfd000)]
  0x00007fc83400e000 JavaThread "main" [_thread_blocked, id=26557, stack(0x00007fc839eb1000,0x00007fc839fb1000)]

Other Threads:
  0x00007fc834077000 VMThread [stack: 0x00007fc824cfe000,0x00007fc824dfe000] [id=26560]
  0x00007fc8340c8800 WatcherThread [stack: 0x00007fc8245f7000,0x00007fc8246f7000] [id=26567]

VM state:not at safepoint (normal execution)

VM Mutex/Monitor currently owned by a thread:  ([mutex/lock_event])
[0x00007fc83400ab20] ExpandHeap_lock - owner thread: 0x00007fc7ec021000
[0x00007fc83400b6a0] Heap_lock - owner thread: 0x00007fc7ec021000

heap address: 0x00000000c2a00000, size: 982 MB, Compressed Oops mode: 32-bit
Narrow klass base: 0x0000000000000000, Narrow klass shift: 3
Compressed class space size: 1073741824 Address: 0x0000000100000000

Heap:
 PSYoungGen      total 68608K, used 60996K [0x00000000eb900000, 0x00000000f4000000, 0x0000000100000000)
  eden space 63488K, 92% used [0x00000000eb900000,0x00000000ef227f20,0x00000000ef700000)
  from space 5120K, 48% used [0x00000000ef700000,0x00000000ef9692e8,0x00000000efc00000)
  to   space 5632K, 0% used [0x00000000f3a80000,0x00000000f3a80000,0x00000000f4000000)
 ParOldGen       total 351232K, used 315201K [0x00000000c2a00000, 0x00000000d8100000, 0x00000000eb900000)
  object space 351232K, 89% used [0x00000000c2a00000,0x00000000d5dd0470,0x00000000d8100000)
 Metaspace       used 17246K, capacity 17458K, committed 17664K, reserved 1064960K
  class space    used 1976K, capacity 2043K, committed 2048K, reserved 1048576K

Card table byte_map: [0x00007fc83989c000,0x00007fc839a88000] byte_map_base: 0x00007fc839287000

Marking Bits: (ParMarkBitMap*) 0x00007fc83af8b3a0
 Begin Bits: [0x00007fc816150000, 0x00007fc8170a8000)
 End Bits:   [0x00007fc8170a8000, 0x00007fc818000000)

Polling page: 0x00007fc83b3de000

CodeCache: size=245760Kb used=6199Kb max_used=6996Kb free=239560Kb
 bounds [0x00007fc825000000, 0x00007fc8256e0000, 0x00007fc834000000]
 total_blobs=2364 nmethods=1928 adapters=350
 compilation: enabled

Compilation events (10 events):
Event: 5,907 Thread 0x00007fc8340bb000 nmethod 2211 0x00007fc825377e50 code [0x00007fc8253780a0, 0x00007fc825378968]
Event: 5,907 Thread 0x00007fc8340bb000 2212       3       java.io.File::lastModified (33 bytes)
Event: 5,908 Thread 0x00007fc8340bb000 nmethod 2212 0x00007fc82538f190 code [0x00007fc82538f340, 0x00007fc82538f768]
Event: 5,913 Thread 0x00007fc8340bb000 2214       3       java.util.regex.Pattern$BmpCharProperty::<init> (5 bytes)
Event: 5,913 Thread 0x00007fc8340bb000 nmethod 2214 0x00007fc82523e490 code [0x00007fc82523e620, 0x00007fc82523e970]
Event: 5,913 Thread 0x00007fc8340bb000 2215       3       java.util.regex.Pattern$BmpCharProperty::<init> (6 bytes)
Event: 5,913 Thread 0x00007fc8340bb000 nmethod 2215 0x00007fc8253a1450 code [0x00007fc8253a15e0, 0x00007fc8253a18d0]
Event: 5,913 Thread 0x00007fc8340bb000 2216       3       java.text.NumberFormat::format (19 bytes)
Event: 5,914 Thread 0x00007fc8340bb000 nmethod 2216 0x00007fc82548a510 code [0x00007fc82548a6c0, 0x00007fc82548abb8]
Event: 5,914 Thread 0x00007fc8340b8000 2217       4       java.lang.String::toLowerCase (439 bytes)

GC Heap History (10 events):
Event: 1,923 GC heap before
{Heap before GC invocations=3 (full 0):
 PSYoungGen      total 18432K, used 18411K [0x00000000eb900000, 0x00000000ecd80000, 0x0000000100000000)
  eden space 15872K, 100% used [0x00000000eb900000,0x00000000ec880000,0x00000000ec880000)
  from space 2560K, 99% used [0x00000000ecb00000,0x00000000ecd7aca0,0x00000000ecd80000)
  to   space 2560K, 0% used [0x00000000ec880000,0x00000000ec880000,0x00000000ecb00000)
 ParOldGen       total 42496K, used 1501K [0x00000000c2a00000, 0x00000000c5380000, 0x00000000eb900000)
  object space 42496K, 3% used [0x00000000c2a00000,0x00000000c2b77448,0x00000000c5380000)
 Metaspace       used 11976K, capacity 12190K, committed 12544K, reserved 1060864K
  class space    used 1380K, capacity 1445K, committed 1536K, reserved 1048576K
Event: 1,927 GC heap after
Heap after GC invocations=3 (full 0):
 PSYoungGen      total 18432K, used 2553K [0x00000000eb900000, 0x00000000edd00000, 0x0000000100000000)
  eden space 15872K, 0% used [0x00000000eb900000,0x00000000eb900000,0x00000000ec880000)
  from space 2560K, 99% used [0x00000000ec880000,0x00000000ecafe728,0x00000000ecb00000)
  to   space 2560K, 0% used [0x00000000eda80000,0x00000000eda80000,0x00000000edd00000)
 ParOldGen       total 42496K, used 3253K [0x00000000c2a00000, 0x00000000c5380000, 0x00000000eb900000)
  object space 42496K, 7% used [0x00000000c2a00000,0x00000000c2d2d5e8,0x00000000c5380000)
 Metaspace       used 11976K, capacity 12190K, committed 12544K, reserved 1060864K
  class space    used 1380K, capacity 1445K, committed 1536K, reserved 1048576K
}
Event: 2,135 GC heap before
{Heap before GC invocations=4 (full 0):
 PSYoungGen      total 18432K, used 18425K [0x00000000eb900000, 0x00000000edd00000, 0x0000000100000000)
  eden space 15872K, 100% used [0x00000000eb900000,0x00000000ec880000,0x00000000ec880000)
  from space 2560K, 99% used [0x00000000ec880000,0x00000000ecafe728,0x00000000ecb00000)
  to   space 2560K, 0% used [0x00000000eda80000,0x00000000eda80000,0x00000000edd00000)
 ParOldGen       total 42496K, used 3253K [0x00000000c2a00000, 0x00000000c5380000, 0x00000000eb900000)
  object space 42496K, 7% used [0x00000000c2a00000,0x00000000c2d2d5e8,0x00000000c5380000)
 Metaspace       used 13853K, capacity 14116K, committed 14336K, reserved 1062912K
  class space    used 1621K, capacity 1680K, committed 1792K, reserved 1048576K
Event: 2,142 GC heap after
Heap after GC invocations=4 (full 0):
 PSYoungGen      total 34304K, used 2544K [0x00000000eb900000, 0x00000000edd00000, 0x0000000100000000)
  eden space 31744K, 0% used [0x00000000eb900000,0x00000000eb900000,0x00000000ed800000)
  from space 2560K, 99% used [0x00000000eda80000,0x00000000edcfc030,0x00000000edd00000)
  to   space 2560K, 0% used [0x00000000ed800000,0x00000000ed800000,0x00000000eda80000)
 ParOldGen       total 42496K, used 5021K [0x00000000c2a00000, 0x00000000c5380000, 0x00000000eb900000)
  object space 42496K, 11% used [0x00000000c2a00000,0x00000000c2ee7798,0x00000000c5380000)
 Metaspace       used 13853K, capacity 14116K, committed 14336K, reserved 1062912K
  class space    used 1621K, capacity 1680K, committed 1792K, reserved 1048576K
}
Event: 2,352 GC heap before
{Heap before GC invocations=5 (full 0):
 PSYoungGen      total 34304K, used 34288K [0x00000000eb900000, 0x00000000edd00000, 0x0000000100000000)
  eden space 31744K, 100% used [0x00000000eb900000,0x00000000ed800000,0x00000000ed800000)
  from space 2560K, 99% used [0x00000000eda80000,0x00000000edcfc030,0x00000000edd00000)
  to   space 2560K, 0% used [0x00000000ed800000,0x00000000ed800000,0x00000000eda80000)
 ParOldGen       total 42496K, used 5021K [0x00000000c2a00000, 0x00000000c5380000, 0x00000000eb900000)
  object space 42496K, 11% used [0x00000000c2a00000,0x00000000c2ee7798,0x00000000c5380000)
 Metaspace       used 15222K, capacity 15492K, committed 15744K, reserved 1062912K
  class space    used 1768K, capacity 1840K, committed 1920K, reserved 1048576K
Event: 2,357 GC heap after
Heap after GC invocations=5 (full 0):
 PSYoungGen      total 34304K, used 2544K [0x00000000eb900000, 0x00000000f0100000, 0x0000000100000000)
  eden space 31744K, 0% used [0x00000000eb900000,0x00000000eb900000,0x00000000ed800000)
  from space 2560K, 99% used [0x00000000ed800000,0x00000000eda7c010,0x00000000eda80000)
  to   space 5120K, 0% used [0x00000000efc00000,0x00000000efc00000,0x00000000f0100000)
 ParOldGen       total 42496K, used 6819K [0x00000000c2a00000, 0x00000000c5380000, 0x00000000eb900000)
  object space 42496K, 16% used [0x00000000c2a00000,0x00000000c30a8de8,0x00000000c5380000)
 Metaspace       used 15222K, capacity 15492K, committed 15744K, reserved 1062912K
  class space    used 1768K, capacity 1840K, committed 1920K, reserved 1048576K
}
Event: 3,387 GC heap before
{Heap before GC invocations=6 (full 0):
 PSYoungGen      total 34304K, used 34288K [0x00000000eb900000, 0x00000000f0100000, 0x0000000100000000)
  eden space 31744K, 100% used [0x00000000eb900000,0x00000000ed800000,0x00000000ed800000)
  from space 2560K, 99% used [0x00000000ed800000,0x00000000eda7c010,0x00000000eda80000)
  to   space 5120K, 0% used [0x00000000efc00000,0x00000000efc00000,0x00000000f0100000)
 ParOldGen       total 145408K, used 109219K [0x00000000c2a00000, 0x00000000cb800000, 0x00000000eb900000)
  object space 145408K, 75% used [0x00000000c2a00000,0x00000000c94a8df8,0x00000000cb800000)
 Metaspace       used 16922K, capacity 17176K, committed 17408K, reserved 1064960K
  class space    used 1973K, capacity 2038K, committed 2048K, reserved 1048576K
Event: 3,393 GC heap after
Heap after GC invocations=6 (full 0):
 PSYoungGen      total 68608K, used 4153K [0x00000000eb900000, 0x00000000f0100000, 0x0000000100000000)
  eden space 63488K, 0% used [0x00000000eb900000,0x00000000eb900000,0x00000000ef700000)
  from space 5120K, 81% used [0x00000000efc00000,0x00000000f000e748,0x00000000f0100000)
  to   space 5120K, 0% used [0x00000000ef700000,0x00000000ef700000,0x00000000efc00000)
 ParOldGen       total 145408K, used 109219K [0x00000000c2a00000, 0x00000000cb800000, 0x00000000eb900000)
  object space 145408K, 75% used [0x00000000c2a00000,0x00000000c94a8df8,0x00000000cb800000)
 Metaspace       used 16922K, capacity 17176K, committed 17408K, reserved 1064960K
  class space    used 1973K, capacity 2038K, committed 2048K, reserved 1048576K
}
Event: 4,669 GC heap before
{Heap before GC invocations=7 (full 0):
 PSYoungGen      total 68608K, used 67641K [0x00000000eb900000, 0x00000000f0100000, 0x0000000100000000)
  eden space 63488K, 100% used [0x00000000eb900000,0x00000000ef700000,0x00000000ef700000)
  from space 5120K, 81% used [0x00000000efc00000,0x00000000f000e748,0x00000000f0100000)
  to   space 5120K, 0% used [0x00000000ef700000,0x00000000ef700000,0x00000000efc00000)
 ParOldGen       total 248320K, used 211619K [0x00000000c2a00000, 0x00000000d1c80000, 0x00000000eb900000)
  object space 248320K, 85% used [0x00000000c2a00000,0x00000000cf8a8e08,0x00000000d1c80000)
 Metaspace       used 17087K, capacity 17312K, committed 17408K, reserved 1064960K
  class space    used 1974K, capacity 2040K, committed 2048K, reserved 1048576K
Event: 4,674 GC heap after
Heap after GC invocations=7 (full 0):
 PSYoungGen      total 68608K, used 2468K [0x00000000eb900000, 0x00000000f4000000, 0x0000000100000000)
  eden space 63488K, 0% used [0x00000000eb900000,0x00000000eb900000,0x00000000ef700000)
  from space 5120K, 48% used [0x00000000ef700000,0x00000000ef9692e8,0x00000000efc00000)
  to   space 5632K, 0% used [0x00000000f3a80000,0x00000000f3a80000,0x00000000f4000000)
 ParOldGen       total 248320K, used 212801K [0x00000000c2a00000, 0x00000000d1c80000, 0x00000000eb900000)
  object space 248320K, 85% used [0x00000000c2a00000,0x00000000cf9d0460,0x00000000d1c80000)
 Metaspace       used 17087K, capacity 17312K, committed 17408K, reserved 1064960K
  class space    used 1974K, capacity 2040K, committed 2048K, reserved 1048576K
}

Deoptimization events (10 events):
Event: 3,320 Thread 0x00007fc83400e000 Uncommon trap: reason=unstable_if action=reinterpret pc=0x00007fc8254ed6cc method=java.lang.ThreadLocal$ThreadLocalMap.getEntry(Ljava/lang/ThreadLocal;)Ljava/lang/ThreadLocal$ThreadLocalMap$Entry; @ 29
Event: 3,420 Thread 0x00007fc83400e000 Uncommon trap: reason=predicate action=maybe_recompile pc=0x00007fc825583ed0 method=java.util.LinkedList.toArray([Ljava/lang/Object;)[Ljava/lang/Object; @ 45
Event: 3,471 Thread 0x00007fc83400e000 Uncommon trap: reason=array_check action=maybe_recompile pc=0x00007fc8255af70c method=java.util.LinkedList.toArray([Ljava/lang/Object;)[Ljava/lang/Object; @ 55
Event: 3,471 Thread 0x00007fc83400e000 Uncommon trap: reason=array_check action=maybe_recompile pc=0x00007fc8255af70c method=java.util.LinkedList.toArray([Ljava/lang/Object;)[Ljava/lang/Object; @ 55
Event: 3,471 Thread 0x00007fc83400e000 Uncommon trap: reason=array_check action=maybe_recompile pc=0x00007fc8255af70c method=java.util.LinkedList.toArray([Ljava/lang/Object;)[Ljava/lang/Object; @ 55
Event: 3,471 Thread 0x00007fc83400e000 Uncommon trap: reason=array_check action=maybe_recompile pc=0x00007fc8255af70c method=java.util.LinkedList.toArray([Ljava/lang/Object;)[Ljava/lang/Object; @ 55
Event: 5,822 Thread 0x00007fc83400e000 Uncommon trap: reason=class_check action=maybe_recompile pc=0x00007fc825672ab8 method=org.apache.xerces.dom.CoreDocumentImpl.isKidOK(Lorg/w3c/dom/Node;Lorg/w3c/dom/Node;)Z @ 39
Event: 5,837 Thread 0x00007fc83400e000 Uncommon trap: reason=unstable_if action=reinterpret pc=0x00007fc82567d8f8 method=org.apache.hadoop.conf.Configuration.loadProperty(Ljava/util/Properties;Ljava/lang/String;Ljava/lang/String;Ljava/lang/String;Z[Ljava/lang/String;)V @ 22
Event: 5,837 Thread 0x00007fc83400e000 Uncommon trap: reason=unstable_if action=reinterpret pc=0x00007fc82562e1a8 method=org.apache.hadoop.conf.Configuration.loadProperty(Ljava/util/Properties;Ljava/lang/String;Ljava/lang/String;Ljava/lang/String;Z[Ljava/lang/String;)V @ 22
Event: 5,867 Thread 0x00007fc83400e000 Uncommon trap: reason=class_check action=maybe_recompile pc=0x00007fc825672ab8 method=org.apache.xerces.dom.CoreDocumentImpl.isKidOK(Lorg/w3c/dom/Node;Lorg/w3c/dom/Node;)Z @ 39

Classes redefined (0 events):
No events

Internal exceptions (10 events):
Event: 1,730 Thread 0x00007fc83400e000 Exception <a 'java/lang/reflect/InvocationTargetException'> (0x00000000ec389af0) thrown at [/build/openjdk-8-gyaYyR/openjdk-8-8u212-b03/src/hotspot/src/share/vm/runtime/reflection.cpp, line 1092]
Event: 2,529 Thread 0x00007fc7e003b000 Exception <a 'java/lang/InterruptedException': sleep interrupted> (0x00000000ec53d9e0) thrown at [/build/openjdk-8-gyaYyR/openjdk-8-8u212-b03/src/hotspot/src/share/vm/prims/jvm.cpp, line 3336]
Event: 2,530 Thread 0x00007fc7e0037800 Exception <a 'java/lang/InterruptedException'> (0x00000000ec98eae8) thrown at [/build/openjdk-8-gyaYyR/openjdk-8-8u212-b03/src/hotspot/src/share/vm/runtime/objectMonitor.cpp, line 1684]
Event: 2,530 Thread 0x00007fc7e0039000 Exception <a 'java/lang/InterruptedException'> (0x00000000ec9c3988) thrown at [/build/openjdk-8-gyaYyR/openjdk-8-8u212-b03/src/hotspot/src/share/vm/runtime/objectMonitor.cpp, line 1684]
Event: 3,556 Thread 0x00007fc7e0057800 Exception <a 'java/lang/InterruptedException': sleep interrupted> (0x00000000ed6ba298) thrown at [/build/openjdk-8-gyaYyR/openjdk-8-8u212-b03/src/hotspot/src/share/vm/prims/jvm.cpp, line 3336]
Event: 3,561 Thread 0x00007fc7e0056000 Exception <a 'java/lang/InterruptedException'> (0x00000000ed7f70a0) thrown at [/build/openjdk-8-gyaYyR/openjdk-8-8u212-b03/src/hotspot/src/share/vm/runtime/objectMonitor.cpp, line 1684]
Event: 3,561 Thread 0x00007fc7e0056800 Exception <a 'java/lang/InterruptedException'> (0x00000000ed860dc0) thrown at [/build/openjdk-8-gyaYyR/openjdk-8-8u212-b03/src/hotspot/src/share/vm/runtime/objectMonitor.cpp, line 1684]
Event: 4,941 Thread 0x00007fc7e0056800 Exception <a 'java/lang/InterruptedException': sleep interrupted> (0x00000000ec6c95f8) thrown at [/build/openjdk-8-gyaYyR/openjdk-8-8u212-b03/src/hotspot/src/share/vm/prims/jvm.cpp, line 3336]
Event: 4,942 Thread 0x00007fc7e0056000 Exception <a 'java/lang/InterruptedException'> (0x00000000ec806408) thrown at [/build/openjdk-8-gyaYyR/openjdk-8-8u212-b03/src/hotspot/src/share/vm/runtime/objectMonitor.cpp, line 1684]
Event: 4,942 Thread 0x00007fc7e0055000 Exception <a 'java/lang/InterruptedException'> (0x00000000ec870128) thrown at [/build/openjdk-8-gyaYyR/openjdk-8-8u212-b03/src/hotspot/src/share/vm/runtime/objectMonitor.cpp, line 1684]

Events (10 events):
Event: 5,911 Executing VM operation: RevokeBias done
Event: 5,912 Thread 0x00007fc7ec021000 Thread added: 0x00007fc7ec021000
Event: 5,913 Executing VM operation: RevokeBias
Event: 5,913 Executing VM operation: RevokeBias done
Event: 5,913 Executing VM operation: RevokeBias
Event: 5,913 Executing VM operation: RevokeBias done
Event: 5,913 Thread 0x00007fc8340bb000 flushing nmethod 0x00007fc82510ab50
Event: 5,913 Thread 0x00007fc7e000c000 Thread added: 0x00007fc7e000c000
Event: 5,914 Thread 0x00007fc8340bb000 flushing nmethod 0x00007fc82520c790
Event: 5,914 Thread 0x00007fc8340bb000 flushing nmethod 0x00007fc825222350


Dynamic libraries:
c2a00000-d8100000 rw-p 00000000 00:00 0 
de580000-eb900000 ---p 00000000 00:00 0 
eb900000-f4000000 rw-p 00000000 00:00 0 
f4000000-100000000 ---p 00000000 00:00 0 
100000000-100200000 rw-p 00000000 00:00 0 
100200000-140000000 ---p 00000000 00:00 0 
558aa89d0000-558aa89d1000 r--p 00000000 08:01 277613                     /usr/lib/jvm/java-8-openjdk-amd64/jre/bin/java
558aa89d1000-558aa89d2000 r-xp 00001000 08:01 277613                     /usr/lib/jvm/java-8-openjdk-amd64/jre/bin/java
558aa89d2000-558aa89d3000 r--p 00002000 08:01 277613                     /usr/lib/jvm/java-8-openjdk-amd64/jre/bin/java
558aa89d3000-558aa89d4000 r--p 00002000 08:01 277613                     /usr/lib/jvm/java-8-openjdk-amd64/jre/bin/java
558aa89d4000-558aa89d5000 rw-p 00003000 08:01 277613                     /usr/lib/jvm/java-8-openjdk-amd64/jre/bin/java
558aaa275000-558aaa296000 rw-p 00000000 00:00 0                          [heap]
7fc7e0000000-7fc7e006c000 rw-p 00000000 00:00 0 
7fc7e006c000-7fc7e4000000 ---p 00000000 00:00 0 
7fc7e8000000-7fc7e8021000 rw-p 00000000 00:00 0 
7fc7e8021000-7fc7ec000000 ---p 00000000 00:00 0 
7fc7ec000000-7fc7ec03d000 rw-p 00000000 00:00 0 
7fc7ec03d000-7fc7f0000000 ---p 00000000 00:00 0 
7fc7f0000000-7fc7f0021000 rw-p 00000000 00:00 0 
7fc7f0021000-7fc7f4000000 ---p 00000000 00:00 0 
7fc7f4fff000-7fc7f8000000 rw-p 00000000 00:00 0 
7fc7f8000000-7fc7f8021000 rw-p 00000000 00:00 0 
7fc7f8021000-7fc7fc000000 ---p 00000000 00:00 0 
7fc7fc000000-7fc7fc021000 rw-p 00000000 00:00 0 
7fc7fc021000-7fc800000000 ---p 00000000 00:00 0 
7fc800000000-7fc801a84000 rw-p 00000000 00:00 0 
7fc801a84000-7fc804000000 ---p 00000000 00:00 0 
7fc804000000-7fc80451a000 rw-p 00000000 00:00 0 
7fc80451a000-7fc808000000 ---p 00000000 00:00 0 
7fc808000000-7fc808021000 rw-p 00000000 00:00 0 
7fc808021000-7fc80c000000 ---p 00000000 00:00 0 
7fc80c000000-7fc80c021000 rw-p 00000000 00:00 0 
7fc80c021000-7fc810000000 ---p 00000000 00:00 0 
7fc810000000-7fc810021000 rw-p 00000000 00:00 0 
7fc810021000-7fc814000000 ---p 00000000 00:00 0 
7fc81446e000-7fc814471000 ---p 00000000 00:00 0 
7fc814471000-7fc81456f000 rw-p 00000000 00:00 0 
7fc81456f000-7fc814572000 ---p 00000000 00:00 0 
7fc814572000-7fc814670000 rw-p 00000000 00:00 0 
7fc814670000-7fc814673000 ---p 00000000 00:00 0 
7fc814673000-7fc814771000 rw-p 00000000 00:00 0 
7fc814771000-7fc814774000 ---p 00000000 00:00 0 
7fc814774000-7fc8149b2000 rw-p 00000000 00:00 0 
7fc8149b2000-7fc814a75000 ---p 00000000 00:00 0 
7fc814a75000-7fc814b73000 rw-p 00000000 00:00 0 
7fc814b73000-7fc814b76000 ---p 00000000 00:00 0 
7fc814b76000-7fc814c74000 rw-p 00000000 00:00 0 
7fc814c74000-7fc814c77000 ---p 00000000 00:00 0 
7fc814c77000-7fc814f75000 rw-p 00000000 00:00 0 
7fc814f75000-7fc815175000 rw-p 00000000 00:00 0 
7fc815175000-7fc815375000 rw-p 00000000 00:00 0 
7fc815375000-7fc816150000 r--p 00000000 08:01 273720                     /usr/lib/locale/locale-archive
7fc816150000-7fc818000000 rw-p 00000000 00:00 0 
7fc818000000-7fc818021000 rw-p 00000000 00:00 0 
7fc818021000-7fc81c000000 ---p 00000000 00:00 0 
7fc81c000000-7fc81c021000 rw-p 00000000 00:00 0 
7fc81c021000-7fc820000000 ---p 00000000 00:00 0 
7fc820000000-7fc820021000 rw-p 00000000 00:00 0 
7fc820021000-7fc824000000 ---p 00000000 00:00 0 
7fc824063000-7fc824068000 r--s 002f9000 08:01 280327                     /usr/lib/jvm/java-8-openjdk-amd64/jre/lib/charsets.jar
7fc824068000-7fc82407b000 r--s 00346000 08:01 280338                     /usr/lib/jvm/java-8-openjdk-amd64/jre/lib/resources.jar
7fc82407b000-7fc824082000 r--p 00000000 08:01 280321                     /usr/lib/jvm/java-8-openjdk-amd64/jre/lib/amd64/libsunec.so
7fc824082000-7fc82409a000 r-xp 00007000 08:01 280321                     /usr/lib/jvm/java-8-openjdk-amd64/jre/lib/amd64/libsunec.so
7fc82409a000-7fc8240a4000 r--p 0001f000 08:01 280321                     /usr/lib/jvm/java-8-openjdk-amd64/jre/lib/amd64/libsunec.so
7fc8240a4000-7fc8240a8000 r--p 00028000 08:01 280321                     /usr/lib/jvm/java-8-openjdk-amd64/jre/lib/amd64/libsunec.so
7fc8240a8000-7fc8240a9000 rw-p 0002c000 08:01 280321                     /usr/lib/jvm/java-8-openjdk-amd64/jre/lib/amd64/libsunec.so
7fc8240a9000-7fc8240ac000 ---p 00000000 00:00 0 
7fc8240ac000-7fc8241aa000 rw-p 00000000 00:00 0 
7fc8241aa000-7fc8241ac000 r--s 00016000 08:01 280332                     /usr/lib/jvm/java-8-openjdk-amd64/jre/lib/jce.jar
7fc8241ac000-7fc8241b0000 r--s 000a1000 08:01 280334                     /usr/lib/jvm/java-8-openjdk-amd64/jre/lib/jsse.jar
7fc8241b0000-7fc8241b1000 r--p 00000000 08:01 278819                     /usr/lib/jvm/java-8-openjdk-amd64/jre/lib/amd64/libjaas_unix.so
7fc8241b1000-7fc8241b2000 r-xp 00001000 08:01 278819                     /usr/lib/jvm/java-8-openjdk-amd64/jre/lib/amd64/libjaas_unix.so
7fc8241b2000-7fc8241b3000 r--p 00002000 08:01 278819                     /usr/lib/jvm/java-8-openjdk-amd64/jre/lib/amd64/libjaas_unix.so
7fc8241b3000-7fc8241b4000 r--p 00002000 08:01 278819                     /usr/lib/jvm/java-8-openjdk-amd64/jre/lib/amd64/libjaas_unix.so
7fc8241b4000-7fc8241b5000 rw-p 00003000 08:01 278819                     /usr/lib/jvm/java-8-openjdk-amd64/jre/lib/amd64/libjaas_unix.so
7fc8241b5000-7fc8241b9000 r--p 00000000 08:01 280314                     /usr/lib/jvm/java-8-openjdk-amd64/jre/lib/amd64/libmanagement.so
7fc8241b9000-7fc8241bd000 r-xp 00004000 08:01 280314                     /usr/lib/jvm/java-8-openjdk-amd64/jre/lib/amd64/libmanagement.so
7fc8241bd000-7fc8241bf000 r--p 00008000 08:01 280314                     /usr/lib/jvm/java-8-openjdk-amd64/jre/lib/amd64/libmanagement.so
7fc8241bf000-7fc8241c0000 r--p 00009000 08:01 280314                     /usr/lib/jvm/java-8-openjdk-amd64/jre/lib/amd64/libmanagement.so
7fc8241c0000-7fc8241c1000 rw-p 0000a000 08:01 280314                     /usr/lib/jvm/java-8-openjdk-amd64/jre/lib/amd64/libmanagement.so
7fc8241c1000-7fc8241c4000 ---p 00000000 00:00 0 
7fc8241c4000-7fc8242c2000 rw-p 00000000 00:00 0 
7fc8242c2000-7fc8242c5000 ---p 00000000 00:00 0 
7fc8242c5000-7fc8242fb000 rw-p 00000000 00:00 0 
7fc8242fb000-7fc8242ff000 r--p 00000000 08:01 280316                     /usr/lib/jvm/java-8-openjdk-amd64/jre/lib/amd64/libnet.so
7fc8242ff000-7fc82430e000 r-xp 00004000 08:01 280316                     /usr/lib/jvm/java-8-openjdk-amd64/jre/lib/amd64/libnet.so
7fc82430e000-7fc824312000 r--p 00013000 08:01 280316                     /usr/lib/jvm/java-8-openjdk-amd64/jre/lib/amd64/libnet.so
7fc824312000-7fc824313000 r--p 00016000 08:01 280316                     /usr/lib/jvm/java-8-openjdk-amd64/jre/lib/amd64/libnet.so
7fc824313000-7fc824314000 rw-p 00017000 08:01 280316                     /usr/lib/jvm/java-8-openjdk-amd64/jre/lib/amd64/libnet.so
7fc824314000-7fc82431b000 r--p 00000000 08:01 280317                     /usr/lib/jvm/java-8-openjdk-amd64/jre/lib/amd64/libnio.so
7fc82431b000-7fc824323000 r-xp 00007000 08:01 280317                     /usr/lib/jvm/java-8-openjdk-amd64/jre/lib/amd64/libnio.so
7fc824323000-7fc824326000 r--p 0000f000 08:01 280317                     /usr/lib/jvm/java-8-openjdk-amd64/jre/lib/amd64/libnio.so
7fc824326000-7fc824327000 r--p 00011000 08:01 280317                     /usr/lib/jvm/java-8-openjdk-amd64/jre/lib/amd64/libnio.so
7fc824327000-7fc824328000 rw-p 00012000 08:01 280317                     /usr/lib/jvm/java-8-openjdk-amd64/jre/lib/amd64/libnio.so
7fc824328000-7fc82432c000 r--s 00031000 08:01 788233                     /home/senko/.m2/repository/commons-io/commons-io/2.6/commons-io-2.6.jar
7fc82432c000-7fc82432e000 r--s 0000e000 08:01 171658                     /home/senko/.m2/repository/org/apache/hadoop/hadoop-mapreduce-client-jobclient/2.7.3/hadoop-mapreduce-client-jobclient-2.7.3.jar
7fc82432e000-7fc824331000 r--s 0001d000 08:01 936726                     /home/senko/.m2/repository/com/sun/jersey/jersey-client/1.9/jersey-client-1.9.jar
7fc824331000-7fc824348000 r--s 00183000 08:01 397443                     /home/senko/.m2/repository/org/apache/hadoop/hadoop-yarn-common/2.7.3/hadoop-yarn-common-2.7.3.jar
7fc824348000-7fc824361000 r--s 00164000 08:01 936724                     /home/senko/.m2/repository/org/apache/hadoop/hadoop-mapreduce-client-core/2.7.3/hadoop-mapreduce-client-core-2.7.3.jar
7fc824361000-7fc82437e000 r--s 001d5000 08:01 936722                     /home/senko/.m2/repository/org/apache/hadoop/hadoop-yarn-api/2.7.3/hadoop-yarn-api-2.7.3.jar
7fc82437e000-7fc824380000 r--s 00010000 08:01 171656                     /home/senko/.m2/repository/org/apache/hadoop/hadoop-mapreduce-client-shuffle/2.7.3/hadoop-mapreduce-client-shuffle-2.7.3.jar
7fc824380000-7fc824387000 r--s 00058000 08:01 936720                     /home/senko/.m2/repository/org/apache/hadoop/hadoop-yarn-server-common/2.7.3/hadoop-yarn-server-common-2.7.3.jar
7fc824387000-7fc82438a000 r--s 00026000 08:01 936718                     /home/senko/.m2/repository/org/apache/hadoop/hadoop-yarn-client/2.7.3/hadoop-yarn-client-2.7.3.jar
7fc82438a000-7fc824397000 r--s 000b1000 08:01 806233                     /home/senko/.m2/repository/org/apache/hadoop/hadoop-mapreduce-client-common/2.7.3/hadoop-mapreduce-client-common-2.7.3.jar
7fc824397000-7fc8243a1000 r--s 0007b000 08:01 678136                     /home/senko/.m2/repository/org/apache/hadoop/hadoop-mapreduce-client-app/2.7.3/hadoop-mapreduce-client-app-2.7.3.jar
7fc8243a1000-7fc8243a4000 r--s 000fd000 08:01 936716                     /home/senko/.m2/repository/org/fusesource/leveldbjni/leveldbjni-all/1.8/leveldbjni-all-1.8.jar
7fc8243a4000-7fc8243ac000 r--s 00028000 08:01 936714                     /home/senko/.m2/repository/xml-apis/xml-apis/1.3.04/xml-apis-1.3.04.jar
7fc8243ac000-7fc8243c4000 r--s 00115000 08:01 936712                     /home/senko/.m2/repository/xerces/xercesImpl/2.9.1/xercesImpl-2.9.1.jar
7fc8243c4000-7fc8243e1000 r--s 00196000 08:01 397441                     /home/senko/.m2/repository/io/netty/netty-all/4.0.23.Final/netty-all-4.0.23.Final.jar
7fc8243e1000-7fc82444c000 r--s 00784000 08:01 806231                     /home/senko/.m2/repository/org/apache/hadoop/hadoop-hdfs/2.7.3/hadoop-hdfs-2.7.3.jar
7fc82444c000-7fc82444d000 r--s 00006000 08:01 548072                     /home/senko/.m2/repository/org/apache/hadoop/hadoop-client/2.7.3/hadoop-client-2.7.3.jar
7fc82444d000-7fc824451000 r--s 00014000 08:01 678134                     /home/senko/.m2/repository/org/tukaani/xz/1.0/xz-1.0.jar
7fc824451000-7fc824456000 r--s 00036000 08:01 678132                     /home/senko/.m2/repository/org/apache/commons/commons-compress/1.4.1/commons-compress-1.4.1.jar
7fc824456000-7fc82446e000 r--s 00110000 08:01 678130                     /home/senko/.m2/repository/io/netty/netty/3.7.0.Final/netty-3.7.0.Final.jar
7fc82446e000-7fc82447a000 r--s 000b6000 08:01 936710                     /home/senko/.m2/repository/org/apache/zookeeper/zookeeper/3.4.6/zookeeper-3.4.6.jar
7fc82447a000-7fc824493000 r--s 00150000 08:01 171654                     /home/senko/.m2/repository/org/apache/htrace/htrace-core/3.1.0-incubating/htrace-core-3.1.0-incubating.jar
7fc824493000-7fc824496000 r--s 00006000 08:01 806228                     /home/senko/.m2/repository/com/google/code/findbugs/jsr305/3.0.0/jsr305-3.0.0.jar
7fc824496000-7fc82449e000 r--s 0003b000 08:01 678128                     /home/senko/.m2/repository/org/apache/curator/curator-recipes/2.7.1/curator-recipes-2.7.1.jar
7fc82449e000-7fc8244a0000 r--s 0000f000 08:01 678126                     /home/senko/.m2/repository/org/apache/curator/curator-client/2.7.1/curator-client-2.7.1.jar
7fc8244a0000-7fc8244a3000 r--s 0002b000 08:01 936708                     /home/senko/.m2/repository/com/jcraft/jsch/0.1.42/jsch-0.1.42.jar
7fc8244a3000-7fc8244a9000 r--s 00028000 08:01 802471                     /home/senko/.m2/repository/org/apache/curator/curator-framework/2.7.1/curator-framework-2.7.1.jar
7fc8244a9000-7fc8244ab000 r--s 00012000 08:01 936706                     /home/senko/.m2/repository/org/apache/directory/api/api-util/1.0.0-M20/api-util-1.0.0-M20.jar
7fc8244ab000-7fc8244ad000 r--s 00003000 08:01 936704                     /home/senko/.m2/repository/org/apache/directory/api/api-asn1-api/1.0.0-M20/api-asn1-api-1.0.0-M20.jar
7fc8244ad000-7fc8244ae000 r--s 0000a000 08:01 1243766                    /home/senko/.m2/repository/org/apache/directory/server/apacheds-i18n/2.0.0-M15/apacheds-i18n-2.0.0-M15.jar
7fc8244ae000-7fc8244c0000 r--s 00097000 08:01 1243764                    /home/senko/.m2/repository/org/apache/directory/server/apacheds-kerberos-codec/2.0.0-M15/apacheds-kerberos-codec-2.0.0-M15.jar
7fc8244c0000-7fc8244c2000 r--s 00015000 08:01 548070                     /home/senko/.m2/repository/org/apache/hadoop/hadoop-auth/2.7.3/hadoop-auth-2.7.3.jar
7fc8244c2000-7fc8244c7000 r--s 0002a000 08:01 678124                     /home/senko/.m2/repository/com/google/code/gson/gson/2.2.4/gson-2.2.4.jar
7fc8244c7000-7fc8244cf000 r--s 0007b000 08:01 548068                     /home/senko/.m2/repository/com/google/protobuf/protobuf-java/2.5.0/protobuf-java-2.5.0.jar
7fc8244cf000-7fc8244d1000 r--s 000f2000 08:01 548066                     /home/senko/.m2/repository/org/xerial/snappy/snappy-java/1.0.4.1/snappy-java-1.0.4.1.jar
7fc8244d1000-7fc8244d3000 r--s 00006000 08:01 936702                     /home/senko/.m2/repository/com/thoughtworks/paranamer/paranamer/2.3/paranamer-2.3.jar
7fc8244d3000-7fc8244da000 r--s 00044000 08:01 936700                     /home/senko/.m2/repository/org/apache/avro/avro/1.7.4/avro-1.7.4.jar
7fc8244da000-7fc8244e8000 r--s 000b1000 08:01 397438                     /home/senko/.m2/repository/org/codehaus/jackson/jackson-mapper-asl/1.9.13/jackson-mapper-asl-1.9.13.jar
7fc8244e8000-7fc8244ec000 r--s 00035000 08:01 1243762                    /home/senko/.m2/repository/org/codehaus/jackson/jackson-core-asl/1.9.13/jackson-core-asl-1.9.13.jar
7fc8244ec000-7fc8244ee000 r--s 00001000 08:01 936698                     /home/senko/.m2/repository/org/slf4j/slf4j-log4j12/1.7.10/slf4j-log4j12-1.7.10.jar
7fc8244ee000-7fc8244ef000 r--s 00007000 08:01 936696                     /home/senko/.m2/repository/org/slf4j/slf4j-api/1.7.10/slf4j-api-1.7.10.jar
7fc8244ef000-7fc8244f3000 r--s 0002f000 08:01 802469                     /home/senko/.m2/repository/commons-beanutils/commons-beanutils-core/1.8.0/commons-beanutils-core-1.8.0.jar
7fc8244f3000-7fc8244f8000 r--s 0002a000 08:01 802467                     /home/senko/.m2/repository/commons-beanutils/commons-beanutils/1.7.0/commons-beanutils-1.7.0.jar
7fc8244f8000-7fc8244fc000 r--s 00020000 08:01 678122                     /home/senko/.m2/repository/commons-digester/commons-digester/1.8/commons-digester-1.8.jar
7fc8244fc000-7fc824502000 r--s 00043000 08:01 171652                     /home/senko/.m2/repository/commons-configuration/commons-configuration/1.6/commons-configuration-1.6.jar
7fc824502000-7fc824507000 r--s 00041000 08:01 1243760                    /home/senko/.m2/repository/commons-lang/commons-lang/2.6/commons-lang-2.6.jar
7fc824507000-7fc824508000 r--s 00004000 08:01 936694                     /home/senko/.m2/repository/com/jamesmurty/utils/java-xmlbuilder/0.4/java-xmlbuilder-0.4.jar
7fc824508000-7fc82450d000 r--s 00028000 08:01 936692                     /home/senko/.m2/repository/org/apache/httpcomponents/httpcore/4.1.2/httpcore-4.1.2.jar
7fc82450d000-7fc824515000 r--s 0004e000 08:01 936690                     /home/senko/.m2/repository/org/apache/httpcomponents/httpclient/4.1.2/httpclient-4.1.2.jar
7fc824515000-7fc82451e000 r--s 0007b000 08:01 397436                     /home/senko/.m2/repository/net/java/dev/jets3t/jets3t/0.9.0/jets3t-0.9.0.jar
7fc82451e000-7fc824527000 r--s 0006f000 08:01 936688                     /home/senko/.m2/repository/log4j/log4j/1.2.17/log4j-1.2.17.jar
7fc824527000-7fc824529000 r--s 0000e000 08:01 936686                     /home/senko/.m2/repository/commons-logging/commons-logging/1.1.3/commons-logging-1.1.3.jar
7fc824529000-7fc82452a000 r--s 0000a000 08:01 1243758                    /home/senko/.m2/repository/asm/asm/3.1/asm-3.1.jar
7fc82452a000-7fc82453c000 r--s 0009d000 08:01 802465                     /home/senko/.m2/repository/com/sun/jersey/jersey-server/1.9/jersey-server-1.9.jar
7fc82453c000-7fc82453d000 r--s 00007000 08:01 678120                     /home/senko/.m2/repository/org/codehaus/jackson/jackson-xc/1.8.3/jackson-xc-1.8.3.jar
7fc82453d000-7fc82453e000 r--s 00004000 08:01 678118                     /home/senko/.m2/repository/org/codehaus/jackson/jackson-jaxrs/1.8.3/jackson-jaxrs-1.8.3.jar
7fc82453e000-7fc824540000 r--s 0000e000 08:01 936684                     /home/senko/.m2/repository/javax/activation/activation/1.1/activation-1.1.jar
7fc824540000-7fc824542000 r--s 00004000 08:01 936682                     /home/senko/.m2/repository/javax/xml/stream/stax-api/1.0-2/stax-api-1.0-2.jar
7fc824542000-7fc824545000 r--s 00017000 08:01 936680                     /home/senko/.m2/repository/javax/xml/bind/jaxb-api/2.2.2/jaxb-api-2.2.2.jar
7fc824545000-7fc824558000 r--s 000c7000 08:01 936678                     /home/senko/.m2/repository/com/sun/xml/bind/jaxb-impl/2.2.3-1/jaxb-impl-2.2.3-1.jar
7fc824558000-7fc82455a000 r--s 0000f000 08:01 936676                     /home/senko/.m2/repository/org/codehaus/jettison/jettison/1.1/jettison-1.1.jar
7fc82455a000-7fc82455e000 r--s 00021000 08:01 802463                     /home/senko/.m2/repository/com/sun/jersey/jersey-json/1.9/jersey-json-1.9.jar
7fc82455e000-7fc824568000 r--s 00066000 08:01 936674                     /home/senko/.m2/repository/com/sun/jersey/jersey-core/1.9/jersey-core-1.9.jar
7fc824568000-7fc82456b000 r--s 00016000 08:01 936672                     /home/senko/.m2/repository/javax/servlet/jsp/jsp-api/2.1/jsp-api-2.1.jar
7fc82456b000-7fc82456f000 r--s 00028000 08:01 1243756                    /home/senko/.m2/repository/org/mortbay/jetty/jetty-util/6.1.26/jetty-util-6.1.26.jar
7fc82456f000-7fc82457c000 r--s 00083000 08:01 936670                     /home/senko/.m2/repository/commons-collections/commons-collections/3.2.2/commons-collections-3.2.2.jar
7fc82457c000-7fc8245f6000 r--s 01103000 08:01 269397                     /usr/lib/jvm/java-8-openjdk-amd64/lib/tools.jar
7fc8245f6000-7fc8245f7000 ---p 00000000 00:00 0 
7fc8245f7000-7fc8246f7000 rw-p 00000000 00:00 0 
7fc8246f7000-7fc8246fa000 ---p 00000000 00:00 0 
7fc8246fa000-7fc8247f8000 rw-p 00000000 00:00 0 
7fc8247f8000-7fc8247f9000 ---p 00000000 00:00 0 
7fc8247f9000-7fc8247fc000 ---p 00000000 00:00 0 
7fc8247fc000-7fc8248f9000 rw-p 00000000 00:00 0 
7fc8248f9000-7fc8248fa000 ---p 00000000 00:00 0 
7fc8248fa000-7fc8248fd000 ---p 00000000 00:00 0 
7fc8248fd000-7fc8249fa000 rw-p 00000000 00:00 0 
7fc8249fa000-7fc8249fd000 ---p 00000000 00:00 0 
7fc8249fd000-7fc824afb000 rw-p 00000000 00:00 0 
7fc824afb000-7fc824afe000 ---p 00000000 00:00 0 
7fc824afe000-7fc824bfc000 rw-p 00000000 00:00 0 
7fc824bfc000-7fc824bff000 ---p 00000000 00:00 0 
7fc824bff000-7fc824cfd000 rw-p 00000000 00:00 0 
7fc824cfd000-7fc824cfe000 ---p 00000000 00:00 0 
7fc824cfe000-7fc825000000 rw-p 00000000 00:00 0 
7fc825000000-7fc8256e0000 rwxp 00000000 00:00 0 
7fc8256e0000-7fc834000000 ---p 00000000 00:00 0 
7fc834000000-7fc834967000 rw-p 00000000 00:00 0 
7fc834967000-7fc838000000 ---p 00000000 00:00 0 
7fc838000000-7fc838007000 r--s 0007d000 08:01 802460                     /home/senko/.m2/repository/org/mortbay/jetty/jetty/6.1.26/jetty-6.1.26.jar
7fc838007000-7fc838009000 r--s 00018000 08:01 397434                     /home/senko/.m2/repository/javax/servlet/servlet-api/2.5/servlet-api-2.5.jar
7fc838009000-7fc83800e000 r--s 0003e000 08:01 936668                     /home/senko/.m2/repository/commons-net/commons-net/3.1/commons-net-3.1.jar
7fc83800e000-7fc838010000 r--s 0000d000 08:01 936666                     /home/senko/.m2/repository/commons-codec/commons-codec/1.4/commons-codec-1.4.jar
7fc838010000-7fc838016000 r--s 00045000 08:01 678116                     /home/senko/.m2/repository/commons-httpclient/commons-httpclient/3.1/commons-httpclient-3.1.jar
7fc838016000-7fc838017000 r--s 00003000 08:01 678114                     /home/senko/.m2/repository/xmlenc/xmlenc/0.52/xmlenc-0.52.jar
7fc838017000-7fc838034000 r--s 0016a000 08:01 397432                     /home/senko/.m2/repository/org/apache/commons/commons-math3/3.1.1/commons-math3-3.1.1.jar
7fc838034000-7fc838036000 r--s 00009000 08:01 397430                     /home/senko/.m2/repository/commons-cli/commons-cli/1.2/commons-cli-1.2.jar
7fc838036000-7fc838057000 r--s 00172000 08:01 1243754                    /home/senko/.m2/repository/com/google/guava/guava/11.0.2/guava-11.0.2.jar
7fc838057000-7fc838058000 r--s 00009000 08:01 936664                     /home/senko/.m2/repository/org/apache/hadoop/hadoop-annotations/2.7.3/hadoop-annotations-2.7.3.jar
7fc838058000-7fc83808e000 r--s 0031c000 08:01 936662                     /home/senko/.m2/repository/org/apache/hadoop/hadoop-common/2.7.3/hadoop-common-2.7.3.jar
7fc83808e000-7fc838093000 r--s 0003c000 08:01 657601                     /usr/lib/jvm/java-8-openjdk-amd64/jre/lib/ext/sunjce_provider.jar
7fc838093000-7fc8380ae000 r--s 001d6000 08:01 657599                     /usr/lib/jvm/java-8-openjdk-amd64/jre/lib/ext/nashorn.jar
7fc8380ae000-7fc8380b8000 r--s 00116000 08:01 657598                     /usr/lib/jvm/java-8-openjdk-amd64/jre/lib/ext/localedata.jar
7fc8380b8000-7fc8380d3000 r--s 00394000 08:01 657342                     /usr/lib/jvm/java-8-openjdk-amd64/jre/lib/ext/cldrdata.jar
7fc8380d3000-7fc83888b000 rw-p 00000000 00:00 0 
7fc83888b000-7fc838a5a000 r--s 03c3b000 08:01 280339                     /usr/lib/jvm/java-8-openjdk-amd64/jre/lib/rt.jar
7fc838a5a000-7fc839552000 rw-p 00000000 00:00 0 
7fc839552000-7fc839553000 ---p 00000000 00:00 0 
7fc839553000-7fc839653000 rw-p 00000000 00:00 0 
7fc839653000-7fc839654000 ---p 00000000 00:00 0 
7fc839654000-7fc839800000 rw-p 00000000 00:00 0 
7fc839800000-7fc83989c000 ---p 00000000 00:00 0 
7fc83989c000-7fc839948000 rw-p 00000000 00:00 0 
7fc839948000-7fc8399e3000 ---p 00000000 00:00 0 
7fc8399e3000-7fc839a27000 rw-p 00000000 00:00 0 
7fc839a27000-7fc839a87000 ---p 00000000 00:00 0 
7fc839a87000-7fc839aa4000 rw-p 00000000 00:00 0 
7fc839aa4000-7fc839e48000 ---p 00000000 00:00 0 
7fc839e48000-7fc839e4b000 r--p 00000000 08:01 792202                     /lib/x86_64-linux-gnu/libnss_files-2.28.so
7fc839e4b000-7fc839e52000 r-xp 00003000 08:01 792202                     /lib/x86_64-linux-gnu/libnss_files-2.28.so
7fc839e52000-7fc839e55000 r--p 0000a000 08:01 792202                     /lib/x86_64-linux-gnu/libnss_files-2.28.so
7fc839e55000-7fc839e56000 r--p 0000c000 08:01 792202                     /lib/x86_64-linux-gnu/libnss_files-2.28.so
7fc839e56000-7fc839e57000 rw-p 0000d000 08:01 792202                     /lib/x86_64-linux-gnu/libnss_files-2.28.so
7fc839e57000-7fc839e5d000 rw-p 00000000 00:00 0 
7fc839e5d000-7fc839e60000 r--s 0000f000 08:01 657358                     /usr/lib/jvm/java-8-openjdk-amd64/jre/lib/ext/icedtea-sound.jar
7fc839e60000-7fc839e62000 r--s 00008000 08:01 657600                     /usr/lib/jvm/java-8-openjdk-amd64/jre/lib/ext/sunec.jar
7fc839e62000-7fc839e64000 r--s 00001000 08:01 657357                     /usr/lib/jvm/java-8-openjdk-amd64/jre/lib/ext/dnsns.jar
7fc839e64000-7fc839e67000 r--p 00000000 08:01 280324                     /usr/lib/jvm/java-8-openjdk-amd64/jre/lib/amd64/libzip.so
7fc839e67000-7fc839e6b000 r-xp 00003000 08:01 280324                     /usr/lib/jvm/java-8-openjdk-amd64/jre/lib/amd64/libzip.so
7fc839e6b000-7fc839e6d000 r--p 00007000 08:01 280324                     /usr/lib/jvm/java-8-openjdk-amd64/jre/lib/amd64/libzip.so
7fc839e6d000-7fc839e6e000 r--p 00008000 08:01 280324                     /usr/lib/jvm/java-8-openjdk-amd64/jre/lib/amd64/libzip.so
7fc839e6e000-7fc839e6f000 rw-p 00009000 08:01 280324                     /usr/lib/jvm/java-8-openjdk-amd64/jre/lib/amd64/libzip.so
7fc839e6f000-7fc839e77000 rw-s 00000000 08:01 811548                     /tmp/hsperfdata_senko/26551
7fc839e77000-7fc839e84000 r--p 00000000 08:01 278891                     /usr/lib/jvm/java-8-openjdk-amd64/jre/lib/amd64/libjava.so
7fc839e84000-7fc839e9c000 r-xp 0000d000 08:01 278891                     /usr/lib/jvm/java-8-openjdk-amd64/jre/lib/amd64/libjava.so
7fc839e9c000-7fc839ea3000 r--p 00025000 08:01 278891                     /usr/lib/jvm/java-8-openjdk-amd64/jre/lib/amd64/libjava.so
7fc839ea3000-7fc839ea4000 r--p 0002b000 08:01 278891                     /usr/lib/jvm/java-8-openjdk-amd64/jre/lib/amd64/libjava.so
7fc839ea4000-7fc839ea6000 rw-p 0002c000 08:01 278891                     /usr/lib/jvm/java-8-openjdk-amd64/jre/lib/amd64/libjava.so
7fc839ea6000-7fc839ea8000 r--p 00000000 08:01 792231                     /lib/x86_64-linux-gnu/librt-2.28.so
7fc839ea8000-7fc839eac000 r-xp 00002000 08:01 792231                     /lib/x86_64-linux-gnu/librt-2.28.so
7fc839eac000-7fc839eae000 r--p 00006000 08:01 792231                     /lib/x86_64-linux-gnu/librt-2.28.so
7fc839eae000-7fc839eaf000 r--p 00007000 08:01 792231                     /lib/x86_64-linux-gnu/librt-2.28.so
7fc839eaf000-7fc839eb0000 rw-p 00008000 08:01 792231                     /lib/x86_64-linux-gnu/librt-2.28.so
7fc839eb0000-7fc839eb1000 ---p 00000000 00:00 0 
7fc839eb1000-7fc839eb4000 ---p 00000000 00:00 0 
7fc839eb4000-7fc839fb1000 rw-p 00000000 00:00 0 
7fc839fb1000-7fc839fb4000 r--p 00000000 08:01 792173                     /lib/x86_64-linux-gnu/libgcc_s.so.1
7fc839fb4000-7fc839fc5000 r-xp 00003000 08:01 792173                     /lib/x86_64-linux-gnu/libgcc_s.so.1
7fc839fc5000-7fc839fc8000 r--p 00014000 08:01 792173                     /lib/x86_64-linux-gnu/libgcc_s.so.1
7fc839fc8000-7fc839fc9000 ---p 00017000 08:01 792173                     /lib/x86_64-linux-gnu/libgcc_s.so.1
7fc839fc9000-7fc839fca000 r--p 00017000 08:01 792173                     /lib/x86_64-linux-gnu/libgcc_s.so.1
7fc839fca000-7fc839fcb000 rw-p 00018000 08:01 792173                     /lib/x86_64-linux-gnu/libgcc_s.so.1
7fc839fcb000-7fc839fd8000 r--p 00000000 08:01 792188                     /lib/x86_64-linux-gnu/libm-2.28.so
7fc839fd8000-7fc83a083000 r-xp 0000d000 08:01 792188                     /lib/x86_64-linux-gnu/libm-2.28.so
7fc83a083000-7fc83a156000 r--p 000b8000 08:01 792188                     /lib/x86_64-linux-gnu/libm-2.28.so
7fc83a156000-7fc83a157000 r--p 0018a000 08:01 792188                     /lib/x86_64-linux-gnu/libm-2.28.so
7fc83a157000-7fc83a158000 rw-p 0018b000 08:01 792188                     /lib/x86_64-linux-gnu/libm-2.28.so
7fc83a158000-7fc83a1e1000 r--p 00000000 08:01 278756                     /usr/lib/x86_64-linux-gnu/libstdc++.so.6.0.25
7fc83a1e1000-7fc83a294000 r-xp 00089000 08:01 278756                     /usr/lib/x86_64-linux-gnu/libstdc++.so.6.0.25
7fc83a294000-7fc83a2d2000 r--p 0013c000 08:01 278756                     /usr/lib/x86_64-linux-gnu/libstdc++.so.6.0.25
7fc83a2d2000-7fc83a2dc000 r--p 00179000 08:01 278756                     /usr/lib/x86_64-linux-gnu/libstdc++.so.6.0.25
7fc83a2dc000-7fc83a2de000 rw-p 00183000 08:01 278756                     /usr/lib/x86_64-linux-gnu/libstdc++.so.6.0.25
7fc83a2de000-7fc83a2e2000 rw-p 00000000 00:00 0 
7fc83a2e2000-7fc83a4d1000 r--p 00000000 08:01 280326                     /usr/lib/jvm/java-8-openjdk-amd64/jre/lib/amd64/server/libjvm.so
7fc83a4d1000-7fc83ad1d000 r-xp 001ef000 08:01 280326                     /usr/lib/jvm/java-8-openjdk-amd64/jre/lib/amd64/server/libjvm.so
7fc83ad1d000-7fc83aebb000 r--p 00a3b000 08:01 280326                     /usr/lib/jvm/java-8-openjdk-amd64/jre/lib/amd64/server/libjvm.so
7fc83aebb000-7fc83af4f000 r--p 00bd8000 08:01 280326                     /usr/lib/jvm/java-8-openjdk-amd64/jre/lib/amd64/server/libjvm.so
7fc83af4f000-7fc83af78000 rw-p 00c6c000 08:01 280326                     /usr/lib/jvm/java-8-openjdk-amd64/jre/lib/amd64/server/libjvm.so
7fc83af78000-7fc83afaa000 rw-p 00000000 00:00 0 
7fc83afaa000-7fc83afb0000 r--p 00000000 08:01 792227                     /lib/x86_64-linux-gnu/libpthread-2.28.so
7fc83afb0000-7fc83afbf000 r-xp 00006000 08:01 792227                     /lib/x86_64-linux-gnu/libpthread-2.28.so
7fc83afbf000-7fc83afc5000 r--p 00015000 08:01 792227                     /lib/x86_64-linux-gnu/libpthread-2.28.so
7fc83afc5000-7fc83afc6000 r--p 0001a000 08:01 792227                     /lib/x86_64-linux-gnu/libpthread-2.28.so
7fc83afc6000-7fc83afc7000 rw-p 0001b000 08:01 792227                     /lib/x86_64-linux-gnu/libpthread-2.28.so
7fc83afc7000-7fc83afcb000 rw-p 00000000 00:00 0 
7fc83afcb000-7fc83afcc000 r--p 00000000 08:01 792166                     /lib/x86_64-linux-gnu/libdl-2.28.so
7fc83afcc000-7fc83afce000 r-xp 00001000 08:01 792166                     /lib/x86_64-linux-gnu/libdl-2.28.so
7fc83afce000-7fc83afcf000 r--p 00003000 08:01 792166                     /lib/x86_64-linux-gnu/libdl-2.28.so
7fc83afcf000-7fc83afd0000 r--p 00003000 08:01 792166                     /lib/x86_64-linux-gnu/libdl-2.28.so
7fc83afd0000-7fc83afd1000 rw-p 00004000 08:01 792166                     /lib/x86_64-linux-gnu/libdl-2.28.so
7fc83afd1000-7fc83afed000 r-xp 00000000 08:01 792247                     /lib/x86_64-linux-gnu/libz.so.1.2.11
7fc83afed000-7fc83b1ec000 ---p 0001c000 08:01 792247                     /lib/x86_64-linux-gnu/libz.so.1.2.11
7fc83b1ec000-7fc83b1ed000 r--p 0001b000 08:01 792247                     /lib/x86_64-linux-gnu/libz.so.1.2.11
7fc83b1ed000-7fc83b1ee000 rw-p 0001c000 08:01 792247                     /lib/x86_64-linux-gnu/libz.so.1.2.11
7fc83b1ee000-7fc83b210000 r--p 00000000 08:01 792156                     /lib/x86_64-linux-gnu/libc-2.28.so
7fc83b210000-7fc83b381000 r-xp 00022000 08:01 792156                     /lib/x86_64-linux-gnu/libc-2.28.so
7fc83b381000-7fc83b3cd000 r--p 00193000 08:01 792156                     /lib/x86_64-linux-gnu/libc-2.28.so
7fc83b3cd000-7fc83b3ce000 ---p 001df000 08:01 792156                     /lib/x86_64-linux-gnu/libc-2.28.so
7fc83b3ce000-7fc83b3d2000 r--p 001df000 08:01 792156                     /lib/x86_64-linux-gnu/libc-2.28.so
7fc83b3d2000-7fc83b3d4000 rw-p 001e3000 08:01 792156                     /lib/x86_64-linux-gnu/libc-2.28.so
7fc83b3d4000-7fc83b3d8000 rw-p 00000000 00:00 0 
7fc83b3d8000-7fc83b3d9000 r--s 00010000 08:01 657603                     /usr/lib/jvm/java-8-openjdk-amd64/jre/lib/ext/zipfs.jar
7fc83b3d9000-7fc83b3da000 r--s 0000a000 08:01 657359                     /usr/lib/jvm/java-8-openjdk-amd64/jre/lib/ext/jaccess.jar
7fc83b3da000-7fc83b3dd000 r--s 00039000 08:01 657602                     /usr/lib/jvm/java-8-openjdk-amd64/jre/lib/ext/sunpkcs11.jar
7fc83b3dd000-7fc83b3de000 rw-p 00000000 00:00 0 
7fc83b3de000-7fc83b3df000 r--p 00000000 00:00 0 
7fc83b3df000-7fc83b3e4000 r--p 00000000 08:01 280323                     /usr/lib/jvm/java-8-openjdk-amd64/jre/lib/amd64/libverify.so
7fc83b3e4000-7fc83b3ed000 r-xp 00005000 08:01 280323                     /usr/lib/jvm/java-8-openjdk-amd64/jre/lib/amd64/libverify.so
7fc83b3ed000-7fc83b3ef000 r--p 0000e000 08:01 280323                     /usr/lib/jvm/java-8-openjdk-amd64/jre/lib/amd64/libverify.so
7fc83b3ef000-7fc83b3f1000 r--p 0000f000 08:01 280323                     /usr/lib/jvm/java-8-openjdk-amd64/jre/lib/amd64/libverify.so
7fc83b3f1000-7fc83b3f2000 rw-p 00011000 08:01 280323                     /usr/lib/jvm/java-8-openjdk-amd64/jre/lib/amd64/libverify.so
7fc83b3f2000-7fc83b3f4000 r--p 00000000 08:01 278542                     /usr/lib/jvm/java-8-openjdk-amd64/jre/lib/amd64/jli/libjli.so
7fc83b3f4000-7fc83b3fd000 r-xp 00002000 08:01 278542                     /usr/lib/jvm/java-8-openjdk-amd64/jre/lib/amd64/jli/libjli.so
7fc83b3fd000-7fc83b400000 r--p 0000b000 08:01 278542                     /usr/lib/jvm/java-8-openjdk-amd64/jre/lib/amd64/jli/libjli.so
7fc83b400000-7fc83b401000 r--p 0000d000 08:01 278542                     /usr/lib/jvm/java-8-openjdk-amd64/jre/lib/amd64/jli/libjli.so
7fc83b401000-7fc83b402000 rw-p 0000e000 08:01 278542                     /usr/lib/jvm/java-8-openjdk-amd64/jre/lib/amd64/jli/libjli.so
7fc83b402000-7fc83b404000 rw-p 00000000 00:00 0 
7fc83b404000-7fc83b405000 r--p 00000000 08:01 792144                     /lib/x86_64-linux-gnu/ld-2.28.so
7fc83b405000-7fc83b425000 r-xp 00001000 08:01 792144                     /lib/x86_64-linux-gnu/ld-2.28.so
7fc83b425000-7fc83b42d000 r--p 00021000 08:01 792144                     /lib/x86_64-linux-gnu/ld-2.28.so
7fc83b42d000-7fc83b42e000 r--p 00028000 08:01 792144                     /lib/x86_64-linux-gnu/ld-2.28.so
7fc83b42e000-7fc83b42f000 rw-p 00029000 08:01 792144                     /lib/x86_64-linux-gnu/ld-2.28.so
7fc83b42f000-7fc83b430000 rw-p 00000000 00:00 0 
7fff125d0000-7fff125f3000 rw-p 00000000 00:00 0                          [stack]
7fff125fb000-7fff125fe000 r--p 00000000 00:00 0                          [vvar]
7fff125fe000-7fff12600000 r-xp 00000000 00:00 0                          [vdso]
ffffffffff600000-ffffffffff601000 r-xp 00000000 00:00 0                  [vsyscall]

VM Arguments:
jvm_args: -Dfile.encoding=UTF-8 
java_command: pagerankMR.controller.PageRankController
java_class_path (initial): /home/senko/eclipse-workspace/pagerankMR/target/classes:/home/senko/.m2/repository/org/apache/hadoop/hadoop-common/2.7.3/hadoop-common-2.7.3.jar:/home/senko/.m2/repository/org/apache/hadoop/hadoop-annotations/2.7.3/hadoop-annotations-2.7.3.jar:/usr/lib/jvm/java-8-openjdk-amd64/lib/tools.jar:/home/senko/.m2/repository/com/google/guava/guava/11.0.2/guava-11.0.2.jar:/home/senko/.m2/repository/commons-cli/commons-cli/1.2/commons-cli-1.2.jar:/home/senko/.m2/repository/org/apache/commons/commons-math3/3.1.1/commons-math3-3.1.1.jar:/home/senko/.m2/repository/xmlenc/xmlenc/0.52/xmlenc-0.52.jar:/home/senko/.m2/repository/commons-httpclient/commons-httpclient/3.1/commons-httpclient-3.1.jar:/home/senko/.m2/repository/commons-codec/commons-codec/1.4/commons-codec-1.4.jar:/home/senko/.m2/repository/commons-net/commons-net/3.1/commons-net-3.1.jar:/home/senko/.m2/repository/commons-collections/commons-collections/3.2.2/commons-collections-3.2.2.jar:/home/senko/.m2/repository/javax/servlet/servlet-api/2.5/servlet-api-2.5.jar:/home/senko/.m2/repository/org/mortbay/jetty/jetty/6.1.26/jetty-6.1.26.jar:/home/senko/.m2/repository/org/mortbay/jetty/jetty-util/6.1.26/jetty-util-6.1.26.jar:/home/senko/.m2/repository/javax/servlet/jsp/jsp-api/2.1/jsp-api-2.1.jar:/home/senko/.m2/repository/com/sun/jersey/jersey-core/1.9/jersey-core-1.9.jar:/home/senko/.m2/repository/com/sun/jersey/jersey-json/1.9/jersey-json-1.9.jar:/home/senko/.m2/repository/org/codehaus/jettison/jettison/1.1/jettison-1.1.jar:/home/senko/.m2/repository/com/sun/xml/bind/jaxb-impl/2.2.3-1/jaxb-impl-2.2.3-1.jar:/home/senko/.m2/repository/javax/xml/bind/jaxb-api/2.2.2/jaxb-api-2.2.2.jar:/home/senko/.m2/repository/javax/xml/stream/stax-api/1.0-2/stax-api-1.0-2.jar:/home/senko/.m2/repository/javax/activation/activation/1.1/activation-1.1.jar:/home/senko/.m2/repository/org/codehaus/jackson/jackson-jaxrs/1.8.3/jackson-jaxrs-1.8.3.jar:/home/senko/.m2/repository/org/codehaus/jackson/jackson-xc/1.8.3/jacks
Launcher Type: SUN_STANDARD

Environment Variables:
JAVA_HOME=/usr/lib/jvm/java-8-openjdk-amd64/
PATH=/usr/local/sbin:/usr/local/bin:/usr/sbin:/usr/bin:/sbin:/bin:/usr/games:/usr/local/games:/snap/bin
SHELL=/bin/bash
DISPLAY=:0

Signal Handlers:
SIGSEGV: [libjvm.so+0xa1a820], sa_mask[0]=11111111011111111101111111111110, sa_flags=SA_RESTART|SA_SIGINFO
SIGBUS: [libjvm.so+0xa1a820], sa_mask[0]=11111111011111111101111111111110, sa_flags=SA_RESTART|SA_SIGINFO
SIGFPE: [libjvm.so+0x87b4b0], sa_mask[0]=11111111011111111101111111111110, sa_flags=SA_RESTART|SA_SIGINFO
SIGPIPE: [libjvm.so+0x87b4b0], sa_mask[0]=11111111011111111101111111111110, sa_flags=SA_RESTART|SA_SIGINFO
SIGXFSZ: [libjvm.so+0x87b4b0], sa_mask[0]=11111111011111111101111111111110, sa_flags=SA_RESTART|SA_SIGINFO
SIGILL: [libjvm.so+0x87b4b0], sa_mask[0]=11111111011111111101111111111110, sa_flags=SA_RESTART|SA_SIGINFO
SIGUSR1: SIG_DFL, sa_mask[0]=00000000000000000000000000000000, sa_flags=none
SIGUSR2: [libjvm.so+0x87b350], sa_mask[0]=00100000000000000000000000000000, sa_flags=SA_RESTART|SA_SIGINFO
SIGHUP: [libjvm.so+0x87b730], sa_mask[0]=11111111011111111101111111111110, sa_flags=SA_RESTART|SA_SIGINFO
SIGINT: [libjvm.so+0x87b730], sa_mask[0]=11111111011111111101111111111110, sa_flags=SA_RESTART|SA_SIGINFO
SIGTERM: [libjvm.so+0x87b730], sa_mask[0]=11111111011111111101111111111110, sa_flags=SA_RESTART|SA_SIGINFO
SIGQUIT: [libjvm.so+0x87b730], sa_mask[0]=11111111011111111101111111111110, sa_flags=SA_RESTART|SA_SIGINFO


---------------  S Y S T E M  ---------------

OS:DISTRIB_ID=Ubuntu
DISTRIB_RELEASE=18.10
DISTRIB_CODENAME=cosmic
DISTRIB_DESCRIPTION="Ubuntu 18.10"

uname:Linux 4.18.0-20-generic #21-Ubuntu SMP Mon May 6 18:45:52 UTC 2019 x86_64
libc:glibc 2.28 NPTL 2.28 
rlimit: STACK 8192k, CORE 0k, NPROC 15424, NOFILE 1048576, AS infinity
load average:0,66 0,34 0,28

/proc/meminfo:
MemTotal:        4015472 kB
MemFree:          114280 kB
MemAvailable:      35384 kB
Buffers:            1656 kB
Cached:           115424 kB
SwapCached:            0 kB
Active:          3140388 kB
Inactive:          86764 kB
Active(anon):    3121100 kB
Inactive(anon):    70592 kB
Active(file):      19288 kB
Inactive(file):    16172 kB
Unevictable:          32 kB
Mlocked:              32 kB
SwapTotal:             0 kB
SwapFree:              0 kB
Dirty:               320 kB
Writeback:             0 kB
AnonPages:       3110348 kB
Mapped:           108136 kB
Shmem:             81408 kB
Slab:             158784 kB
SReclaimable:      47624 kB
SUnreclaim:       111160 kB
KernelStack:       14648 kB
PageTables:        50272 kB
NFS_Unstable:          0 kB
Bounce:                0 kB
WritebackTmp:          0 kB
CommitLimit:     2007736 kB
Committed_AS:    9645632 kB
VmallocTotal:   34359738367 kB
VmallocUsed:           0 kB
VmallocChunk:          0 kB
HardwareCorrupted:     0 kB
AnonHugePages:         0 kB
ShmemHugePages:        0 kB
ShmemPmdMapped:        0 kB
CmaTotal:              0 kB
CmaFree:               0 kB
HugePages_Total:       0
HugePages_Free:        0
HugePages_Rsvd:        0
HugePages_Surp:        0
Hugepagesize:       2048 kB
Hugetlb:               0 kB
DirectMap4k:      270144 kB
DirectMap2M:     3923968 kB
DirectMap1G:     2097152 kB

container (cgroup) information:
container_type: cgroupv1
cpu_cpuset_cpus: 0-1
cpu_memory_nodes: 0
active_processor_count: 2
cpu_quota: -1
cpu_period: 100000
cpu_shares: -1
memory_limit_in_bytes: -1
memory_and_swap_limit_in_bytes: -2
memory_soft_limit_in_bytes: -1
memory_usage_in_bytes: 3297394688
memory_max_usage_in_bytes: 3384934400


CPU:total 2 (initial active 2) (2 cores per cpu, 1 threads per core) family 6 model 158 stepping 10, cmov, cx8, fxsr, mmx, sse, sse2, sse3, ssse3, sse4.1, sse4.2, popcnt, avx, avx2, aes, clmul, erms, 3dnowpref, lzcnt, tsc, tscinvbit, bmi1, bmi2, adx

/proc/cpuinfo:
processor	: 0
vendor_id	: GenuineIntel
cpu family	: 6
model		: 158
model name	: Intel(R) Core(TM) i7-8750H CPU @ 2.20GHz
stepping	: 10
microcode	: 0x96
cpu MHz		: 2207.999
cache size	: 9216 KB
physical id	: 0
siblings	: 2
core id		: 0
cpu cores	: 2
apicid		: 0
initial apicid	: 0
fpu		: yes
fpu_exception	: yes
cpuid level	: 22
wp		: yes
flags		: fpu vme de pse tsc msr pae mce cx8 apic sep mtrr pge mca cmov pat pse36 clflush mmx fxsr sse sse2 ss ht syscall nx pdpe1gb rdtscp lm constant_tsc arch_perfmon nopl xtopology tsc_reliable nonstop_tsc cpuid pni pclmulqdq ssse3 fma cx16 pcid sse4_1 sse4_2 x2apic movbe popcnt tsc_deadline_timer aes xsave avx f16c rdrand hypervisor lahf_lm abm 3dnowprefetch cpuid_fault invpcid_single pti ssbd ibrs ibpb stibp fsgsbase tsc_adjust bmi1 avx2 smep bmi2 invpcid mpx rdseed adx smap clflushopt xsaveopt xsavec xsaves arat flush_l1d arch_capabilities
bugs		: cpu_meltdown spectre_v1 spectre_v2 spec_store_bypass l1tf mds
bogomips	: 4415.99
clflush size	: 64
cache_alignment	: 64
address sizes	: 43 bits physical, 48 bits virtual
power management:

processor	: 1
vendor_id	: GenuineIntel
cpu family	: 6
model		: 158
model name	: Intel(R) Core(TM) i7-8750H CPU @ 2.20GHz
stepping	: 10
microcode	: 0x96
cpu MHz		: 2207.999
cache size	: 9216 KB
physical id	: 0
siblings	: 2
core id		: 1
cpu cores	: 2
apicid		: 1
initial apicid	: 1
fpu		: yes
fpu_exception	: yes
cpuid level	: 22
wp		: yes
flags		: fpu vme de pse tsc msr pae mce cx8 apic sep mtrr pge mca cmov pat pse36 clflush mmx fxsr sse sse2 ss ht syscall nx pdpe1gb rdtscp lm constant_tsc arch_perfmon nopl xtopology tsc_reliable nonstop_tsc cpuid pni pclmulqdq ssse3 fma cx16 pcid sse4_1 sse4_2 x2apic movbe popcnt tsc_deadline_timer aes xsave avx f16c rdrand hypervisor lahf_lm abm 3dnowprefetch cpuid_fault invpcid_single pti ssbd ibrs ibpb stibp fsgsbase tsc_adjust bmi1 avx2 smep bmi2 invpcid mpx rdseed adx smap clflushopt xsaveopt xsavec xsaves arat flush_l1d arch_capabilities
bugs		: cpu_meltdown spectre_v1 spectre_v2 spec_store_bypass l1tf mds
bogomips	: 4415.99
clflush size	: 64
cache_alignment	: 64
address sizes	: 43 bits physical, 48 bits virtual
power management:



Memory: 4k page, physical 4015472k(114280k free), swap 0k(0k free)

vm_info: OpenJDK 64-Bit Server VM (25.212-b03) for linux-amd64 JRE (1.8.0_212-8u212-b03-0ubuntu1.18.10.1-b03), built on Apr 26 2019 01:04:36 by "buildd" with gcc 8.2.0

time: Tue May 21 21:36:47 2019
timezone: CEST
elapsed time: 5 seconds (0d 0h 0m 5s)

