#
# There is insufficient memory for the Java Runtime Environment to continue.
# Native memory allocation (mmap) failed to map 716177408 bytes for committing reserved memory.
# Possible reasons:
#   The system is out of physical RAM or swap space
#   The process is running with CompressedOops enabled, and the Java Heap may be blocking the growth of the native heap
# Possible solutions:
#   Reduce memory load on the system
#   Increase physical memory or swap space
#   Check if swap backing store is full
#   Decrease Java heap size (-Xmx/-Xms)
#   Decrease number of Java threads
#   Decrease Java thread stack sizes (-Xss)
#   Set larger code cache with -XX:ReservedCodeCacheSize=
# This output file may be truncated or incomplete.
#
#  Out of Memory Error (os_linux.cpp:2756), pid=27029, tid=0x00007f654ba2d700
#
# JRE version:  (8.0_212-b03) (build )
# Java VM: OpenJDK 64-Bit Server VM (25.212-b03 mixed mode linux-amd64 compressed oops)
# Failed to write core dump. Core dumps have been disabled. To enable core dumping, try "ulimit -c unlimited" before starting Java again
#

---------------  T H R E A D  ---------------

Current thread (0x00007f654400e000):  JavaThread "Unknown thread" [_thread_in_vm, id=27031, stack(0x00007f654b92e000,0x00007f654ba2e000)]

Stack: [0x00007f654b92e000,0x00007f654ba2e000],  sp=0x00007f654ba2c5c0,  free space=1017k
Native frames: (J=compiled Java code, j=interpreted, Vv=VM code, C=native code)
V  [libjvm.so+0xa19db5]
V  [libjvm.so+0x4b12d7]
V  [libjvm.so+0x87ff28]
V  [libjvm.so+0x87764e]
V  [libjvm.so+0x8ef4ae]
V  [libjvm.so+0x8dfa55]
V  [libjvm.so+0x2bb89e]
V  [libjvm.so+0x8a1d1e]
V  [libjvm.so+0x9e09da]
V  [libjvm.so+0x9e0c95]
V  [libjvm.so+0x5ecedf]
V  [libjvm.so+0x9c4c71]
V  [libjvm.so+0x658911]  JNI_CreateJavaVM+0x61
C  [libjli.so+0x2e7f]
C  [libjli.so+0x75fd]
C  [libpthread.so.0+0x8164]  start_thread+0xe4


---------------  P R O C E S S  ---------------

Java Threads: ( => current thread )

Other Threads:

=>0x00007f654400e000 (exited) JavaThread "Unknown thread" [_thread_in_vm, id=27031, stack(0x00007f654b92e000,0x00007f654ba2e000)]

VM state:not at safepoint (not fully initialized)

VM Mutex/Monitor currently owned by a thread: None

heap address: 0x0000000080000000, size: 2048 MB, Compressed Oops mode: Non-zero based:0x000000007ffff000
Narrow klass base: 0x0000000000000000, Narrow klass shift: 0

GC Heap History (0 events):
No events

Deoptimization events (0 events):
No events

Classes redefined (0 events):
No events

Internal exceptions (0 events):
No events

Events (0 events):
No events


Dynamic libraries:
aab00000-d5580000 ---p 00000000 00:00 0 
d5580000-eaa80000 rw-p 00000000 00:00 0 
eaa80000-100000000 ---p 00000000 00:00 0 
56069fa7b000-56069fa7c000 r--p 00000000 08:01 277613                     /usr/lib/jvm/java-8-openjdk-amd64/jre/bin/java
56069fa7c000-56069fa7d000 r-xp 00001000 08:01 277613                     /usr/lib/jvm/java-8-openjdk-amd64/jre/bin/java
56069fa7d000-56069fa7e000 r--p 00002000 08:01 277613                     /usr/lib/jvm/java-8-openjdk-amd64/jre/bin/java
56069fa7e000-56069fa7f000 r--p 00002000 08:01 277613                     /usr/lib/jvm/java-8-openjdk-amd64/jre/bin/java
56069fa7f000-56069fa80000 rw-p 00003000 08:01 277613                     /usr/lib/jvm/java-8-openjdk-amd64/jre/bin/java
5606a1374000-5606a1395000 rw-p 00000000 00:00 0                          [heap]
7f6535000000-7f6535270000 rwxp 00000000 00:00 0 
7f6535270000-7f6544000000 ---p 00000000 00:00 0 
7f6544000000-7f6544035000 rw-p 00000000 00:00 0 
7f6544035000-7f6548000000 ---p 00000000 00:00 0 
7f654b104000-7f654b3ae000 ---p 00000000 00:00 0 
7f654b3ae000-7f654b45a000 rw-p 00000000 00:00 0 
7f654b45a000-7f654b504000 ---p 00000000 00:00 0 
7f654b504000-7f654b50f000 rw-p 00000000 00:00 0 
7f654b50f000-7f654b8c5000 ---p 00000000 00:00 0 
7f654b8c5000-7f654b8c8000 r--p 00000000 08:01 792202                     /lib/x86_64-linux-gnu/libnss_files-2.28.so
7f654b8c8000-7f654b8cf000 r-xp 00003000 08:01 792202                     /lib/x86_64-linux-gnu/libnss_files-2.28.so
7f654b8cf000-7f654b8d2000 r--p 0000a000 08:01 792202                     /lib/x86_64-linux-gnu/libnss_files-2.28.so
7f654b8d2000-7f654b8d3000 r--p 0000c000 08:01 792202                     /lib/x86_64-linux-gnu/libnss_files-2.28.so
7f654b8d3000-7f654b8d4000 rw-p 0000d000 08:01 792202                     /lib/x86_64-linux-gnu/libnss_files-2.28.so
7f654b8d4000-7f654b8da000 rw-p 00000000 00:00 0 
7f654b8e1000-7f654b8e4000 r--p 00000000 08:01 280324                     /usr/lib/jvm/java-8-openjdk-amd64/jre/lib/amd64/libzip.so
7f654b8e4000-7f654b8e8000 r-xp 00003000 08:01 280324                     /usr/lib/jvm/java-8-openjdk-amd64/jre/lib/amd64/libzip.so
7f654b8e8000-7f654b8ea000 r--p 00007000 08:01 280324                     /usr/lib/jvm/java-8-openjdk-amd64/jre/lib/amd64/libzip.so
7f654b8ea000-7f654b8eb000 r--p 00008000 08:01 280324                     /usr/lib/jvm/java-8-openjdk-amd64/jre/lib/amd64/libzip.so
7f654b8eb000-7f654b8ec000 rw-p 00009000 08:01 280324                     /usr/lib/jvm/java-8-openjdk-amd64/jre/lib/amd64/libzip.so
7f654b8ec000-7f654b8f4000 rw-s 00000000 08:01 811561                     /tmp/hsperfdata_senko/27029
7f654b8f4000-7f654b901000 r--p 00000000 08:01 278891                     /usr/lib/jvm/java-8-openjdk-amd64/jre/lib/amd64/libjava.so
7f654b901000-7f654b919000 r-xp 0000d000 08:01 278891                     /usr/lib/jvm/java-8-openjdk-amd64/jre/lib/amd64/libjava.so
7f654b919000-7f654b920000 r--p 00025000 08:01 278891                     /usr/lib/jvm/java-8-openjdk-amd64/jre/lib/amd64/libjava.so
7f654b920000-7f654b921000 r--p 0002b000 08:01 278891                     /usr/lib/jvm/java-8-openjdk-amd64/jre/lib/amd64/libjava.so
7f654b921000-7f654b923000 rw-p 0002c000 08:01 278891                     /usr/lib/jvm/java-8-openjdk-amd64/jre/lib/amd64/libjava.so
7f654b923000-7f654b925000 r--p 00000000 08:01 792231                     /lib/x86_64-linux-gnu/librt-2.28.so
7f654b925000-7f654b929000 r-xp 00002000 08:01 792231                     /lib/x86_64-linux-gnu/librt-2.28.so
7f654b929000-7f654b92b000 r--p 00006000 08:01 792231                     /lib/x86_64-linux-gnu/librt-2.28.so
7f654b92b000-7f654b92c000 r--p 00007000 08:01 792231                     /lib/x86_64-linux-gnu/librt-2.28.so
7f654b92c000-7f654b92d000 rw-p 00008000 08:01 792231                     /lib/x86_64-linux-gnu/librt-2.28.so
7f654b92d000-7f654b92e000 ---p 00000000 00:00 0 
7f654b92e000-7f654b931000 ---p 00000000 00:00 0 
7f654b931000-7f654ba2e000 rw-p 00000000 00:00 0 
7f654ba2e000-7f654ba31000 r--p 00000000 08:01 792173                     /lib/x86_64-linux-gnu/libgcc_s.so.1
7f654ba31000-7f654ba42000 r-xp 00003000 08:01 792173                     /lib/x86_64-linux-gnu/libgcc_s.so.1
7f654ba42000-7f654ba45000 r--p 00014000 08:01 792173                     /lib/x86_64-linux-gnu/libgcc_s.so.1
7f654ba45000-7f654ba46000 ---p 00017000 08:01 792173                     /lib/x86_64-linux-gnu/libgcc_s.so.1
7f654ba46000-7f654ba47000 r--p 00017000 08:01 792173                     /lib/x86_64-linux-gnu/libgcc_s.so.1
7f654ba47000-7f654ba48000 rw-p 00018000 08:01 792173                     /lib/x86_64-linux-gnu/libgcc_s.so.1
7f654ba48000-7f654ba55000 r--p 00000000 08:01 792188                     /lib/x86_64-linux-gnu/libm-2.28.so
7f654ba55000-7f654bb00000 r-xp 0000d000 08:01 792188                     /lib/x86_64-linux-gnu/libm-2.28.so
7f654bb00000-7f654bbd3000 r--p 000b8000 08:01 792188                     /lib/x86_64-linux-gnu/libm-2.28.so
7f654bbd3000-7f654bbd4000 r--p 0018a000 08:01 792188                     /lib/x86_64-linux-gnu/libm-2.28.so
7f654bbd4000-7f654bbd5000 rw-p 0018b000 08:01 792188                     /lib/x86_64-linux-gnu/libm-2.28.so
7f654bbd5000-7f654bc5e000 r--p 00000000 08:01 278756                     /usr/lib/x86_64-linux-gnu/libstdc++.so.6.0.25
7f654bc5e000-7f654bd11000 r-xp 00089000 08:01 278756                     /usr/lib/x86_64-linux-gnu/libstdc++.so.6.0.25
7f654bd11000-7f654bd4f000 r--p 0013c000 08:01 278756                     /usr/lib/x86_64-linux-gnu/libstdc++.so.6.0.25
7f654bd4f000-7f654bd59000 r--p 00179000 08:01 278756                     /usr/lib/x86_64-linux-gnu/libstdc++.so.6.0.25
7f654bd59000-7f654bd5b000 rw-p 00183000 08:01 278756                     /usr/lib/x86_64-linux-gnu/libstdc++.so.6.0.25
7f654bd5b000-7f654bd5f000 rw-p 00000000 00:00 0 
7f654bd5f000-7f654bf4e000 r--p 00000000 08:01 280326                     /usr/lib/jvm/java-8-openjdk-amd64/jre/lib/amd64/server/libjvm.so
7f654bf4e000-7f654c79a000 r-xp 001ef000 08:01 280326                     /usr/lib/jvm/java-8-openjdk-amd64/jre/lib/amd64/server/libjvm.so
7f654c79a000-7f654c938000 r--p 00a3b000 08:01 280326                     /usr/lib/jvm/java-8-openjdk-amd64/jre/lib/amd64/server/libjvm.so
7f654c938000-7f654c9cc000 r--p 00bd8000 08:01 280326                     /usr/lib/jvm/java-8-openjdk-amd64/jre/lib/amd64/server/libjvm.so
7f654c9cc000-7f654c9f5000 rw-p 00c6c000 08:01 280326                     /usr/lib/jvm/java-8-openjdk-amd64/jre/lib/amd64/server/libjvm.so
7f654c9f5000-7f654ca27000 rw-p 00000000 00:00 0 
7f654ca27000-7f654ca2d000 r--p 00000000 08:01 792227                     /lib/x86_64-linux-gnu/libpthread-2.28.so
7f654ca2d000-7f654ca3c000 r-xp 00006000 08:01 792227                     /lib/x86_64-linux-gnu/libpthread-2.28.so
7f654ca3c000-7f654ca42000 r--p 00015000 08:01 792227                     /lib/x86_64-linux-gnu/libpthread-2.28.so
7f654ca42000-7f654ca43000 r--p 0001a000 08:01 792227                     /lib/x86_64-linux-gnu/libpthread-2.28.so
7f654ca43000-7f654ca44000 rw-p 0001b000 08:01 792227                     /lib/x86_64-linux-gnu/libpthread-2.28.so
7f654ca44000-7f654ca48000 rw-p 00000000 00:00 0 
7f654ca48000-7f654ca49000 r--p 00000000 08:01 792166                     /lib/x86_64-linux-gnu/libdl-2.28.so
7f654ca49000-7f654ca4b000 r-xp 00001000 08:01 792166                     /lib/x86_64-linux-gnu/libdl-2.28.so
7f654ca4b000-7f654ca4c000 r--p 00003000 08:01 792166                     /lib/x86_64-linux-gnu/libdl-2.28.so
7f654ca4c000-7f654ca4d000 r--p 00003000 08:01 792166                     /lib/x86_64-linux-gnu/libdl-2.28.so
7f654ca4d000-7f654ca4e000 rw-p 00004000 08:01 792166                     /lib/x86_64-linux-gnu/libdl-2.28.so
7f654ca4e000-7f654ca6a000 r-xp 00000000 08:01 792247                     /lib/x86_64-linux-gnu/libz.so.1.2.11
7f654ca6a000-7f654cc69000 ---p 0001c000 08:01 792247                     /lib/x86_64-linux-gnu/libz.so.1.2.11
7f654cc69000-7f654cc6a000 r--p 0001b000 08:01 792247                     /lib/x86_64-linux-gnu/libz.so.1.2.11
7f654cc6a000-7f654cc6b000 rw-p 0001c000 08:01 792247                     /lib/x86_64-linux-gnu/libz.so.1.2.11
7f654cc6b000-7f654cc8d000 r--p 00000000 08:01 792156                     /lib/x86_64-linux-gnu/libc-2.28.so
7f654cc8d000-7f654cdfe000 r-xp 00022000 08:01 792156                     /lib/x86_64-linux-gnu/libc-2.28.so
7f654cdfe000-7f654ce4a000 r--p 00193000 08:01 792156                     /lib/x86_64-linux-gnu/libc-2.28.so
7f654ce4a000-7f654ce4b000 ---p 001df000 08:01 792156                     /lib/x86_64-linux-gnu/libc-2.28.so
7f654ce4b000-7f654ce4f000 r--p 001df000 08:01 792156                     /lib/x86_64-linux-gnu/libc-2.28.so
7f654ce4f000-7f654ce51000 rw-p 001e3000 08:01 792156                     /lib/x86_64-linux-gnu/libc-2.28.so
7f654ce51000-7f654ce55000 rw-p 00000000 00:00 0 
7f654ce5a000-7f654ce5b000 rw-p 00000000 00:00 0 
7f654ce5b000-7f654ce5c000 r--p 00000000 00:00 0 
7f654ce5c000-7f654ce61000 r--p 00000000 08:01 280323                     /usr/lib/jvm/java-8-openjdk-amd64/jre/lib/amd64/libverify.so
7f654ce61000-7f654ce6a000 r-xp 00005000 08:01 280323                     /usr/lib/jvm/java-8-openjdk-amd64/jre/lib/amd64/libverify.so
7f654ce6a000-7f654ce6c000 r--p 0000e000 08:01 280323                     /usr/lib/jvm/java-8-openjdk-amd64/jre/lib/amd64/libverify.so
7f654ce6c000-7f654ce6e000 r--p 0000f000 08:01 280323                     /usr/lib/jvm/java-8-openjdk-amd64/jre/lib/amd64/libverify.so
7f654ce6e000-7f654ce6f000 rw-p 00011000 08:01 280323                     /usr/lib/jvm/java-8-openjdk-amd64/jre/lib/amd64/libverify.so
7f654ce6f000-7f654ce71000 r--p 00000000 08:01 278542                     /usr/lib/jvm/java-8-openjdk-amd64/jre/lib/amd64/jli/libjli.so
7f654ce71000-7f654ce7a000 r-xp 00002000 08:01 278542                     /usr/lib/jvm/java-8-openjdk-amd64/jre/lib/amd64/jli/libjli.so
7f654ce7a000-7f654ce7d000 r--p 0000b000 08:01 278542                     /usr/lib/jvm/java-8-openjdk-amd64/jre/lib/amd64/jli/libjli.so
7f654ce7d000-7f654ce7e000 r--p 0000d000 08:01 278542                     /usr/lib/jvm/java-8-openjdk-amd64/jre/lib/amd64/jli/libjli.so
7f654ce7e000-7f654ce7f000 rw-p 0000e000 08:01 278542                     /usr/lib/jvm/java-8-openjdk-amd64/jre/lib/amd64/jli/libjli.so
7f654ce7f000-7f654ce81000 rw-p 00000000 00:00 0 
7f654ce81000-7f654ce82000 r--p 00000000 08:01 792144                     /lib/x86_64-linux-gnu/ld-2.28.so
7f654ce82000-7f654cea2000 r-xp 00001000 08:01 792144                     /lib/x86_64-linux-gnu/ld-2.28.so
7f654cea2000-7f654ceaa000 r--p 00021000 08:01 792144                     /lib/x86_64-linux-gnu/ld-2.28.so
7f654ceaa000-7f654ceab000 r--p 00028000 08:01 792144                     /lib/x86_64-linux-gnu/ld-2.28.so
7f654ceab000-7f654ceac000 rw-p 00029000 08:01 792144                     /lib/x86_64-linux-gnu/ld-2.28.so
7f654ceac000-7f654cead000 rw-p 00000000 00:00 0 
7ffff05e1000-7ffff0604000 rw-p 00000000 00:00 0                          [stack]
7ffff06a7000-7ffff06aa000 r--p 00000000 00:00 0                          [vvar]
7ffff06aa000-7ffff06ac000 r-xp 00000000 00:00 0                          [vdso]
ffffffffff600000-ffffffffff601000 r-xp 00000000 00:00 0                  [vsyscall]

VM Arguments:
jvm_args: -Xms1024m -Xmx2048m -Dfile.encoding=UTF-8 
java_command: pagerankMR.controller.PageRankController
java_class_path (initial): /home/senko/eclipse-workspace/pagerankMR/target/classes:/home/senko/.m2/repository/org/apache/hadoop/hadoop-common/2.7.3/hadoop-common-2.7.3.jar:/home/senko/.m2/repository/org/apache/hadoop/hadoop-annotations/2.7.3/hadoop-annotations-2.7.3.jar:/usr/lib/jvm/java-8-openjdk-amd64/lib/tools.jar:/home/senko/.m2/repository/com/google/guava/guava/11.0.2/guava-11.0.2.jar:/home/senko/.m2/repository/commons-cli/commons-cli/1.2/commons-cli-1.2.jar:/home/senko/.m2/repository/org/apache/commons/commons-math3/3.1.1/commons-math3-3.1.1.jar:/home/senko/.m2/repository/xmlenc/xmlenc/0.52/xmlenc-0.52.jar:/home/senko/.m2/repository/commons-httpclient/commons-httpclient/3.1/commons-httpclient-3.1.jar:/home/senko/.m2/repository/commons-codec/commons-codec/1.4/commons-codec-1.4.jar:/home/senko/.m2/repository/commons-net/commons-net/3.1/commons-net-3.1.jar:/home/senko/.m2/repository/commons-collections/commons-collections/3.2.2/commons-collections-3.2.2.jar:/home/senko/.m2/repository/javax/servlet/servlet-api/2.5/servlet-api-2.5.jar:/home/senko/.m2/repository/org/mortbay/jetty/jetty/6.1.26/jetty-6.1.26.jar:/home/senko/.m2/repository/org/mortbay/jetty/jetty-util/6.1.26/jetty-util-6.1.26.jar:/home/senko/.m2/repository/javax/servlet/jsp/jsp-api/2.1/jsp-api-2.1.jar:/home/senko/.m2/repository/com/sun/jersey/jersey-core/1.9/jersey-core-1.9.jar:/home/senko/.m2/repository/com/sun/jersey/jersey-json/1.9/jersey-json-1.9.jar:/home/senko/.m2/repository/org/codehaus/jettison/jettison/1.1/jettison-1.1.jar:/home/senko/.m2/repository/com/sun/xml/bind/jaxb-impl/2.2.3-1/jaxb-impl-2.2.3-1.jar:/home/senko/.m2/repository/javax/xml/bind/jaxb-api/2.2.2/jaxb-api-2.2.2.jar:/home/senko/.m2/repository/javax/xml/stream/stax-api/1.0-2/stax-api-1.0-2.jar:/home/senko/.m2/repository/javax/activation/activation/1.1/activation-1.1.jar:/home/senko/.m2/repository/org/codehaus/jackson/jackson-jaxrs/1.8.3/jackson-jaxrs-1.8.3.jar:/home/senko/.m2/repository/org/codehaus/jackson/jackson-xc/1.8.3/jacks
Launcher Type: SUN_STANDARD

Environment Variables:
JAVA_HOME=/usr/lib/jvm/java-8-openjdk-amd64/
PATH=/usr/local/sbin:/usr/local/bin:/usr/sbin:/usr/bin:/sbin:/bin:/usr/games:/usr/local/games:/snap/bin
SHELL=/bin/bash
DISPLAY=:0

Signal Handlers:
SIGSEGV: [libjvm.so+0xa1a820], sa_mask[0]=11111111011111111101111111111110, sa_flags=SA_RESTART|SA_SIGINFO
SIGBUS: [libjvm.so+0xa1a820], sa_mask[0]=11111111011111111101111111111110, sa_flags=SA_RESTART|SA_SIGINFO
SIGFPE: [libjvm.so+0x87b4b0], sa_mask[0]=11111111011111111101111111111110, sa_flags=SA_RESTART|SA_SIGINFO
SIGPIPE: [libjvm.so+0x87b4b0], sa_mask[0]=11111111011111111101111111111110, sa_flags=SA_RESTART|SA_SIGINFO
SIGXFSZ: [libjvm.so+0x87b4b0], sa_mask[0]=11111111011111111101111111111110, sa_flags=SA_RESTART|SA_SIGINFO
SIGILL: [libjvm.so+0x87b4b0], sa_mask[0]=11111111011111111101111111111110, sa_flags=SA_RESTART|SA_SIGINFO
SIGUSR1: SIG_DFL, sa_mask[0]=00000000000000000000000000000000, sa_flags=none
SIGUSR2: [libjvm.so+0x87b350], sa_mask[0]=00100000000000000000000000000000, sa_flags=SA_RESTART|SA_SIGINFO
SIGHUP: SIG_DFL, sa_mask[0]=00000000000000000000000000000000, sa_flags=none
SIGINT: SIG_DFL, sa_mask[0]=00000000000000000000000000000000, sa_flags=none
SIGTERM: SIG_DFL, sa_mask[0]=00000000000000000000000000000000, sa_flags=none
SIGQUIT: SIG_DFL, sa_mask[0]=00000000000000000000000000000000, sa_flags=none


---------------  S Y S T E M  ---------------

OS:DISTRIB_ID=Ubuntu
DISTRIB_RELEASE=18.10
DISTRIB_CODENAME=cosmic
DISTRIB_DESCRIPTION="Ubuntu 18.10"

uname:Linux 4.18.0-20-generic #21-Ubuntu SMP Mon May 6 18:45:52 UTC 2019 x86_64
libc:glibc 2.28 NPTL 2.28 
rlimit: STACK 8192k, CORE 0k, NPROC 15424, NOFILE 1048576, AS infinity
load average:0.58 0.55 0.39

/proc/meminfo:
MemTotal:        4015472 kB
MemFree:          168824 kB
MemAvailable:     326660 kB
Buffers:           24568 kB
Cached:           399684 kB
SwapCached:            0 kB
Active:          2795792 kB
Inactive:         268228 kB
Active(anon):    2650588 kB
Inactive(anon):    74760 kB
Active(file):     145204 kB
Inactive(file):   193468 kB
Unevictable:          32 kB
Mlocked:              32 kB
SwapTotal:             0 kB
SwapFree:              0 kB
Dirty:               240 kB
Writeback:             0 kB
AnonPages:       2639804 kB
Mapped:           299080 kB
Shmem:             85576 kB
Slab:             162552 kB
SReclaimable:      48124 kB
SUnreclaim:       114428 kB
KernelStack:       14604 kB
PageTables:        50356 kB
NFS_Unstable:          0 kB
Bounce:                0 kB
WritebackTmp:          0 kB
CommitLimit:     2007736 kB
Committed_AS:    9493108 kB
VmallocTotal:   34359738367 kB
VmallocUsed:           0 kB
VmallocChunk:          0 kB
HardwareCorrupted:     0 kB
AnonHugePages:         0 kB
ShmemHugePages:        0 kB
ShmemPmdMapped:        0 kB
CmaTotal:              0 kB
CmaFree:               0 kB
HugePages_Total:       0
HugePages_Free:        0
HugePages_Rsvd:        0
HugePages_Surp:        0
Hugepagesize:       2048 kB
Hugetlb:               0 kB
DirectMap4k:      288576 kB
DirectMap2M:     3905536 kB
DirectMap1G:     2097152 kB

container (cgroup) information:
container_type: cgroupv1
cpu_cpuset_cpus: 0-1
cpu_memory_nodes: 0
active_processor_count: 2
cpu_quota: -1
cpu_period: 100000
cpu_shares: -1
memory_limit_in_bytes: -1
memory_and_swap_limit_in_bytes: -2
memory_soft_limit_in_bytes: -1
memory_usage_in_bytes: 3113398272
memory_max_usage_in_bytes: 3384934400


CPU:total 2 (initial active 2) (2 cores per cpu, 1 threads per core) family 6 model 158 stepping 10, cmov, cx8, fxsr, mmx, sse, sse2, sse3, ssse3, sse4.1, sse4.2, popcnt, avx, avx2, aes, clmul, erms, 3dnowpref, lzcnt, tsc, tscinvbit, bmi1, bmi2, adx

/proc/cpuinfo:
processor	: 0
vendor_id	: GenuineIntel
cpu family	: 6
model		: 158
model name	: Intel(R) Core(TM) i7-8750H CPU @ 2.20GHz
stepping	: 10
microcode	: 0x96
cpu MHz		: 2207.999
cache size	: 9216 KB
physical id	: 0
siblings	: 2
core id		: 0
cpu cores	: 2
apicid		: 0
initial apicid	: 0
fpu		: yes
fpu_exception	: yes
cpuid level	: 22
wp		: yes
flags		: fpu vme de pse tsc msr pae mce cx8 apic sep mtrr pge mca cmov pat pse36 clflush mmx fxsr sse sse2 ss ht syscall nx pdpe1gb rdtscp lm constant_tsc arch_perfmon nopl xtopology tsc_reliable nonstop_tsc cpuid pni pclmulqdq ssse3 fma cx16 pcid sse4_1 sse4_2 x2apic movbe popcnt tsc_deadline_timer aes xsave avx f16c rdrand hypervisor lahf_lm abm 3dnowprefetch cpuid_fault invpcid_single pti ssbd ibrs ibpb stibp fsgsbase tsc_adjust bmi1 avx2 smep bmi2 invpcid mpx rdseed adx smap clflushopt xsaveopt xsavec xsaves arat flush_l1d arch_capabilities
bugs		: cpu_meltdown spectre_v1 spectre_v2 spec_store_bypass l1tf mds
bogomips	: 4415.99
clflush size	: 64
cache_alignment	: 64
address sizes	: 43 bits physical, 48 bits virtual
power management:

processor	: 1
vendor_id	: GenuineIntel
cpu family	: 6
model		: 158
model name	: Intel(R) Core(TM) i7-8750H CPU @ 2.20GHz
stepping	: 10
microcode	: 0x96
cpu MHz		: 2207.999
cache size	: 9216 KB
physical id	: 0
siblings	: 2
core id		: 1
cpu cores	: 2
apicid		: 1
initial apicid	: 1
fpu		: yes
fpu_exception	: yes
cpuid level	: 22
wp		: yes
flags		: fpu vme de pse tsc msr pae mce cx8 apic sep mtrr pge mca cmov pat pse36 clflush mmx fxsr sse sse2 ss ht syscall nx pdpe1gb rdtscp lm constant_tsc arch_perfmon nopl xtopology tsc_reliable nonstop_tsc cpuid pni pclmulqdq ssse3 fma cx16 pcid sse4_1 sse4_2 x2apic movbe popcnt tsc_deadline_timer aes xsave avx f16c rdrand hypervisor lahf_lm abm 3dnowprefetch cpuid_fault invpcid_single pti ssbd ibrs ibpb stibp fsgsbase tsc_adjust bmi1 avx2 smep bmi2 invpcid mpx rdseed adx smap clflushopt xsaveopt xsavec xsaves arat flush_l1d arch_capabilities
bugs		: cpu_meltdown spectre_v1 spectre_v2 spec_store_bypass l1tf mds
bogomips	: 4415.99
clflush size	: 64
cache_alignment	: 64
address sizes	: 43 bits physical, 48 bits virtual
power management:



Memory: 4k page, physical 4015472k(168700k free), swap 0k(0k free)

vm_info: OpenJDK 64-Bit Server VM (25.212-b03) for linux-amd64 JRE (1.8.0_212-8u212-b03-0ubuntu1.18.10.1-b03), built on Apr 26 2019 01:04:36 by "buildd" with gcc 8.2.0

time: Tue May 21 21:42:15 2019
timezone: CEST
elapsed time: 0 seconds (0d 0h 0m 0s)

